{"/Users/astalin/Sources/perso/Locapilot/src/core/store/appStore.ts": {"path":"/Users/astalin/Sources/perso/Locapilot/src/core/store/appStore.ts","statementMap":{"0":{"start":{"line":5,"column":13},"end":{"line":78,"column":null}},"1":{"start":{"line":7,"column":8},"end":{"line":7,"column":null}},"2":{"start":{"line":8,"column":8},"end":{"line":8,"column":null}},"3":{"start":{"line":9,"column":8},"end":{"line":9,"column":null}},"4":{"start":{"line":10,"column":8},"end":{"line":10,"column":null}},"5":{"start":{"line":11,"column":8},"end":{"line":14,"column":null}},"6":{"start":{"line":17,"column":8},"end":{"line":21,"column":null}},"7":{"start":{"line":17,"column":34},"end":{"line":21,"column":4}},"8":{"start":{"line":25,"column":4},"end":{"line":25,"column":null}},"9":{"start":{"line":29,"column":4},"end":{"line":29,"column":null}},"10":{"start":{"line":30,"column":4},"end":{"line":32,"column":null}},"11":{"start":{"line":31,"column":6},"end":{"line":31,"column":null}},"12":{"start":{"line":36,"column":4},"end":{"line":36,"column":null}},"13":{"start":{"line":41,"column":4},"end":{"line":41,"column":null}},"14":{"start":{"line":41,"column":44},"end":{"line":41,"column":65}},"15":{"start":{"line":42,"column":4},"end":{"line":42,"column":null}},"16":{"start":{"line":42,"column":45},"end":{"line":42,"column":67}},"17":{"start":{"line":47,"column":4},"end":{"line":47,"column":null}},"18":{"start":{"line":47,"column":29},"end":{"line":47,"column":null}},"19":{"start":{"line":49,"column":4},"end":{"line":59,"column":null}},"20":{"start":{"line":50,"column":6},"end":{"line":50,"column":null}},"21":{"start":{"line":51,"column":6},"end":{"line":51,"column":null}},"22":{"start":{"line":52,"column":6},"end":{"line":52,"column":null}},"23":{"start":{"line":53,"column":6},"end":{"line":53,"column":null}},"24":{"start":{"line":55,"column":6},"end":{"line":55,"column":null}},"25":{"start":{"line":56,"column":6},"end":{"line":56,"column":null}},"26":{"start":{"line":58,"column":6},"end":{"line":58,"column":null}},"27":{"start":{"line":62,"column":2},"end":{"line":77,"column":null}}},"fnMap":{"0":{"name":"(anonymous_0)","decl":{"start":{"line":5,"column":46},"end":{"line":5,"column":52}},"loc":{"start":{"line":5,"column":52},"end":{"line":78,"column":1}},"line":5},"1":{"name":"(anonymous_1)","decl":{"start":{"line":17,"column":27},"end":{"line":17,"column":34}},"loc":{"start":{"line":17,"column":34},"end":{"line":21,"column":4}},"line":17},"2":{"name":"setOnlineStatus","decl":{"start":{"line":24,"column":11},"end":{"line":24,"column":27}},"loc":{"start":{"line":24,"column":44},"end":{"line":26,"column":null}},"line":24},"3":{"name":"showNotification","decl":{"start":{"line":28,"column":11},"end":{"line":28,"column":28}},"loc":{"start":{"line":28,"column":102},"end":{"line":33,"column":null}},"line":28},"4":{"name":"(anonymous_4)","decl":{"start":{"line":30,"column":15},"end":{"line":30,"column":21}},"loc":{"start":{"line":30,"column":21},"end":{"line":32,"column":7}},"line":30},"5":{"name":"setLoading","decl":{"start":{"line":35,"column":11},"end":{"line":35,"column":22}},"loc":{"start":{"line":35,"column":39},"end":{"line":37,"column":null}},"line":35},"6":{"name":"initializeNetworkListeners","decl":{"start":{"line":40,"column":11},"end":{"line":40,"column":40}},"loc":{"start":{"line":40,"column":40},"end":{"line":43,"column":null}},"line":40},"7":{"name":"(anonymous_7)","decl":{"start":{"line":41,"column":38},"end":{"line":41,"column":44}},"loc":{"start":{"line":41,"column":44},"end":{"line":41,"column":65}},"line":41},"8":{"name":"(anonymous_8)","decl":{"start":{"line":42,"column":39},"end":{"line":42,"column":45}},"loc":{"start":{"line":42,"column":45},"end":{"line":42,"column":67}},"line":42},"9":{"name":"initializeApp","decl":{"start":{"line":46,"column":17},"end":{"line":46,"column":33}},"loc":{"start":{"line":46,"column":33},"end":{"line":60,"column":null}},"line":46}},"branchMap":{"0":{"loc":{"start":{"line":28,"column":45},"end":{"line":28,"column":102}},"type":"default-arg","locations":[{"start":{"line":28,"column":94},"end":{"line":28,"column":102}}],"line":28},"1":{"loc":{"start":{"line":47,"column":4},"end":{"line":47,"column":null}},"type":"if","locations":[{"start":{"line":47,"column":4},"end":{"line":47,"column":null}},{"start":{},"end":{}}],"line":47}},"s":{"0":1,"1":11,"2":11,"3":11,"4":11,"5":11,"6":11,"7":1,"8":2,"9":4,"10":4,"11":1,"12":8,"13":1,"14":0,"15":1,"16":0,"17":4,"18":1,"19":3,"20":3,"21":3,"22":2,"23":2,"24":1,"25":1,"26":3,"27":11},"f":{"0":11,"1":1,"2":2,"3":4,"4":1,"5":8,"6":1,"7":0,"8":0,"9":4},"b":{"0":[4],"1":[1,3]},"meta":{"lastBranch":2,"lastFunction":10,"lastStatement":28,"seen":{"s:5:13:78:Infinity":0,"f:5:46:5:52":0,"s:7:8:7:Infinity":1,"s:8:8:8:Infinity":2,"s:9:8:9:Infinity":3,"s:10:8:10:Infinity":4,"s:11:8:14:Infinity":5,"s:17:8:21:Infinity":6,"f:17:27:17:34":1,"s:17:34:21:4":7,"f:24:11:24:27":2,"s:25:4:25:Infinity":8,"f:28:11:28:28":3,"b:28:94:28:102":0,"s:29:4:29:Infinity":9,"s:30:4:32:Infinity":10,"f:30:15:30:21":4,"s:31:6:31:Infinity":11,"f:35:11:35:22":5,"s:36:4:36:Infinity":12,"f:40:11:40:40":6,"s:41:4:41:Infinity":13,"f:41:38:41:44":7,"s:41:44:41:65":14,"s:42:4:42:Infinity":15,"f:42:39:42:45":8,"s:42:45:42:67":16,"f:46:17:46:33":9,"b:47:4:47:Infinity:undefined:undefined:undefined:undefined":1,"s:47:4:47:Infinity":17,"s:47:29:47:Infinity":18,"s:49:4:59:Infinity":19,"s:50:6:50:Infinity":20,"s:51:6:51:Infinity":21,"s:52:6:52:Infinity":22,"s:53:6:53:Infinity":23,"s:55:6:55:Infinity":24,"s:56:6:56:Infinity":25,"s:58:6:58:Infinity":26,"s:62:2:77:Infinity":27}}}
,"/Users/astalin/Sources/perso/Locapilot/src/features/documents/stores/documentsStore.ts": {"path":"/Users/astalin/Sources/perso/Locapilot/src/features/documents/stores/documentsStore.ts","statementMap":{"0":{"start":{"line":13,"column":13},"end":{"line":231,"column":null}},"1":{"start":{"line":14,"column":32},"end":{"line":20,"column":null}},"2":{"start":{"line":24,"column":32},"end":{"line":25,"column":null}},"3":{"start":{"line":25,"column":6},"end":{"line":25,"column":null}},"4":{"start":{"line":25,"column":34},"end":{"line":25,"column":49}},"5":{"start":{"line":28,"column":34},"end":{"line":31,"column":null}},"6":{"start":{"line":29,"column":6},"end":{"line":31,"column":null}},"7":{"start":{"line":30,"column":13},"end":{"line":30,"column":null}},"8":{"start":{"line":35,"column":28},"end":{"line":35,"column":null}},"9":{"start":{"line":36,"column":6},"end":{"line":36,"column":null}},"10":{"start":{"line":37,"column":6},"end":{"line":39,"column":null}},"11":{"start":{"line":38,"column":21},"end":{"line":38,"column":59}},"12":{"start":{"line":39,"column":24},"end":{"line":39,"column":89}},"13":{"start":{"line":44,"column":6},"end":{"line":44,"column":null}},"14":{"start":{"line":44,"column":41},"end":{"line":44,"column":55}},"15":{"start":{"line":48,"column":45},"end":{"line":54,"column":null}},"16":{"start":{"line":55,"column":6},"end":{"line":57,"column":null}},"17":{"start":{"line":56,"column":8},"end":{"line":56,"column":null}},"18":{"start":{"line":58,"column":6},"end":{"line":58,"column":null}},"19":{"start":{"line":64,"column":6},"end":{"line":64,"column":null}},"20":{"start":{"line":65,"column":6},"end":{"line":65,"column":null}},"21":{"start":{"line":66,"column":6},"end":{"line":73,"column":null}},"22":{"start":{"line":67,"column":8},"end":{"line":67,"column":null}},"23":{"start":{"line":69,"column":8},"end":{"line":69,"column":null}},"24":{"start":{"line":70,"column":8},"end":{"line":70,"column":null}},"25":{"start":{"line":72,"column":8},"end":{"line":72,"column":null}},"26":{"start":{"line":77,"column":6},"end":{"line":77,"column":null}},"27":{"start":{"line":78,"column":6},"end":{"line":78,"column":null}},"28":{"start":{"line":79,"column":6},"end":{"line":91,"column":null}},"29":{"start":{"line":80,"column":25},"end":{"line":80,"column":null}},"30":{"start":{"line":81,"column":8},"end":{"line":85,"column":null}},"31":{"start":{"line":82,"column":10},"end":{"line":82,"column":null}},"32":{"start":{"line":84,"column":10},"end":{"line":84,"column":null}},"33":{"start":{"line":87,"column":8},"end":{"line":87,"column":null}},"34":{"start":{"line":88,"column":8},"end":{"line":88,"column":null}},"35":{"start":{"line":90,"column":8},"end":{"line":90,"column":null}},"36":{"start":{"line":98,"column":6},"end":{"line":98,"column":null}},"37":{"start":{"line":99,"column":6},"end":{"line":99,"column":null}},"38":{"start":{"line":100,"column":6},"end":{"line":100,"column":null}},"39":{"start":{"line":102,"column":6},"end":{"line":143,"column":null}},"40":{"start":{"line":104,"column":33},"end":{"line":108,"column":null}},"41":{"start":{"line":105,"column":10},"end":{"line":107,"column":null}},"42":{"start":{"line":106,"column":12},"end":{"line":106,"column":null}},"43":{"start":{"line":111,"column":21},"end":{"line":111,"column":null}},"44":{"start":{"line":113,"column":8},"end":{"line":113,"column":null}},"45":{"start":{"line":114,"column":8},"end":{"line":114,"column":null}},"46":{"start":{"line":116,"column":20},"end":{"line":116,"column":null}},"47":{"start":{"line":118,"column":50},"end":{"line":126,"column":null}},"48":{"start":{"line":128,"column":19},"end":{"line":128,"column":null}},"49":{"start":{"line":129,"column":30},"end":{"line":129,"column":null}},"50":{"start":{"line":130,"column":8},"end":{"line":132,"column":null}},"51":{"start":{"line":131,"column":10},"end":{"line":131,"column":null}},"52":{"start":{"line":133,"column":8},"end":{"line":133,"column":null}},"53":{"start":{"line":135,"column":8},"end":{"line":135,"column":null}},"54":{"start":{"line":137,"column":8},"end":{"line":137,"column":null}},"55":{"start":{"line":138,"column":8},"end":{"line":138,"column":null}},"56":{"start":{"line":139,"column":8},"end":{"line":139,"column":null}},"57":{"start":{"line":140,"column":8},"end":{"line":140,"column":null}},"58":{"start":{"line":142,"column":8},"end":{"line":142,"column":null}},"59":{"start":{"line":147,"column":6},"end":{"line":147,"column":null}},"60":{"start":{"line":148,"column":6},"end":{"line":148,"column":null}},"61":{"start":{"line":149,"column":6},"end":{"line":169,"column":null}},"62":{"start":{"line":150,"column":8},"end":{"line":153,"column":null}},"63":{"start":{"line":155,"column":22},"end":{"line":155,"column":null}},"64":{"start":{"line":155,"column":64},"end":{"line":155,"column":75}},"65":{"start":{"line":156,"column":8},"end":{"line":158,"column":null}},"66":{"start":{"line":157,"column":10},"end":{"line":157,"column":null}},"67":{"start":{"line":160,"column":8},"end":{"line":162,"column":null}},"68":{"start":{"line":161,"column":10},"end":{"line":161,"column":null}},"69":{"start":{"line":164,"column":8},"end":{"line":164,"column":null}},"70":{"start":{"line":165,"column":8},"end":{"line":165,"column":null}},"71":{"start":{"line":166,"column":8},"end":{"line":166,"column":null}},"72":{"start":{"line":168,"column":8},"end":{"line":168,"column":null}},"73":{"start":{"line":173,"column":6},"end":{"line":173,"column":null}},"74":{"start":{"line":174,"column":6},"end":{"line":174,"column":null}},"75":{"start":{"line":175,"column":6},"end":{"line":187,"column":null}},"76":{"start":{"line":176,"column":8},"end":{"line":176,"column":null}},"77":{"start":{"line":177,"column":8},"end":{"line":177,"column":null}},"78":{"start":{"line":177,"column":64},"end":{"line":177,"column":75}},"79":{"start":{"line":178,"column":8},"end":{"line":180,"column":null}},"80":{"start":{"line":179,"column":10},"end":{"line":179,"column":null}},"81":{"start":{"line":182,"column":8},"end":{"line":182,"column":null}},"82":{"start":{"line":183,"column":8},"end":{"line":183,"column":null}},"83":{"start":{"line":184,"column":8},"end":{"line":184,"column":null}},"84":{"start":{"line":186,"column":8},"end":{"line":186,"column":null}},"85":{"start":{"line":191,"column":6},"end":{"line":216,"column":null}},"86":{"start":{"line":192,"column":25},"end":{"line":192,"column":null}},"87":{"start":{"line":193,"column":8},"end":{"line":196,"column":null}},"88":{"start":{"line":194,"column":10},"end":{"line":194,"column":null}},"89":{"start":{"line":195,"column":10},"end":{"line":195,"column":null}},"90":{"start":{"line":199,"column":21},"end":{"line":199,"column":null}},"91":{"start":{"line":200,"column":20},"end":{"line":200,"column":null}},"92":{"start":{"line":203,"column":18},"end":{"line":203,"column":null}},"93":{"start":{"line":204,"column":8},"end":{"line":204,"column":null}},"94":{"start":{"line":205,"column":8},"end":{"line":205,"column":null}},"95":{"start":{"line":206,"column":8},"end":{"line":206,"column":null}},"96":{"start":{"line":207,"column":8},"end":{"line":207,"column":null}},"97":{"start":{"line":208,"column":8},"end":{"line":208,"column":null}},"98":{"start":{"line":211,"column":8},"end":{"line":211,"column":null}},"99":{"start":{"line":213,"column":8},"end":{"line":213,"column":null}},"100":{"start":{"line":214,"column":8},"end":{"line":214,"column":null}},"101":{"start":{"line":215,"column":8},"end":{"line":215,"column":null}},"102":{"start":{"line":220,"column":6},"end":{"line":220,"column":null}},"103":{"start":{"line":220,"column":23},"end":{"line":220,"column":null}},"104":{"start":{"line":221,"column":16},"end":{"line":221,"column":null}},"105":{"start":{"line":222,"column":20},"end":{"line":222,"column":null}},"106":{"start":{"line":223,"column":16},"end":{"line":223,"column":null}},"107":{"start":{"line":224,"column":6},"end":{"line":224,"column":null}},"108":{"start":{"line":228,"column":6},"end":{"line":228,"column":null}}},"fnMap":{"0":{"name":"(anonymous_0)","decl":{"start":{"line":14,"column":9},"end":{"line":14,"column":32}},"loc":{"start":{"line":14,"column":32},"end":{"line":20,"column":null}},"line":14},"1":{"name":"(anonymous_1)","decl":{"start":{"line":24,"column":21},"end":{"line":24,"column":22}},"loc":{"start":{"line":24,"column":32},"end":{"line":25,"column":null}},"line":24},"2":{"name":"(anonymous_2)","decl":{"start":{"line":24,"column":32},"end":{"line":24,"column":33}},"loc":{"start":{"line":25,"column":6},"end":{"line":25,"column":null}},"line":25},"3":{"name":"(anonymous_3)","decl":{"start":{"line":25,"column":29},"end":{"line":25,"column":34}},"loc":{"start":{"line":25,"column":34},"end":{"line":25,"column":49}},"line":25},"4":{"name":"(anonymous_4)","decl":{"start":{"line":28,"column":23},"end":{"line":28,"column":24}},"loc":{"start":{"line":28,"column":34},"end":{"line":31,"column":null}},"line":28},"5":{"name":"(anonymous_5)","decl":{"start":{"line":28,"column":34},"end":{"line":28,"column":35}},"loc":{"start":{"line":29,"column":6},"end":{"line":31,"column":null}},"line":29},"6":{"name":"(anonymous_6)","decl":{"start":{"line":30,"column":8},"end":{"line":30,"column":13}},"loc":{"start":{"line":30,"column":13},"end":{"line":30,"column":null}},"line":30},"7":{"name":"(anonymous_7)","decl":{"start":{"line":34,"column":21},"end":{"line":34,"column":22}},"loc":{"start":{"line":34,"column":32},"end":{"line":40,"column":null}},"line":34},"8":{"name":"(anonymous_8)","decl":{"start":{"line":38,"column":16},"end":{"line":38,"column":21}},"loc":{"start":{"line":38,"column":21},"end":{"line":38,"column":59}},"line":38},"9":{"name":"(anonymous_9)","decl":{"start":{"line":39,"column":14},"end":{"line":39,"column":15}},"loc":{"start":{"line":39,"column":24},"end":{"line":39,"column":89}},"line":39},"10":{"name":"(anonymous_10)","decl":{"start":{"line":43,"column":15},"end":{"line":43,"column":16}},"loc":{"start":{"line":44,"column":6},"end":{"line":44,"column":null}},"line":44},"11":{"name":"(anonymous_11)","decl":{"start":{"line":44,"column":29},"end":{"line":44,"column":30}},"loc":{"start":{"line":44,"column":41},"end":{"line":44,"column":55}},"line":44},"12":{"name":"(anonymous_12)","decl":{"start":{"line":47,"column":20},"end":{"line":47,"column":21}},"loc":{"start":{"line":47,"column":31},"end":{"line":59,"column":null}},"line":47},"13":{"name":"(anonymous_13)","decl":{"start":{"line":55,"column":30},"end":{"line":55,"column":35}},"loc":{"start":{"line":55,"column":35},"end":{"line":57,"column":7}},"line":55},"14":{"name":"(anonymous_14)","decl":{"start":{"line":63,"column":10},"end":{"line":63,"column":27}},"loc":{"start":{"line":63,"column":27},"end":{"line":74,"column":null}},"line":63},"15":{"name":"(anonymous_15)","decl":{"start":{"line":76,"column":10},"end":{"line":76,"column":28}},"loc":{"start":{"line":76,"column":40},"end":{"line":92,"column":null}},"line":76},"16":{"name":"(anonymous_16)","decl":{"start":{"line":94,"column":10},"end":{"line":94,"column":null}},"loc":{"start":{"line":97,"column":6},"end":{"line":144,"column":null}},"line":97},"17":{"name":"(anonymous_17)","decl":{"start":{"line":104,"column":45},"end":{"line":104,"column":51}},"loc":{"start":{"line":104,"column":51},"end":{"line":108,"column":11}},"line":104},"18":{"name":"(anonymous_18)","decl":{"start":{"line":146,"column":10},"end":{"line":146,"column":25}},"loc":{"start":{"line":146,"column":100},"end":{"line":170,"column":null}},"line":146},"19":{"name":"(anonymous_19)","decl":{"start":{"line":155,"column":47},"end":{"line":155,"column":48}},"loc":{"start":{"line":155,"column":64},"end":{"line":155,"column":75}},"line":155},"20":{"name":"(anonymous_20)","decl":{"start":{"line":172,"column":10},"end":{"line":172,"column":25}},"loc":{"start":{"line":172,"column":37},"end":{"line":188,"column":null}},"line":172},"21":{"name":"(anonymous_21)","decl":{"start":{"line":177,"column":47},"end":{"line":177,"column":48}},"loc":{"start":{"line":177,"column":64},"end":{"line":177,"column":75}},"line":177},"22":{"name":"(anonymous_22)","decl":{"start":{"line":190,"column":10},"end":{"line":190,"column":27}},"loc":{"start":{"line":190,"column":39},"end":{"line":217,"column":null}},"line":190},"23":{"name":"(anonymous_23)","decl":{"start":{"line":219,"column":4},"end":{"line":219,"column":19}},"loc":{"start":{"line":219,"column":42},"end":{"line":225,"column":null}},"line":219},"24":{"name":"(anonymous_24)","decl":{"start":{"line":227,"column":4},"end":{"line":227,"column":17}},"loc":{"start":{"line":227,"column":17},"end":{"line":229,"column":null}},"line":227}},"branchMap":{"0":{"loc":{"start":{"line":30,"column":13},"end":{"line":30,"column":null}},"type":"binary-expr","locations":[{"start":{"line":30,"column":13},"end":{"line":30,"column":51}},{"start":{"line":30,"column":51},"end":{"line":30,"column":null}}],"line":30},"1":{"loc":{"start":{"line":56,"column":26},"end":{"line":56,"column":49}},"type":"binary-expr","locations":[{"start":{"line":56,"column":26},"end":{"line":56,"column":44}},{"start":{"line":56,"column":44},"end":{"line":56,"column":49}}],"line":56},"2":{"loc":{"start":{"line":81,"column":8},"end":{"line":85,"column":null}},"type":"if","locations":[{"start":{"line":81,"column":8},"end":{"line":85,"column":null}},{"start":{"line":83,"column":15},"end":{"line":85,"column":null}}],"line":81},"3":{"loc":{"start":{"line":105,"column":10},"end":{"line":107,"column":null}},"type":"if","locations":[{"start":{"line":105,"column":10},"end":{"line":107,"column":null}},{"start":{},"end":{}}],"line":105},"4":{"loc":{"start":{"line":130,"column":8},"end":{"line":132,"column":null}},"type":"if","locations":[{"start":{"line":130,"column":8},"end":{"line":132,"column":null}},{"start":{},"end":{}}],"line":130},"5":{"loc":{"start":{"line":156,"column":8},"end":{"line":158,"column":null}},"type":"if","locations":[{"start":{"line":156,"column":8},"end":{"line":158,"column":null}},{"start":{},"end":{}}],"line":156},"6":{"loc":{"start":{"line":160,"column":8},"end":{"line":162,"column":null}},"type":"if","locations":[{"start":{"line":160,"column":8},"end":{"line":162,"column":null}},{"start":{},"end":{}}],"line":160},"7":{"loc":{"start":{"line":178,"column":8},"end":{"line":180,"column":null}},"type":"if","locations":[{"start":{"line":178,"column":8},"end":{"line":180,"column":null}},{"start":{},"end":{}}],"line":178},"8":{"loc":{"start":{"line":193,"column":8},"end":{"line":196,"column":null}},"type":"if","locations":[{"start":{"line":193,"column":8},"end":{"line":196,"column":null}},{"start":{},"end":{}}],"line":193},"9":{"loc":{"start":{"line":220,"column":6},"end":{"line":220,"column":null}},"type":"if","locations":[{"start":{"line":220,"column":6},"end":{"line":220,"column":null}},{"start":{},"end":{}}],"line":220}},"s":{"0":1,"1":9,"2":1,"3":1,"4":3,"5":1,"6":1,"7":3,"8":0,"9":0,"10":0,"11":0,"12":0,"13":1,"14":3,"15":1,"16":1,"17":4,"18":1,"19":1,"20":1,"21":1,"22":1,"23":0,"24":0,"25":1,"26":0,"27":0,"28":0,"29":0,"30":0,"31":0,"32":0,"33":0,"34":0,"35":0,"36":1,"37":1,"38":1,"39":1,"40":1,"41":0,"42":0,"43":1,"44":1,"45":1,"46":1,"47":1,"48":1,"49":1,"50":1,"51":1,"52":1,"53":1,"54":0,"55":0,"56":0,"57":0,"58":1,"59":1,"60":1,"61":1,"62":1,"63":1,"64":1,"65":1,"66":1,"67":1,"68":0,"69":0,"70":0,"71":0,"72":1,"73":1,"74":1,"75":1,"76":1,"77":1,"78":2,"79":1,"80":0,"81":0,"82":0,"83":0,"84":1,"85":0,"86":0,"87":0,"88":0,"89":0,"90":0,"91":0,"92":0,"93":0,"94":0,"95":0,"96":0,"97":0,"98":0,"99":0,"100":0,"101":0,"102":0,"103":0,"104":0,"105":0,"106":0,"107":0,"108":0},"f":{"0":9,"1":1,"2":1,"3":3,"4":1,"5":1,"6":3,"7":0,"8":0,"9":0,"10":1,"11":3,"12":1,"13":4,"14":1,"15":0,"16":1,"17":0,"18":1,"19":1,"20":1,"21":2,"22":0,"23":0,"24":0},"b":{"0":[3,2],"1":[4,3],"2":[0,0],"3":[0,0],"4":[1,0],"5":[1,0],"6":[0,1],"7":[0,1],"8":[0,0],"9":[0,0]},"meta":{"lastBranch":10,"lastFunction":25,"lastStatement":109,"seen":{"s:13:13:231:Infinity":0,"f:14:9:14:32":0,"s:14:32:20:Infinity":1,"f:24:21:24:22":1,"s:24:32:25:Infinity":2,"f:24:32:24:33":2,"s:25:6:25:Infinity":3,"f:25:29:25:34":3,"s:25:34:25:49":4,"f:28:23:28:24":4,"s:28:34:31:Infinity":5,"f:28:34:28:35":5,"s:29:6:31:Infinity":6,"f:30:8:30:13":6,"s:30:13:30:Infinity":7,"b:30:13:30:51:30:51:30:Infinity":0,"f:34:21:34:22":7,"s:35:28:35:Infinity":8,"s:36:6:36:Infinity":9,"s:37:6:39:Infinity":10,"f:38:16:38:21":8,"s:38:21:38:59":11,"f:39:14:39:15":9,"s:39:24:39:89":12,"f:43:15:43:16":10,"s:44:6:44:Infinity":13,"f:44:29:44:30":11,"s:44:41:44:55":14,"f:47:20:47:21":12,"s:48:45:54:Infinity":15,"s:55:6:57:Infinity":16,"f:55:30:55:35":13,"s:56:8:56:Infinity":17,"b:56:26:56:44:56:44:56:49":1,"s:58:6:58:Infinity":18,"f:63:10:63:27":14,"s:64:6:64:Infinity":19,"s:65:6:65:Infinity":20,"s:66:6:73:Infinity":21,"s:67:8:67:Infinity":22,"s:69:8:69:Infinity":23,"s:70:8:70:Infinity":24,"s:72:8:72:Infinity":25,"f:76:10:76:28":15,"s:77:6:77:Infinity":26,"s:78:6:78:Infinity":27,"s:79:6:91:Infinity":28,"s:80:25:80:Infinity":29,"b:81:8:85:Infinity:83:15:85:Infinity":2,"s:81:8:85:Infinity":30,"s:82:10:82:Infinity":31,"s:84:10:84:Infinity":32,"s:87:8:87:Infinity":33,"s:88:8:88:Infinity":34,"s:90:8:90:Infinity":35,"f:94:10:94:Infinity":16,"s:98:6:98:Infinity":36,"s:99:6:99:Infinity":37,"s:100:6:100:Infinity":38,"s:102:6:143:Infinity":39,"s:104:33:108:Infinity":40,"f:104:45:104:51":17,"b:105:10:107:Infinity:undefined:undefined:undefined:undefined":3,"s:105:10:107:Infinity":41,"s:106:12:106:Infinity":42,"s:111:21:111:Infinity":43,"s:113:8:113:Infinity":44,"s:114:8:114:Infinity":45,"s:116:20:116:Infinity":46,"s:118:50:126:Infinity":47,"s:128:19:128:Infinity":48,"s:129:30:129:Infinity":49,"b:130:8:132:Infinity:undefined:undefined:undefined:undefined":4,"s:130:8:132:Infinity":50,"s:131:10:131:Infinity":51,"s:133:8:133:Infinity":52,"s:135:8:135:Infinity":53,"s:137:8:137:Infinity":54,"s:138:8:138:Infinity":55,"s:139:8:139:Infinity":56,"s:140:8:140:Infinity":57,"s:142:8:142:Infinity":58,"f:146:10:146:25":18,"s:147:6:147:Infinity":59,"s:148:6:148:Infinity":60,"s:149:6:169:Infinity":61,"s:150:8:153:Infinity":62,"s:155:22:155:Infinity":63,"f:155:47:155:48":19,"s:155:64:155:75":64,"b:156:8:158:Infinity:undefined:undefined:undefined:undefined":5,"s:156:8:158:Infinity":65,"s:157:10:157:Infinity":66,"b:160:8:162:Infinity:undefined:undefined:undefined:undefined":6,"s:160:8:162:Infinity":67,"s:161:10:161:Infinity":68,"s:164:8:164:Infinity":69,"s:165:8:165:Infinity":70,"s:166:8:166:Infinity":71,"s:168:8:168:Infinity":72,"f:172:10:172:25":20,"s:173:6:173:Infinity":73,"s:174:6:174:Infinity":74,"s:175:6:187:Infinity":75,"s:176:8:176:Infinity":76,"s:177:8:177:Infinity":77,"f:177:47:177:48":21,"s:177:64:177:75":78,"b:178:8:180:Infinity:undefined:undefined:undefined:undefined":7,"s:178:8:180:Infinity":79,"s:179:10:179:Infinity":80,"s:182:8:182:Infinity":81,"s:183:8:183:Infinity":82,"s:184:8:184:Infinity":83,"s:186:8:186:Infinity":84,"f:190:10:190:27":22,"s:191:6:216:Infinity":85,"s:192:25:192:Infinity":86,"b:193:8:196:Infinity:undefined:undefined:undefined:undefined":8,"s:193:8:196:Infinity":87,"s:194:10:194:Infinity":88,"s:195:10:195:Infinity":89,"s:199:21:199:Infinity":90,"s:200:20:200:Infinity":91,"s:203:18:203:Infinity":92,"s:204:8:204:Infinity":93,"s:205:8:205:Infinity":94,"s:206:8:206:Infinity":95,"s:207:8:207:Infinity":96,"s:208:8:208:Infinity":97,"s:211:8:211:Infinity":98,"s:213:8:213:Infinity":99,"s:214:8:214:Infinity":100,"s:215:8:215:Infinity":101,"f:219:4:219:19":23,"b:220:6:220:Infinity:undefined:undefined:undefined:undefined":9,"s:220:6:220:Infinity":102,"s:220:23:220:Infinity":103,"s:221:16:221:Infinity":104,"s:222:20:222:Infinity":105,"s:223:16:223:Infinity":106,"s:224:6:224:Infinity":107,"f:227:4:227:17":24,"s:228:6:228:Infinity":108}}}
,"/Users/astalin/Sources/perso/Locapilot/src/features/leases/stores/leasesStore.ts": {"path":"/Users/astalin/Sources/perso/Locapilot/src/features/leases/stores/leasesStore.ts","statementMap":{"0":{"start":{"line":12,"column":13},"end":{"line":183,"column":null}},"1":{"start":{"line":13,"column":29},"end":{"line":18,"column":null}},"2":{"start":{"line":22,"column":29},"end":{"line":22,"column":null}},"3":{"start":{"line":22,"column":54},"end":{"line":22,"column":75}},"4":{"start":{"line":25,"column":28},"end":{"line":25,"column":null}},"5":{"start":{"line":25,"column":53},"end":{"line":25,"column":73}},"6":{"start":{"line":28,"column":30},"end":{"line":28,"column":null}},"7":{"start":{"line":28,"column":55},"end":{"line":28,"column":77}},"8":{"start":{"line":31,"column":33},"end":{"line":32,"column":null}},"9":{"start":{"line":32,"column":6},"end":{"line":32,"column":null}},"10":{"start":{"line":32,"column":31},"end":{"line":32,"column":58}},"11":{"start":{"line":35,"column":31},"end":{"line":36,"column":null}},"12":{"start":{"line":36,"column":6},"end":{"line":36,"column":null}},"13":{"start":{"line":36,"column":31},"end":{"line":36,"column":61}},"14":{"start":{"line":40,"column":20},"end":{"line":40,"column":null}},"15":{"start":{"line":41,"column":25},"end":{"line":41,"column":null}},"16":{"start":{"line":43,"column":6},"end":{"line":47,"column":null}},"17":{"start":{"line":44,"column":8},"end":{"line":44,"column":null}},"18":{"start":{"line":44,"column":49},"end":{"line":44,"column":null}},"19":{"start":{"line":45,"column":24},"end":{"line":45,"column":null}},"20":{"start":{"line":46,"column":8},"end":{"line":46,"column":null}},"21":{"start":{"line":52,"column":27},"end":{"line":52,"column":null}},"22":{"start":{"line":52,"column":52},"end":{"line":52,"column":86}},"23":{"start":{"line":53,"column":6},"end":{"line":53,"column":null}},"24":{"start":{"line":53,"column":37},"end":{"line":53,"column":null}},"25":{"start":{"line":55,"column":26},"end":{"line":60,"column":null}},"26":{"start":{"line":56,"column":22},"end":{"line":56,"column":null}},"27":{"start":{"line":57,"column":20},"end":{"line":57,"column":null}},"28":{"start":{"line":58,"column":14},"end":{"line":58,"column":null}},"29":{"start":{"line":59,"column":8},"end":{"line":59,"column":null}},"30":{"start":{"line":62,"column":6},"end":{"line":62,"column":null}},"31":{"start":{"line":68,"column":6},"end":{"line":68,"column":null}},"32":{"start":{"line":69,"column":6},"end":{"line":69,"column":null}},"33":{"start":{"line":70,"column":6},"end":{"line":77,"column":null}},"34":{"start":{"line":71,"column":8},"end":{"line":71,"column":null}},"35":{"start":{"line":73,"column":8},"end":{"line":73,"column":null}},"36":{"start":{"line":74,"column":8},"end":{"line":74,"column":null}},"37":{"start":{"line":76,"column":8},"end":{"line":76,"column":null}},"38":{"start":{"line":81,"column":6},"end":{"line":81,"column":null}},"39":{"start":{"line":82,"column":6},"end":{"line":82,"column":null}},"40":{"start":{"line":83,"column":6},"end":{"line":95,"column":null}},"41":{"start":{"line":84,"column":22},"end":{"line":84,"column":null}},"42":{"start":{"line":85,"column":8},"end":{"line":89,"column":null}},"43":{"start":{"line":86,"column":10},"end":{"line":86,"column":null}},"44":{"start":{"line":88,"column":10},"end":{"line":88,"column":null}},"45":{"start":{"line":91,"column":8},"end":{"line":91,"column":null}},"46":{"start":{"line":92,"column":8},"end":{"line":92,"column":null}},"47":{"start":{"line":94,"column":8},"end":{"line":94,"column":null}},"48":{"start":{"line":99,"column":6},"end":{"line":99,"column":null}},"49":{"start":{"line":100,"column":6},"end":{"line":100,"column":null}},"50":{"start":{"line":101,"column":6},"end":{"line":119,"column":null}},"51":{"start":{"line":102,"column":20},"end":{"line":102,"column":null}},"52":{"start":{"line":103,"column":44},"end":{"line":107,"column":null}},"53":{"start":{"line":109,"column":19},"end":{"line":109,"column":null}},"54":{"start":{"line":110,"column":29},"end":{"line":110,"column":null}},"55":{"start":{"line":111,"column":8},"end":{"line":111,"column":null}},"56":{"start":{"line":112,"column":8},"end":{"line":112,"column":null}},"57":{"start":{"line":114,"column":8},"end":{"line":114,"column":null}},"58":{"start":{"line":115,"column":8},"end":{"line":115,"column":null}},"59":{"start":{"line":116,"column":8},"end":{"line":116,"column":null}},"60":{"start":{"line":118,"column":8},"end":{"line":118,"column":null}},"61":{"start":{"line":123,"column":6},"end":{"line":123,"column":null}},"62":{"start":{"line":124,"column":6},"end":{"line":124,"column":null}},"63":{"start":{"line":125,"column":6},"end":{"line":151,"column":null}},"64":{"start":{"line":126,"column":30},"end":{"line":129,"column":null}},"65":{"start":{"line":131,"column":8},"end":{"line":131,"column":null}},"66":{"start":{"line":134,"column":29},"end":{"line":134,"column":null}},"67":{"start":{"line":135,"column":8},"end":{"line":144,"column":null}},"68":{"start":{"line":136,"column":24},"end":{"line":136,"column":null}},"69":{"start":{"line":136,"column":51},"end":{"line":136,"column":62}},"70":{"start":{"line":137,"column":10},"end":{"line":139,"column":null}},"71":{"start":{"line":138,"column":12},"end":{"line":138,"column":null}},"72":{"start":{"line":141,"column":10},"end":{"line":143,"column":null}},"73":{"start":{"line":142,"column":12},"end":{"line":142,"column":null}},"74":{"start":{"line":146,"column":8},"end":{"line":146,"column":null}},"75":{"start":{"line":147,"column":8},"end":{"line":147,"column":null}},"76":{"start":{"line":148,"column":8},"end":{"line":148,"column":null}},"77":{"start":{"line":150,"column":8},"end":{"line":150,"column":null}},"78":{"start":{"line":155,"column":6},"end":{"line":155,"column":null}},"79":{"start":{"line":156,"column":6},"end":{"line":156,"column":null}},"80":{"start":{"line":157,"column":6},"end":{"line":169,"column":null}},"81":{"start":{"line":158,"column":8},"end":{"line":158,"column":null}},"82":{"start":{"line":159,"column":8},"end":{"line":159,"column":null}},"83":{"start":{"line":159,"column":46},"end":{"line":159,"column":57}},"84":{"start":{"line":160,"column":8},"end":{"line":162,"column":null}},"85":{"start":{"line":161,"column":10},"end":{"line":161,"column":null}},"86":{"start":{"line":164,"column":8},"end":{"line":164,"column":null}},"87":{"start":{"line":165,"column":8},"end":{"line":165,"column":null}},"88":{"start":{"line":166,"column":8},"end":{"line":166,"column":null}},"89":{"start":{"line":168,"column":8},"end":{"line":168,"column":null}},"90":{"start":{"line":173,"column":6},"end":{"line":176,"column":null}},"91":{"start":{"line":180,"column":6},"end":{"line":180,"column":null}}},"fnMap":{"0":{"name":"(anonymous_0)","decl":{"start":{"line":13,"column":9},"end":{"line":13,"column":29}},"loc":{"start":{"line":13,"column":29},"end":{"line":18,"column":null}},"line":13},"1":{"name":"(anonymous_1)","decl":{"start":{"line":22,"column":18},"end":{"line":22,"column":19}},"loc":{"start":{"line":22,"column":29},"end":{"line":22,"column":null}},"line":22},"2":{"name":"(anonymous_2)","decl":{"start":{"line":22,"column":49},"end":{"line":22,"column":54}},"loc":{"start":{"line":22,"column":54},"end":{"line":22,"column":75}},"line":22},"3":{"name":"(anonymous_3)","decl":{"start":{"line":25,"column":17},"end":{"line":25,"column":18}},"loc":{"start":{"line":25,"column":28},"end":{"line":25,"column":null}},"line":25},"4":{"name":"(anonymous_4)","decl":{"start":{"line":25,"column":48},"end":{"line":25,"column":53}},"loc":{"start":{"line":25,"column":53},"end":{"line":25,"column":73}},"line":25},"5":{"name":"(anonymous_5)","decl":{"start":{"line":28,"column":19},"end":{"line":28,"column":20}},"loc":{"start":{"line":28,"column":30},"end":{"line":28,"column":null}},"line":28},"6":{"name":"(anonymous_6)","decl":{"start":{"line":28,"column":50},"end":{"line":28,"column":55}},"loc":{"start":{"line":28,"column":55},"end":{"line":28,"column":77}},"line":28},"7":{"name":"(anonymous_7)","decl":{"start":{"line":31,"column":22},"end":{"line":31,"column":23}},"loc":{"start":{"line":31,"column":33},"end":{"line":32,"column":null}},"line":31},"8":{"name":"(anonymous_8)","decl":{"start":{"line":31,"column":33},"end":{"line":31,"column":34}},"loc":{"start":{"line":32,"column":6},"end":{"line":32,"column":null}},"line":32},"9":{"name":"(anonymous_9)","decl":{"start":{"line":32,"column":26},"end":{"line":32,"column":31}},"loc":{"start":{"line":32,"column":31},"end":{"line":32,"column":58}},"line":32},"10":{"name":"(anonymous_10)","decl":{"start":{"line":35,"column":20},"end":{"line":35,"column":21}},"loc":{"start":{"line":35,"column":31},"end":{"line":36,"column":null}},"line":35},"11":{"name":"(anonymous_11)","decl":{"start":{"line":35,"column":31},"end":{"line":35,"column":32}},"loc":{"start":{"line":36,"column":6},"end":{"line":36,"column":null}},"line":36},"12":{"name":"(anonymous_12)","decl":{"start":{"line":36,"column":26},"end":{"line":36,"column":31}},"loc":{"start":{"line":36,"column":31},"end":{"line":36,"column":61}},"line":36},"13":{"name":"(anonymous_13)","decl":{"start":{"line":39,"column":20},"end":{"line":39,"column":21}},"loc":{"start":{"line":39,"column":31},"end":{"line":48,"column":null}},"line":39},"14":{"name":"(anonymous_14)","decl":{"start":{"line":43,"column":33},"end":{"line":43,"column":38}},"loc":{"start":{"line":43,"column":38},"end":{"line":47,"column":7}},"line":43},"15":{"name":"(anonymous_15)","decl":{"start":{"line":51,"column":26},"end":{"line":51,"column":27}},"loc":{"start":{"line":51,"column":37},"end":{"line":63,"column":null}},"line":51},"16":{"name":"(anonymous_16)","decl":{"start":{"line":52,"column":47},"end":{"line":52,"column":52}},"loc":{"start":{"line":52,"column":52},"end":{"line":52,"column":86}},"line":52},"17":{"name":"(anonymous_17)","decl":{"start":{"line":55,"column":46},"end":{"line":55,"column":47}},"loc":{"start":{"line":55,"column":58},"end":{"line":60,"column":9}},"line":55},"18":{"name":"(anonymous_18)","decl":{"start":{"line":67,"column":10},"end":{"line":67,"column":24}},"loc":{"start":{"line":67,"column":24},"end":{"line":78,"column":null}},"line":67},"19":{"name":"(anonymous_19)","decl":{"start":{"line":80,"column":10},"end":{"line":80,"column":25}},"loc":{"start":{"line":80,"column":37},"end":{"line":96,"column":null}},"line":80},"20":{"name":"(anonymous_20)","decl":{"start":{"line":98,"column":10},"end":{"line":98,"column":22}},"loc":{"start":{"line":98,"column":76},"end":{"line":120,"column":null}},"line":98},"21":{"name":"(anonymous_21)","decl":{"start":{"line":122,"column":10},"end":{"line":122,"column":22}},"loc":{"start":{"line":122,"column":85},"end":{"line":152,"column":null}},"line":122},"22":{"name":"(anonymous_22)","decl":{"start":{"line":136,"column":46},"end":{"line":136,"column":51}},"loc":{"start":{"line":136,"column":51},"end":{"line":136,"column":62}},"line":136},"23":{"name":"(anonymous_23)","decl":{"start":{"line":154,"column":10},"end":{"line":154,"column":22}},"loc":{"start":{"line":154,"column":34},"end":{"line":170,"column":null}},"line":154},"24":{"name":"(anonymous_24)","decl":{"start":{"line":159,"column":41},"end":{"line":159,"column":46}},"loc":{"start":{"line":159,"column":46},"end":{"line":159,"column":57}},"line":159},"25":{"name":"(anonymous_25)","decl":{"start":{"line":172,"column":10},"end":{"line":172,"column":25}},"loc":{"start":{"line":172,"column":37},"end":{"line":177,"column":null}},"line":172},"26":{"name":"(anonymous_26)","decl":{"start":{"line":179,"column":4},"end":{"line":179,"column":17}},"loc":{"start":{"line":179,"column":17},"end":{"line":181,"column":null}},"line":179}},"branchMap":{"0":{"loc":{"start":{"line":44,"column":8},"end":{"line":44,"column":null}},"type":"if","locations":[{"start":{"line":44,"column":8},"end":{"line":44,"column":null}},{"start":{},"end":{}}],"line":44},"1":{"loc":{"start":{"line":44,"column":12},"end":{"line":44,"column":49}},"type":"binary-expr","locations":[{"start":{"line":44,"column":12},"end":{"line":44,"column":37}},{"start":{"line":44,"column":37},"end":{"line":44,"column":49}}],"line":44},"2":{"loc":{"start":{"line":46,"column":15},"end":{"line":46,"column":null}},"type":"binary-expr","locations":[{"start":{"line":46,"column":15},"end":{"line":46,"column":35}},{"start":{"line":46,"column":35},"end":{"line":46,"column":null}}],"line":46},"3":{"loc":{"start":{"line":52,"column":52},"end":{"line":52,"column":86}},"type":"binary-expr","locations":[{"start":{"line":52,"column":52},"end":{"line":52,"column":77}},{"start":{"line":52,"column":77},"end":{"line":52,"column":86}}],"line":52},"4":{"loc":{"start":{"line":53,"column":6},"end":{"line":53,"column":null}},"type":"if","locations":[{"start":{"line":53,"column":6},"end":{"line":53,"column":null}},{"start":{},"end":{}}],"line":53},"5":{"loc":{"start":{"line":57,"column":20},"end":{"line":57,"column":null}},"type":"cond-expr","locations":[{"start":{"line":57,"column":32},"end":{"line":57,"column":54}},{"start":{"line":57,"column":54},"end":{"line":57,"column":null}}],"line":57},"6":{"loc":{"start":{"line":85,"column":8},"end":{"line":89,"column":null}},"type":"if","locations":[{"start":{"line":85,"column":8},"end":{"line":89,"column":null}},{"start":{"line":87,"column":15},"end":{"line":89,"column":null}}],"line":85},"7":{"loc":{"start":{"line":135,"column":8},"end":{"line":144,"column":null}},"type":"if","locations":[{"start":{"line":135,"column":8},"end":{"line":144,"column":null}},{"start":{},"end":{}}],"line":135},"8":{"loc":{"start":{"line":137,"column":10},"end":{"line":139,"column":null}},"type":"if","locations":[{"start":{"line":137,"column":10},"end":{"line":139,"column":null}},{"start":{},"end":{}}],"line":137},"9":{"loc":{"start":{"line":141,"column":10},"end":{"line":143,"column":null}},"type":"if","locations":[{"start":{"line":141,"column":10},"end":{"line":143,"column":null}},{"start":{},"end":{}}],"line":141},"10":{"loc":{"start":{"line":160,"column":8},"end":{"line":162,"column":null}},"type":"if","locations":[{"start":{"line":160,"column":8},"end":{"line":162,"column":null}},{"start":{},"end":{}}],"line":160}},"s":{"0":1,"1":9,"2":1,"3":3,"4":1,"5":3,"6":1,"7":2,"8":0,"9":0,"10":0,"11":0,"12":0,"13":0,"14":0,"15":0,"16":0,"17":0,"18":0,"19":0,"20":0,"21":0,"22":0,"23":0,"24":0,"25":0,"26":0,"27":0,"28":0,"29":0,"30":0,"31":1,"32":1,"33":1,"34":1,"35":0,"36":0,"37":1,"38":0,"39":0,"40":0,"41":0,"42":0,"43":0,"44":0,"45":0,"46":0,"47":0,"48":1,"49":1,"50":1,"51":1,"52":1,"53":1,"54":1,"55":1,"56":1,"57":0,"58":0,"59":0,"60":1,"61":1,"62":1,"63":1,"64":1,"65":1,"66":1,"67":1,"68":1,"69":1,"70":1,"71":1,"72":1,"73":0,"74":0,"75":0,"76":0,"77":1,"78":1,"79":1,"80":1,"81":1,"82":1,"83":2,"84":1,"85":0,"86":0,"87":0,"88":0,"89":1,"90":0,"91":0},"f":{"0":9,"1":1,"2":3,"3":1,"4":3,"5":1,"6":2,"7":0,"8":0,"9":0,"10":0,"11":0,"12":0,"13":0,"14":0,"15":0,"16":0,"17":0,"18":1,"19":0,"20":1,"21":1,"22":1,"23":1,"24":2,"25":0,"26":0},"b":{"0":[0,0],"1":[0,0],"2":[0,0],"3":[0,0],"4":[0,0],"5":[0,0],"6":[0,0],"7":[1,0],"8":[1,0],"9":[0,1],"10":[0,1]},"meta":{"lastBranch":11,"lastFunction":27,"lastStatement":92,"seen":{"s:12:13:183:Infinity":0,"f:13:9:13:29":0,"s:13:29:18:Infinity":1,"f:22:18:22:19":1,"s:22:29:22:Infinity":2,"f:22:49:22:54":2,"s:22:54:22:75":3,"f:25:17:25:18":3,"s:25:28:25:Infinity":4,"f:25:48:25:53":4,"s:25:53:25:73":5,"f:28:19:28:20":5,"s:28:30:28:Infinity":6,"f:28:50:28:55":6,"s:28:55:28:77":7,"f:31:22:31:23":7,"s:31:33:32:Infinity":8,"f:31:33:31:34":8,"s:32:6:32:Infinity":9,"f:32:26:32:31":9,"s:32:31:32:58":10,"f:35:20:35:21":10,"s:35:31:36:Infinity":11,"f:35:31:35:32":11,"s:36:6:36:Infinity":12,"f:36:26:36:31":12,"s:36:31:36:61":13,"f:39:20:39:21":13,"s:40:20:40:Infinity":14,"s:41:25:41:Infinity":15,"s:43:6:47:Infinity":16,"f:43:33:43:38":14,"b:44:8:44:Infinity:undefined:undefined:undefined:undefined":0,"s:44:8:44:Infinity":17,"b:44:12:44:37:44:37:44:49":1,"s:44:49:44:Infinity":18,"s:45:24:45:Infinity":19,"s:46:8:46:Infinity":20,"b:46:15:46:35:46:35:46:Infinity":2,"f:51:26:51:27":15,"s:52:27:52:Infinity":21,"f:52:47:52:52":16,"s:52:52:52:86":22,"b:52:52:52:77:52:77:52:86":3,"b:53:6:53:Infinity:undefined:undefined:undefined:undefined":4,"s:53:6:53:Infinity":23,"s:53:37:53:Infinity":24,"s:55:26:60:Infinity":25,"f:55:46:55:47":17,"s:56:22:56:Infinity":26,"s:57:20:57:Infinity":27,"b:57:32:57:54:57:54:57:Infinity":5,"s:58:14:58:Infinity":28,"s:59:8:59:Infinity":29,"s:62:6:62:Infinity":30,"f:67:10:67:24":18,"s:68:6:68:Infinity":31,"s:69:6:69:Infinity":32,"s:70:6:77:Infinity":33,"s:71:8:71:Infinity":34,"s:73:8:73:Infinity":35,"s:74:8:74:Infinity":36,"s:76:8:76:Infinity":37,"f:80:10:80:25":19,"s:81:6:81:Infinity":38,"s:82:6:82:Infinity":39,"s:83:6:95:Infinity":40,"s:84:22:84:Infinity":41,"b:85:8:89:Infinity:87:15:89:Infinity":6,"s:85:8:89:Infinity":42,"s:86:10:86:Infinity":43,"s:88:10:88:Infinity":44,"s:91:8:91:Infinity":45,"s:92:8:92:Infinity":46,"s:94:8:94:Infinity":47,"f:98:10:98:22":20,"s:99:6:99:Infinity":48,"s:100:6:100:Infinity":49,"s:101:6:119:Infinity":50,"s:102:20:102:Infinity":51,"s:103:44:107:Infinity":52,"s:109:19:109:Infinity":53,"s:110:29:110:Infinity":54,"s:111:8:111:Infinity":55,"s:112:8:112:Infinity":56,"s:114:8:114:Infinity":57,"s:115:8:115:Infinity":58,"s:116:8:116:Infinity":59,"s:118:8:118:Infinity":60,"f:122:10:122:22":21,"s:123:6:123:Infinity":61,"s:124:6:124:Infinity":62,"s:125:6:151:Infinity":63,"s:126:30:129:Infinity":64,"s:131:8:131:Infinity":65,"s:134:29:134:Infinity":66,"b:135:8:144:Infinity:undefined:undefined:undefined:undefined":7,"s:135:8:144:Infinity":67,"s:136:24:136:Infinity":68,"f:136:46:136:51":22,"s:136:51:136:62":69,"b:137:10:139:Infinity:undefined:undefined:undefined:undefined":8,"s:137:10:139:Infinity":70,"s:138:12:138:Infinity":71,"b:141:10:143:Infinity:undefined:undefined:undefined:undefined":9,"s:141:10:143:Infinity":72,"s:142:12:142:Infinity":73,"s:146:8:146:Infinity":74,"s:147:8:147:Infinity":75,"s:148:8:148:Infinity":76,"s:150:8:150:Infinity":77,"f:154:10:154:22":23,"s:155:6:155:Infinity":78,"s:156:6:156:Infinity":79,"s:157:6:169:Infinity":80,"s:158:8:158:Infinity":81,"s:159:8:159:Infinity":82,"f:159:41:159:46":24,"s:159:46:159:57":83,"b:160:8:162:Infinity:undefined:undefined:undefined:undefined":10,"s:160:8:162:Infinity":84,"s:161:10:161:Infinity":85,"s:164:8:164:Infinity":86,"s:165:8:165:Infinity":87,"s:166:8:166:Infinity":88,"s:168:8:168:Infinity":89,"f:172:10:172:25":25,"s:173:6:176:Infinity":90,"f:179:4:179:17":26,"s:180:6:180:Infinity":91}}}
,"/Users/astalin/Sources/perso/Locapilot/src/features/properties/stores/propertiesStore.ts": {"path":"/Users/astalin/Sources/perso/Locapilot/src/features/properties/stores/propertiesStore.ts","statementMap":{"0":{"start":{"line":6,"column":13},"end":{"line":164,"column":null}},"1":{"start":{"line":8,"column":8},"end":{"line":8,"column":null}},"2":{"start":{"line":9,"column":8},"end":{"line":9,"column":null}},"3":{"start":{"line":10,"column":8},"end":{"line":10,"column":null}},"4":{"start":{"line":11,"column":8},"end":{"line":11,"column":null}},"5":{"start":{"line":14,"column":8},"end":{"line":16,"column":null}},"6":{"start":{"line":15,"column":4},"end":{"line":15,"column":null}},"7":{"start":{"line":15,"column":33},"end":{"line":15,"column":54}},"8":{"start":{"line":18,"column":8},"end":{"line":20,"column":null}},"9":{"start":{"line":19,"column":4},"end":{"line":19,"column":null}},"10":{"start":{"line":19,"column":33},"end":{"line":19,"column":57}},"11":{"start":{"line":22,"column":8},"end":{"line":24,"column":null}},"12":{"start":{"line":23,"column":4},"end":{"line":23,"column":null}},"13":{"start":{"line":23,"column":33},"end":{"line":23,"column":59}},"14":{"start":{"line":26,"column":8},"end":{"line":28,"column":null}},"15":{"start":{"line":27,"column":4},"end":{"line":27,"column":null}},"16":{"start":{"line":27,"column":48},"end":{"line":27,"column":69}},"17":{"start":{"line":30,"column":8},"end":{"line":34,"column":null}},"18":{"start":{"line":31,"column":18},"end":{"line":31,"column":null}},"19":{"start":{"line":32,"column":4},"end":{"line":32,"column":null}},"20":{"start":{"line":32,"column":21},"end":{"line":32,"column":null}},"21":{"start":{"line":33,"column":4},"end":{"line":33,"column":null}},"22":{"start":{"line":36,"column":8},"end":{"line":44,"column":null}},"23":{"start":{"line":37,"column":4},"end":{"line":43,"column":null}},"24":{"start":{"line":38,"column":6},"end":{"line":40,"column":null}},"25":{"start":{"line":39,"column":8},"end":{"line":39,"column":null}},"26":{"start":{"line":41,"column":6},"end":{"line":41,"column":null}},"27":{"start":{"line":42,"column":6},"end":{"line":42,"column":null}},"28":{"start":{"line":48,"column":4},"end":{"line":48,"column":null}},"29":{"start":{"line":49,"column":4},"end":{"line":49,"column":null}},"30":{"start":{"line":50,"column":4},"end":{"line":57,"column":null}},"31":{"start":{"line":51,"column":6},"end":{"line":51,"column":null}},"32":{"start":{"line":53,"column":6},"end":{"line":53,"column":null}},"33":{"start":{"line":54,"column":6},"end":{"line":54,"column":null}},"34":{"start":{"line":56,"column":6},"end":{"line":56,"column":null}},"35":{"start":{"line":61,"column":4},"end":{"line":61,"column":null}},"36":{"start":{"line":62,"column":4},"end":{"line":62,"column":null}},"37":{"start":{"line":63,"column":4},"end":{"line":73,"column":null}},"38":{"start":{"line":64,"column":6},"end":{"line":64,"column":null}},"39":{"start":{"line":65,"column":6},"end":{"line":67,"column":null}},"40":{"start":{"line":66,"column":8},"end":{"line":66,"column":null}},"41":{"start":{"line":69,"column":6},"end":{"line":69,"column":null}},"42":{"start":{"line":70,"column":6},"end":{"line":70,"column":null}},"43":{"start":{"line":72,"column":6},"end":{"line":72,"column":null}},"44":{"start":{"line":77,"column":4},"end":{"line":77,"column":null}},"45":{"start":{"line":78,"column":4},"end":{"line":78,"column":null}},"46":{"start":{"line":79,"column":4},"end":{"line":93,"column":null}},"47":{"start":{"line":80,"column":17},"end":{"line":84,"column":null}},"48":{"start":{"line":85,"column":6},"end":{"line":85,"column":null}},"49":{"start":{"line":86,"column":6},"end":{"line":86,"column":null}},"50":{"start":{"line":88,"column":6},"end":{"line":88,"column":null}},"51":{"start":{"line":89,"column":6},"end":{"line":89,"column":null}},"52":{"start":{"line":90,"column":6},"end":{"line":90,"column":null}},"53":{"start":{"line":92,"column":6},"end":{"line":92,"column":null}},"54":{"start":{"line":97,"column":4},"end":{"line":97,"column":null}},"55":{"start":{"line":98,"column":4},"end":{"line":98,"column":null}},"56":{"start":{"line":99,"column":4},"end":{"line":116,"column":null}},"57":{"start":{"line":100,"column":6},"end":{"line":103,"column":null}},"58":{"start":{"line":104,"column":6},"end":{"line":104,"column":null}},"59":{"start":{"line":107,"column":6},"end":{"line":109,"column":null}},"60":{"start":{"line":108,"column":8},"end":{"line":108,"column":null}},"61":{"start":{"line":111,"column":6},"end":{"line":111,"column":null}},"62":{"start":{"line":112,"column":6},"end":{"line":112,"column":null}},"63":{"start":{"line":113,"column":6},"end":{"line":113,"column":null}},"64":{"start":{"line":115,"column":6},"end":{"line":115,"column":null}},"65":{"start":{"line":120,"column":4},"end":{"line":120,"column":null}},"66":{"start":{"line":121,"column":4},"end":{"line":121,"column":null}},"67":{"start":{"line":122,"column":4},"end":{"line":136,"column":null}},"68":{"start":{"line":123,"column":6},"end":{"line":123,"column":null}},"69":{"start":{"line":124,"column":6},"end":{"line":124,"column":null}},"70":{"start":{"line":127,"column":6},"end":{"line":129,"column":null}},"71":{"start":{"line":128,"column":8},"end":{"line":128,"column":null}},"72":{"start":{"line":131,"column":6},"end":{"line":131,"column":null}},"73":{"start":{"line":132,"column":6},"end":{"line":132,"column":null}},"74":{"start":{"line":133,"column":6},"end":{"line":133,"column":null}},"75":{"start":{"line":135,"column":6},"end":{"line":135,"column":null}},"76":{"start":{"line":140,"column":4},"end":{"line":140,"column":null}},"77":{"start":{"line":143,"column":2},"end":{"line":163,"column":null}}},"fnMap":{"0":{"name":"(anonymous_0)","decl":{"start":{"line":6,"column":60},"end":{"line":6,"column":66}},"loc":{"start":{"line":6,"column":66},"end":{"line":164,"column":1}},"line":6},"1":{"name":"(anonymous_1)","decl":{"start":{"line":14,"column":38},"end":{"line":14,"column":null}},"loc":{"start":{"line":15,"column":4},"end":{"line":15,"column":null}},"line":15},"2":{"name":"(anonymous_2)","decl":{"start":{"line":15,"column":28},"end":{"line":15,"column":33}},"loc":{"start":{"line":15,"column":33},"end":{"line":15,"column":54}},"line":15},"3":{"name":"(anonymous_3)","decl":{"start":{"line":18,"column":36},"end":{"line":18,"column":null}},"loc":{"start":{"line":19,"column":4},"end":{"line":19,"column":null}},"line":19},"4":{"name":"(anonymous_4)","decl":{"start":{"line":19,"column":28},"end":{"line":19,"column":33}},"loc":{"start":{"line":19,"column":33},"end":{"line":19,"column":57}},"line":19},"5":{"name":"(anonymous_5)","decl":{"start":{"line":22,"column":41},"end":{"line":22,"column":null}},"loc":{"start":{"line":23,"column":4},"end":{"line":23,"column":null}},"line":23},"6":{"name":"(anonymous_6)","decl":{"start":{"line":23,"column":28},"end":{"line":23,"column":33}},"loc":{"start":{"line":23,"column":33},"end":{"line":23,"column":59}},"line":23},"7":{"name":"(anonymous_7)","decl":{"start":{"line":26,"column":32},"end":{"line":26,"column":null}},"loc":{"start":{"line":27,"column":4},"end":{"line":27,"column":null}},"line":27},"8":{"name":"(anonymous_8)","decl":{"start":{"line":27,"column":36},"end":{"line":27,"column":37}},"loc":{"start":{"line":27,"column":48},"end":{"line":27,"column":69}},"line":27},"9":{"name":"(anonymous_9)","decl":{"start":{"line":30,"column":33},"end":{"line":30,"column":39}},"loc":{"start":{"line":30,"column":39},"end":{"line":34,"column":3}},"line":30},"10":{"name":"(anonymous_10)","decl":{"start":{"line":36,"column":36},"end":{"line":36,"column":42}},"loc":{"start":{"line":36,"column":42},"end":{"line":44,"column":3}},"line":36},"11":{"name":"(anonymous_11)","decl":{"start":{"line":37,"column":35},"end":{"line":37,"column":36}},"loc":{"start":{"line":37,"column":54},"end":{"line":43,"column":7}},"line":37},"12":{"name":"fetchProperties","decl":{"start":{"line":47,"column":17},"end":{"line":47,"column":35}},"loc":{"start":{"line":47,"column":35},"end":{"line":58,"column":null}},"line":47},"13":{"name":"fetchPropertyById","decl":{"start":{"line":60,"column":17},"end":{"line":60,"column":35}},"loc":{"start":{"line":60,"column":47},"end":{"line":74,"column":null}},"line":60},"14":{"name":"createProperty","decl":{"start":{"line":76,"column":17},"end":{"line":76,"column":32}},"loc":{"start":{"line":76,"column":88},"end":{"line":94,"column":null}},"line":76},"15":{"name":"updateProperty","decl":{"start":{"line":96,"column":17},"end":{"line":96,"column":32}},"loc":{"start":{"line":96,"column":95},"end":{"line":117,"column":null}},"line":96},"16":{"name":"deleteProperty","decl":{"start":{"line":119,"column":17},"end":{"line":119,"column":32}},"loc":{"start":{"line":119,"column":44},"end":{"line":137,"column":null}},"line":119},"17":{"name":"clearError","decl":{"start":{"line":139,"column":11},"end":{"line":139,"column":24}},"loc":{"start":{"line":139,"column":24},"end":{"line":141,"column":null}},"line":139}},"branchMap":{"0":{"loc":{"start":{"line":27,"column":55},"end":{"line":27,"column":69}},"type":"binary-expr","locations":[{"start":{"line":27,"column":55},"end":{"line":27,"column":65}},{"start":{"line":27,"column":65},"end":{"line":27,"column":69}}],"line":27},"1":{"loc":{"start":{"line":32,"column":4},"end":{"line":32,"column":null}},"type":"if","locations":[{"start":{"line":32,"column":4},"end":{"line":32,"column":null}},{"start":{},"end":{}}],"line":32},"2":{"loc":{"start":{"line":38,"column":6},"end":{"line":40,"column":null}},"type":"if","locations":[{"start":{"line":38,"column":6},"end":{"line":40,"column":null}},{"start":{},"end":{}}],"line":38},"3":{"loc":{"start":{"line":53,"column":20},"end":{"line":53,"column":null}},"type":"cond-expr","locations":[{"start":{"line":53,"column":43},"end":{"line":53,"column":57}},{"start":{"line":53,"column":57},"end":{"line":53,"column":null}}],"line":53},"4":{"loc":{"start":{"line":64,"column":31},"end":{"line":64,"column":null}},"type":"binary-expr","locations":[{"start":{"line":64,"column":31},"end":{"line":64,"column":63}},{"start":{"line":64,"column":63},"end":{"line":64,"column":null}}],"line":64},"5":{"loc":{"start":{"line":65,"column":6},"end":{"line":67,"column":null}},"type":"if","locations":[{"start":{"line":65,"column":6},"end":{"line":67,"column":null}},{"start":{},"end":{}}],"line":65},"6":{"loc":{"start":{"line":69,"column":20},"end":{"line":69,"column":null}},"type":"cond-expr","locations":[{"start":{"line":69,"column":43},"end":{"line":69,"column":57}},{"start":{"line":69,"column":57},"end":{"line":69,"column":null}}],"line":69},"7":{"loc":{"start":{"line":88,"column":20},"end":{"line":88,"column":null}},"type":"cond-expr","locations":[{"start":{"line":88,"column":43},"end":{"line":88,"column":57}},{"start":{"line":88,"column":57},"end":{"line":88,"column":null}}],"line":88},"8":{"loc":{"start":{"line":107,"column":6},"end":{"line":109,"column":null}},"type":"if","locations":[{"start":{"line":107,"column":6},"end":{"line":109,"column":null}},{"start":{},"end":{}}],"line":107},"9":{"loc":{"start":{"line":111,"column":20},"end":{"line":111,"column":null}},"type":"cond-expr","locations":[{"start":{"line":111,"column":43},"end":{"line":111,"column":57}},{"start":{"line":111,"column":57},"end":{"line":111,"column":null}}],"line":111},"10":{"loc":{"start":{"line":127,"column":6},"end":{"line":129,"column":null}},"type":"if","locations":[{"start":{"line":127,"column":6},"end":{"line":129,"column":null}},{"start":{},"end":{}}],"line":127},"11":{"loc":{"start":{"line":131,"column":20},"end":{"line":131,"column":null}},"type":"cond-expr","locations":[{"start":{"line":131,"column":43},"end":{"line":131,"column":57}},{"start":{"line":131,"column":57},"end":{"line":131,"column":null}}],"line":131}},"s":{"0":1,"1":11,"2":11,"3":11,"4":11,"5":11,"6":2,"7":6,"8":11,"9":1,"10":3,"11":11,"12":0,"13":0,"14":11,"15":1,"16":2,"17":11,"18":0,"19":0,"20":0,"21":0,"22":11,"23":1,"24":3,"25":2,"26":3,"27":3,"28":5,"29":5,"30":5,"31":5,"32":1,"33":1,"34":5,"35":0,"36":0,"37":0,"38":0,"39":0,"40":0,"41":0,"42":0,"43":0,"44":1,"45":1,"46":1,"47":1,"48":1,"49":1,"50":0,"51":0,"52":0,"53":1,"54":1,"55":1,"56":1,"57":1,"58":1,"59":1,"60":0,"61":0,"62":0,"63":0,"64":1,"65":1,"66":1,"67":1,"68":1,"69":1,"70":1,"71":0,"72":0,"73":0,"74":0,"75":1,"76":0,"77":11},"f":{"0":11,"1":2,"2":6,"3":1,"4":3,"5":0,"6":0,"7":1,"8":2,"9":0,"10":1,"11":3,"12":5,"13":0,"14":1,"15":1,"16":1,"17":0},"b":{"0":[2,0],"1":[0,0],"2":[2,1],"3":[1,0],"4":[0,0],"5":[0,0],"6":[0,0],"7":[0,0],"8":[0,1],"9":[0,0],"10":[0,1],"11":[0,0]},"meta":{"lastBranch":12,"lastFunction":18,"lastStatement":78,"seen":{"s:6:13:164:Infinity":0,"f:6:60:6:66":0,"s:8:8:8:Infinity":1,"s:9:8:9:Infinity":2,"s:10:8:10:Infinity":3,"s:11:8:11:Infinity":4,"s:14:8:16:Infinity":5,"f:14:38:14:Infinity":1,"s:15:4:15:Infinity":6,"f:15:28:15:33":2,"s:15:33:15:54":7,"s:18:8:20:Infinity":8,"f:18:36:18:Infinity":3,"s:19:4:19:Infinity":9,"f:19:28:19:33":4,"s:19:33:19:57":10,"s:22:8:24:Infinity":11,"f:22:41:22:Infinity":5,"s:23:4:23:Infinity":12,"f:23:28:23:33":6,"s:23:33:23:59":13,"s:26:8:28:Infinity":14,"f:26:32:26:Infinity":7,"s:27:4:27:Infinity":15,"f:27:36:27:37":8,"s:27:48:27:69":16,"b:27:55:27:65:27:65:27:69":0,"s:30:8:34:Infinity":17,"f:30:33:30:39":9,"s:31:18:31:Infinity":18,"b:32:4:32:Infinity:undefined:undefined:undefined:undefined":1,"s:32:4:32:Infinity":19,"s:32:21:32:Infinity":20,"s:33:4:33:Infinity":21,"s:36:8:44:Infinity":22,"f:36:36:36:42":10,"s:37:4:43:Infinity":23,"f:37:35:37:36":11,"b:38:6:40:Infinity:undefined:undefined:undefined:undefined":2,"s:38:6:40:Infinity":24,"s:39:8:39:Infinity":25,"s:41:6:41:Infinity":26,"s:42:6:42:Infinity":27,"f:47:17:47:35":12,"s:48:4:48:Infinity":28,"s:49:4:49:Infinity":29,"s:50:4:57:Infinity":30,"s:51:6:51:Infinity":31,"s:53:6:53:Infinity":32,"b:53:43:53:57:53:57:53:Infinity":3,"s:54:6:54:Infinity":33,"s:56:6:56:Infinity":34,"f:60:17:60:35":13,"s:61:4:61:Infinity":35,"s:62:4:62:Infinity":36,"s:63:4:73:Infinity":37,"s:64:6:64:Infinity":38,"b:64:31:64:63:64:63:64:Infinity":4,"b:65:6:67:Infinity:undefined:undefined:undefined:undefined":5,"s:65:6:67:Infinity":39,"s:66:8:66:Infinity":40,"s:69:6:69:Infinity":41,"b:69:43:69:57:69:57:69:Infinity":6,"s:70:6:70:Infinity":42,"s:72:6:72:Infinity":43,"f:76:17:76:32":14,"s:77:4:77:Infinity":44,"s:78:4:78:Infinity":45,"s:79:4:93:Infinity":46,"s:80:17:84:Infinity":47,"s:85:6:85:Infinity":48,"s:86:6:86:Infinity":49,"s:88:6:88:Infinity":50,"b:88:43:88:57:88:57:88:Infinity":7,"s:89:6:89:Infinity":51,"s:90:6:90:Infinity":52,"s:92:6:92:Infinity":53,"f:96:17:96:32":15,"s:97:4:97:Infinity":54,"s:98:4:98:Infinity":55,"s:99:4:116:Infinity":56,"s:100:6:103:Infinity":57,"s:104:6:104:Infinity":58,"b:107:6:109:Infinity:undefined:undefined:undefined:undefined":8,"s:107:6:109:Infinity":59,"s:108:8:108:Infinity":60,"s:111:6:111:Infinity":61,"b:111:43:111:57:111:57:111:Infinity":9,"s:112:6:112:Infinity":62,"s:113:6:113:Infinity":63,"s:115:6:115:Infinity":64,"f:119:17:119:32":16,"s:120:4:120:Infinity":65,"s:121:4:121:Infinity":66,"s:122:4:136:Infinity":67,"s:123:6:123:Infinity":68,"s:124:6:124:Infinity":69,"b:127:6:129:Infinity:undefined:undefined:undefined:undefined":10,"s:127:6:129:Infinity":70,"s:128:8:128:Infinity":71,"s:131:6:131:Infinity":72,"b:131:43:131:57:131:57:131:Infinity":11,"s:132:6:132:Infinity":73,"s:133:6:133:Infinity":74,"s:135:6:135:Infinity":75,"f:139:11:139:24":17,"s:140:4:140:Infinity":76,"s:143:2:163:Infinity":77}}}
,"/Users/astalin/Sources/perso/Locapilot/src/features/rents/stores/rentsStore.ts": {"path":"/Users/astalin/Sources/perso/Locapilot/src/features/rents/stores/rentsStore.ts","statementMap":{"0":{"start":{"line":12,"column":13},"end":{"line":201,"column":null}},"1":{"start":{"line":13,"column":28},"end":{"line":18,"column":null}},"2":{"start":{"line":22,"column":26},"end":{"line":22,"column":null}},"3":{"start":{"line":22,"column":50},"end":{"line":22,"column":69}},"4":{"start":{"line":25,"column":29},"end":{"line":25,"column":null}},"5":{"start":{"line":25,"column":53},"end":{"line":25,"column":75}},"6":{"start":{"line":28,"column":29},"end":{"line":28,"column":null}},"7":{"start":{"line":28,"column":61},"end":{"line":28,"column":80}},"8":{"start":{"line":32,"column":6},"end":{"line":34,"column":null}},"9":{"start":{"line":33,"column":29},"end":{"line":33,"column":48}},"10":{"start":{"line":34,"column":42},"end":{"line":34,"column":58}},"11":{"start":{"line":38,"column":6},"end":{"line":40,"column":null}},"12":{"start":{"line":39,"column":29},"end":{"line":39,"column":51}},"13":{"start":{"line":40,"column":42},"end":{"line":40,"column":58}},"14":{"start":{"line":44,"column":6},"end":{"line":46,"column":null}},"15":{"start":{"line":45,"column":29},"end":{"line":45,"column":48}},"16":{"start":{"line":46,"column":42},"end":{"line":46,"column":58}},"17":{"start":{"line":49,"column":29},"end":{"line":53,"column":null}},"18":{"start":{"line":50,"column":6},"end":{"line":53,"column":null}},"19":{"start":{"line":51,"column":21},"end":{"line":51,"column":null}},"20":{"start":{"line":52,"column":8},"end":{"line":52,"column":null}},"21":{"start":{"line":56,"column":29},"end":{"line":57,"column":null}},"22":{"start":{"line":57,"column":6},"end":{"line":57,"column":null}},"23":{"start":{"line":57,"column":38},"end":{"line":57,"column":59}},"24":{"start":{"line":61,"column":20},"end":{"line":61,"column":null}},"25":{"start":{"line":62,"column":6},"end":{"line":62,"column":null}},"26":{"start":{"line":62,"column":23},"end":{"line":62,"column":null}},"27":{"start":{"line":63,"column":19},"end":{"line":63,"column":null}},"28":{"start":{"line":63,"column":51},"end":{"line":63,"column":70}},"29":{"start":{"line":64,"column":6},"end":{"line":64,"column":null}},"30":{"start":{"line":70,"column":6},"end":{"line":70,"column":null}},"31":{"start":{"line":71,"column":6},"end":{"line":71,"column":null}},"32":{"start":{"line":72,"column":6},"end":{"line":82,"column":null}},"33":{"start":{"line":73,"column":8},"end":{"line":73,"column":null}},"34":{"start":{"line":76,"column":8},"end":{"line":76,"column":null}},"35":{"start":{"line":78,"column":8},"end":{"line":78,"column":null}},"36":{"start":{"line":79,"column":8},"end":{"line":79,"column":null}},"37":{"start":{"line":81,"column":8},"end":{"line":81,"column":null}},"38":{"start":{"line":86,"column":6},"end":{"line":86,"column":null}},"39":{"start":{"line":87,"column":6},"end":{"line":87,"column":null}},"40":{"start":{"line":88,"column":6},"end":{"line":100,"column":null}},"41":{"start":{"line":89,"column":21},"end":{"line":89,"column":null}},"42":{"start":{"line":90,"column":8},"end":{"line":94,"column":null}},"43":{"start":{"line":91,"column":10},"end":{"line":91,"column":null}},"44":{"start":{"line":93,"column":10},"end":{"line":93,"column":null}},"45":{"start":{"line":96,"column":8},"end":{"line":96,"column":null}},"46":{"start":{"line":97,"column":8},"end":{"line":97,"column":null}},"47":{"start":{"line":99,"column":8},"end":{"line":99,"column":null}},"48":{"start":{"line":104,"column":6},"end":{"line":104,"column":null}},"49":{"start":{"line":105,"column":6},"end":{"line":105,"column":null}},"50":{"start":{"line":106,"column":6},"end":{"line":125,"column":null}},"51":{"start":{"line":107,"column":19},"end":{"line":107,"column":null}},"52":{"start":{"line":108,"column":14},"end":{"line":108,"column":null}},"53":{"start":{"line":109,"column":30},"end":{"line":114,"column":null}},"54":{"start":{"line":116,"column":8},"end":{"line":116,"column":null}},"55":{"start":{"line":117,"column":8},"end":{"line":117,"column":null}},"56":{"start":{"line":118,"column":8},"end":{"line":118,"column":null}},"57":{"start":{"line":120,"column":8},"end":{"line":120,"column":null}},"58":{"start":{"line":121,"column":8},"end":{"line":121,"column":null}},"59":{"start":{"line":122,"column":8},"end":{"line":122,"column":null}},"60":{"start":{"line":124,"column":8},"end":{"line":124,"column":null}},"61":{"start":{"line":129,"column":6},"end":{"line":129,"column":null}},"62":{"start":{"line":130,"column":6},"end":{"line":130,"column":null}},"63":{"start":{"line":131,"column":6},"end":{"line":153,"column":null}},"64":{"start":{"line":132,"column":28},"end":{"line":135,"column":null}},"65":{"start":{"line":137,"column":8},"end":{"line":137,"column":null}},"66":{"start":{"line":139,"column":22},"end":{"line":139,"column":null}},"67":{"start":{"line":139,"column":56},"end":{"line":139,"column":67}},"68":{"start":{"line":140,"column":8},"end":{"line":142,"column":null}},"69":{"start":{"line":141,"column":10},"end":{"line":141,"column":null}},"70":{"start":{"line":144,"column":8},"end":{"line":146,"column":null}},"71":{"start":{"line":145,"column":10},"end":{"line":145,"column":null}},"72":{"start":{"line":148,"column":8},"end":{"line":148,"column":null}},"73":{"start":{"line":149,"column":8},"end":{"line":149,"column":null}},"74":{"start":{"line":150,"column":8},"end":{"line":150,"column":null}},"75":{"start":{"line":152,"column":8},"end":{"line":152,"column":null}},"76":{"start":{"line":157,"column":6},"end":{"line":157,"column":null}},"77":{"start":{"line":158,"column":6},"end":{"line":158,"column":null}},"78":{"start":{"line":159,"column":6},"end":{"line":171,"column":null}},"79":{"start":{"line":160,"column":8},"end":{"line":160,"column":null}},"80":{"start":{"line":161,"column":8},"end":{"line":161,"column":null}},"81":{"start":{"line":161,"column":52},"end":{"line":161,"column":63}},"82":{"start":{"line":162,"column":8},"end":{"line":164,"column":null}},"83":{"start":{"line":163,"column":10},"end":{"line":163,"column":null}},"84":{"start":{"line":166,"column":8},"end":{"line":166,"column":null}},"85":{"start":{"line":167,"column":8},"end":{"line":167,"column":null}},"86":{"start":{"line":168,"column":8},"end":{"line":168,"column":null}},"87":{"start":{"line":170,"column":8},"end":{"line":170,"column":null}},"88":{"start":{"line":175,"column":6},"end":{"line":178,"column":null}},"89":{"start":{"line":182,"column":20},"end":{"line":182,"column":null}},"90":{"start":{"line":183,"column":6},"end":{"line":183,"column":null}},"91":{"start":{"line":185,"column":22},"end":{"line":192,"column":null}},"92":{"start":{"line":187,"column":10},"end":{"line":187,"column":null}},"93":{"start":{"line":187,"column":35},"end":{"line":187,"column":null}},"94":{"start":{"line":188,"column":26},"end":{"line":188,"column":null}},"95":{"start":{"line":189,"column":10},"end":{"line":189,"column":null}},"96":{"start":{"line":190,"column":10},"end":{"line":190,"column":null}},"97":{"start":{"line":192,"column":26},"end":{"line":192,"column":77}},"98":{"start":{"line":194,"column":6},"end":{"line":194,"column":null}},"99":{"start":{"line":198,"column":6},"end":{"line":198,"column":null}}},"fnMap":{"0":{"name":"(anonymous_0)","decl":{"start":{"line":13,"column":9},"end":{"line":13,"column":28}},"loc":{"start":{"line":13,"column":28},"end":{"line":18,"column":null}},"line":13},"1":{"name":"(anonymous_1)","decl":{"start":{"line":22,"column":15},"end":{"line":22,"column":16}},"loc":{"start":{"line":22,"column":26},"end":{"line":22,"column":null}},"line":22},"2":{"name":"(anonymous_2)","decl":{"start":{"line":22,"column":45},"end":{"line":22,"column":50}},"loc":{"start":{"line":22,"column":50},"end":{"line":22,"column":69}},"line":22},"3":{"name":"(anonymous_3)","decl":{"start":{"line":25,"column":18},"end":{"line":25,"column":19}},"loc":{"start":{"line":25,"column":29},"end":{"line":25,"column":null}},"line":25},"4":{"name":"(anonymous_4)","decl":{"start":{"line":25,"column":48},"end":{"line":25,"column":53}},"loc":{"start":{"line":25,"column":53},"end":{"line":25,"column":75}},"line":25},"5":{"name":"(anonymous_5)","decl":{"start":{"line":28,"column":18},"end":{"line":28,"column":19}},"loc":{"start":{"line":28,"column":29},"end":{"line":28,"column":null}},"line":28},"6":{"name":"(anonymous_6)","decl":{"start":{"line":28,"column":48},"end":{"line":28,"column":49}},"loc":{"start":{"line":28,"column":61},"end":{"line":28,"column":80}},"line":28},"7":{"name":"(anonymous_7)","decl":{"start":{"line":31,"column":21},"end":{"line":31,"column":22}},"loc":{"start":{"line":32,"column":6},"end":{"line":34,"column":null}},"line":32},"8":{"name":"(anonymous_8)","decl":{"start":{"line":33,"column":16},"end":{"line":33,"column":17}},"loc":{"start":{"line":33,"column":29},"end":{"line":33,"column":48}},"line":33},"9":{"name":"(anonymous_9)","decl":{"start":{"line":34,"column":16},"end":{"line":34,"column":17}},"loc":{"start":{"line":34,"column":42},"end":{"line":34,"column":58}},"line":34},"10":{"name":"(anonymous_10)","decl":{"start":{"line":37,"column":24},"end":{"line":37,"column":25}},"loc":{"start":{"line":38,"column":6},"end":{"line":40,"column":null}},"line":38},"11":{"name":"(anonymous_11)","decl":{"start":{"line":39,"column":16},"end":{"line":39,"column":17}},"loc":{"start":{"line":39,"column":29},"end":{"line":39,"column":51}},"line":39},"12":{"name":"(anonymous_12)","decl":{"start":{"line":40,"column":16},"end":{"line":40,"column":17}},"loc":{"start":{"line":40,"column":42},"end":{"line":40,"column":58}},"line":40},"13":{"name":"(anonymous_13)","decl":{"start":{"line":43,"column":24},"end":{"line":43,"column":25}},"loc":{"start":{"line":44,"column":6},"end":{"line":46,"column":null}},"line":44},"14":{"name":"(anonymous_14)","decl":{"start":{"line":45,"column":16},"end":{"line":45,"column":17}},"loc":{"start":{"line":45,"column":29},"end":{"line":45,"column":48}},"line":45},"15":{"name":"(anonymous_15)","decl":{"start":{"line":46,"column":16},"end":{"line":46,"column":17}},"loc":{"start":{"line":46,"column":42},"end":{"line":46,"column":58}},"line":46},"16":{"name":"(anonymous_16)","decl":{"start":{"line":49,"column":18},"end":{"line":49,"column":19}},"loc":{"start":{"line":49,"column":29},"end":{"line":53,"column":null}},"line":49},"17":{"name":"(anonymous_17)","decl":{"start":{"line":49,"column":29},"end":{"line":49,"column":30}},"loc":{"start":{"line":50,"column":6},"end":{"line":53,"column":null}},"line":50},"18":{"name":"(anonymous_18)","decl":{"start":{"line":50,"column":25},"end":{"line":50,"column":26}},"loc":{"start":{"line":50,"column":38},"end":{"line":53,"column":7}},"line":50},"19":{"name":"(anonymous_19)","decl":{"start":{"line":56,"column":18},"end":{"line":56,"column":19}},"loc":{"start":{"line":56,"column":29},"end":{"line":57,"column":null}},"line":56},"20":{"name":"(anonymous_20)","decl":{"start":{"line":56,"column":29},"end":{"line":56,"column":30}},"loc":{"start":{"line":57,"column":6},"end":{"line":57,"column":null}},"line":57},"21":{"name":"(anonymous_21)","decl":{"start":{"line":57,"column":25},"end":{"line":57,"column":26}},"loc":{"start":{"line":57,"column":38},"end":{"line":57,"column":59}},"line":57},"22":{"name":"(anonymous_22)","decl":{"start":{"line":60,"column":17},"end":{"line":60,"column":18}},"loc":{"start":{"line":60,"column":28},"end":{"line":65,"column":null}},"line":60},"23":{"name":"(anonymous_23)","decl":{"start":{"line":63,"column":38},"end":{"line":63,"column":39}},"loc":{"start":{"line":63,"column":51},"end":{"line":63,"column":70}},"line":63},"24":{"name":"(anonymous_24)","decl":{"start":{"line":69,"column":10},"end":{"line":69,"column":23}},"loc":{"start":{"line":69,"column":23},"end":{"line":83,"column":null}},"line":69},"25":{"name":"(anonymous_25)","decl":{"start":{"line":85,"column":10},"end":{"line":85,"column":24}},"loc":{"start":{"line":85,"column":36},"end":{"line":101,"column":null}},"line":85},"26":{"name":"(anonymous_26)","decl":{"start":{"line":103,"column":10},"end":{"line":103,"column":21}},"loc":{"start":{"line":103,"column":73},"end":{"line":126,"column":null}},"line":103},"27":{"name":"(anonymous_27)","decl":{"start":{"line":128,"column":10},"end":{"line":128,"column":21}},"loc":{"start":{"line":128,"column":83},"end":{"line":154,"column":null}},"line":128},"28":{"name":"(anonymous_28)","decl":{"start":{"line":139,"column":43},"end":{"line":139,"column":44}},"loc":{"start":{"line":139,"column":56},"end":{"line":139,"column":67}},"line":139},"29":{"name":"(anonymous_29)","decl":{"start":{"line":156,"column":10},"end":{"line":156,"column":21}},"loc":{"start":{"line":156,"column":33},"end":{"line":172,"column":null}},"line":156},"30":{"name":"(anonymous_30)","decl":{"start":{"line":161,"column":39},"end":{"line":161,"column":40}},"loc":{"start":{"line":161,"column":52},"end":{"line":161,"column":63}},"line":161},"31":{"name":"(anonymous_31)","decl":{"start":{"line":174,"column":10},"end":{"line":174,"column":18}},"loc":{"start":{"line":174,"column":47},"end":{"line":179,"column":null}},"line":174},"32":{"name":"(anonymous_32)","decl":{"start":{"line":181,"column":10},"end":{"line":181,"column":31}},"loc":{"start":{"line":181,"column":31},"end":{"line":195,"column":null}},"line":181},"33":{"name":"(anonymous_33)","decl":{"start":{"line":186,"column":16},"end":{"line":186,"column":17}},"loc":{"start":{"line":186,"column":29},"end":{"line":191,"column":9}},"line":186},"34":{"name":"(anonymous_34)","decl":{"start":{"line":192,"column":13},"end":{"line":192,"column":14}},"loc":{"start":{"line":192,"column":26},"end":{"line":192,"column":77}},"line":192},"35":{"name":"(anonymous_35)","decl":{"start":{"line":197,"column":4},"end":{"line":197,"column":17}},"loc":{"start":{"line":197,"column":17},"end":{"line":199,"column":null}},"line":197}},"branchMap":{"0":{"loc":{"start":{"line":52,"column":15},"end":{"line":52,"column":null}},"type":"binary-expr","locations":[{"start":{"line":52,"column":15},"end":{"line":52,"column":44}},{"start":{"line":52,"column":44},"end":{"line":52,"column":null}}],"line":52},"1":{"loc":{"start":{"line":62,"column":6},"end":{"line":62,"column":null}},"type":"if","locations":[{"start":{"line":62,"column":6},"end":{"line":62,"column":null}},{"start":{},"end":{}}],"line":62},"2":{"loc":{"start":{"line":90,"column":8},"end":{"line":94,"column":null}},"type":"if","locations":[{"start":{"line":90,"column":8},"end":{"line":94,"column":null}},{"start":{"line":92,"column":15},"end":{"line":94,"column":null}}],"line":90},"3":{"loc":{"start":{"line":140,"column":8},"end":{"line":142,"column":null}},"type":"if","locations":[{"start":{"line":140,"column":8},"end":{"line":142,"column":null}},{"start":{},"end":{}}],"line":140},"4":{"loc":{"start":{"line":144,"column":8},"end":{"line":146,"column":null}},"type":"if","locations":[{"start":{"line":144,"column":8},"end":{"line":146,"column":null}},{"start":{},"end":{}}],"line":144},"5":{"loc":{"start":{"line":162,"column":8},"end":{"line":164,"column":null}},"type":"if","locations":[{"start":{"line":162,"column":8},"end":{"line":164,"column":null}},{"start":{},"end":{}}],"line":162},"6":{"loc":{"start":{"line":177,"column":18},"end":{"line":177,"column":null}},"type":"binary-expr","locations":[{"start":{"line":177,"column":18},"end":{"line":177,"column":30}},{"start":{"line":177,"column":30},"end":{"line":177,"column":null}}],"line":177},"7":{"loc":{"start":{"line":187,"column":10},"end":{"line":187,"column":null}},"type":"if","locations":[{"start":{"line":187,"column":10},"end":{"line":187,"column":null}},{"start":{},"end":{}}],"line":187},"8":{"loc":{"start":{"line":192,"column":26},"end":{"line":192,"column":77}},"type":"binary-expr","locations":[{"start":{"line":192,"column":26},"end":{"line":192,"column":35}},{"start":{"line":192,"column":35},"end":{"line":192,"column":77}}],"line":192}},"s":{"0":1,"1":11,"2":1,"3":3,"4":1,"5":2,"6":1,"7":2,"8":1,"9":3,"10":2,"11":0,"12":0,"13":0,"14":0,"15":0,"16":0,"17":0,"18":0,"19":0,"20":0,"21":0,"22":0,"23":0,"24":1,"25":1,"26":0,"27":1,"28":4,"29":1,"30":1,"31":1,"32":1,"33":1,"34":1,"35":0,"36":0,"37":1,"38":0,"39":0,"40":0,"41":0,"42":0,"43":0,"44":0,"45":0,"46":0,"47":0,"48":1,"49":1,"50":1,"51":1,"52":1,"53":1,"54":1,"55":1,"56":1,"57":0,"58":0,"59":0,"60":1,"61":2,"62":2,"63":2,"64":2,"65":2,"66":2,"67":2,"68":2,"69":2,"70":2,"71":0,"72":0,"73":0,"74":0,"75":2,"76":1,"77":1,"78":1,"79":1,"80":1,"81":2,"82":1,"83":0,"84":0,"85":0,"86":0,"87":1,"88":1,"89":1,"90":1,"91":1,"92":2,"93":1,"94":1,"95":1,"96":1,"97":0,"98":1,"99":0},"f":{"0":11,"1":1,"2":3,"3":1,"4":2,"5":1,"6":2,"7":1,"8":3,"9":2,"10":0,"11":0,"12":0,"13":0,"14":0,"15":0,"16":0,"17":0,"18":0,"19":0,"20":0,"21":0,"22":1,"23":4,"24":1,"25":0,"26":1,"27":2,"28":2,"29":1,"30":2,"31":1,"32":1,"33":2,"34":0,"35":0},"b":{"0":[0,0],"1":[0,1],"2":[0,0],"3":[2,0],"4":[0,2],"5":[0,1],"6":[1,0],"7":[1,1],"8":[0,0]},"meta":{"lastBranch":9,"lastFunction":36,"lastStatement":100,"seen":{"s:12:13:201:Infinity":0,"f:13:9:13:28":0,"s:13:28:18:Infinity":1,"f:22:15:22:16":1,"s:22:26:22:Infinity":2,"f:22:45:22:50":2,"s:22:50:22:69":3,"f:25:18:25:19":3,"s:25:29:25:Infinity":4,"f:25:48:25:53":4,"s:25:53:25:75":5,"f:28:18:28:19":5,"s:28:29:28:Infinity":6,"f:28:48:28:49":6,"s:28:61:28:80":7,"f:31:21:31:22":7,"s:32:6:34:Infinity":8,"f:33:16:33:17":8,"s:33:29:33:48":9,"f:34:16:34:17":9,"s:34:42:34:58":10,"f:37:24:37:25":10,"s:38:6:40:Infinity":11,"f:39:16:39:17":11,"s:39:29:39:51":12,"f:40:16:40:17":12,"s:40:42:40:58":13,"f:43:24:43:25":13,"s:44:6:46:Infinity":14,"f:45:16:45:17":14,"s:45:29:45:48":15,"f:46:16:46:17":15,"s:46:42:46:58":16,"f:49:18:49:19":16,"s:49:29:53:Infinity":17,"f:49:29:49:30":17,"s:50:6:53:Infinity":18,"f:50:25:50:26":18,"s:51:21:51:Infinity":19,"s:52:8:52:Infinity":20,"b:52:15:52:44:52:44:52:Infinity":0,"f:56:18:56:19":19,"s:56:29:57:Infinity":21,"f:56:29:56:30":20,"s:57:6:57:Infinity":22,"f:57:25:57:26":21,"s:57:38:57:59":23,"f:60:17:60:18":22,"s:61:20:61:Infinity":24,"b:62:6:62:Infinity:undefined:undefined:undefined:undefined":1,"s:62:6:62:Infinity":25,"s:62:23:62:Infinity":26,"s:63:19:63:Infinity":27,"f:63:38:63:39":23,"s:63:51:63:70":28,"s:64:6:64:Infinity":29,"f:69:10:69:23":24,"s:70:6:70:Infinity":30,"s:71:6:71:Infinity":31,"s:72:6:82:Infinity":32,"s:73:8:73:Infinity":33,"s:76:8:76:Infinity":34,"s:78:8:78:Infinity":35,"s:79:8:79:Infinity":36,"s:81:8:81:Infinity":37,"f:85:10:85:24":25,"s:86:6:86:Infinity":38,"s:87:6:87:Infinity":39,"s:88:6:100:Infinity":40,"s:89:21:89:Infinity":41,"b:90:8:94:Infinity:92:15:94:Infinity":2,"s:90:8:94:Infinity":42,"s:91:10:91:Infinity":43,"s:93:10:93:Infinity":44,"s:96:8:96:Infinity":45,"s:97:8:97:Infinity":46,"s:99:8:99:Infinity":47,"f:103:10:103:21":26,"s:104:6:104:Infinity":48,"s:105:6:105:Infinity":49,"s:106:6:125:Infinity":50,"s:107:19:107:Infinity":51,"s:108:14:108:Infinity":52,"s:109:30:114:Infinity":53,"s:116:8:116:Infinity":54,"s:117:8:117:Infinity":55,"s:118:8:118:Infinity":56,"s:120:8:120:Infinity":57,"s:121:8:121:Infinity":58,"s:122:8:122:Infinity":59,"s:124:8:124:Infinity":60,"f:128:10:128:21":27,"s:129:6:129:Infinity":61,"s:130:6:130:Infinity":62,"s:131:6:153:Infinity":63,"s:132:28:135:Infinity":64,"s:137:8:137:Infinity":65,"s:139:22:139:Infinity":66,"f:139:43:139:44":28,"s:139:56:139:67":67,"b:140:8:142:Infinity:undefined:undefined:undefined:undefined":3,"s:140:8:142:Infinity":68,"s:141:10:141:Infinity":69,"b:144:8:146:Infinity:undefined:undefined:undefined:undefined":4,"s:144:8:146:Infinity":70,"s:145:10:145:Infinity":71,"s:148:8:148:Infinity":72,"s:149:8:149:Infinity":73,"s:150:8:150:Infinity":74,"s:152:8:152:Infinity":75,"f:156:10:156:21":29,"s:157:6:157:Infinity":76,"s:158:6:158:Infinity":77,"s:159:6:171:Infinity":78,"s:160:8:160:Infinity":79,"s:161:8:161:Infinity":80,"f:161:39:161:40":30,"s:161:52:161:63":81,"b:162:8:164:Infinity:undefined:undefined:undefined:undefined":5,"s:162:8:164:Infinity":82,"s:163:10:163:Infinity":83,"s:166:8:166:Infinity":84,"s:167:8:167:Infinity":85,"s:168:8:168:Infinity":86,"s:170:8:170:Infinity":87,"f:174:10:174:18":31,"s:175:6:178:Infinity":88,"b:177:18:177:30:177:30:177:Infinity":6,"f:181:10:181:31":32,"s:182:20:182:Infinity":89,"s:183:6:183:Infinity":90,"s:185:22:192:Infinity":91,"f:186:16:186:17":33,"b:187:10:187:Infinity:undefined:undefined:undefined:undefined":7,"s:187:10:187:Infinity":92,"s:187:35:187:Infinity":93,"s:188:26:188:Infinity":94,"s:189:10:189:Infinity":95,"s:190:10:190:Infinity":96,"f:192:13:192:14":34,"s:192:26:192:77":97,"b:192:26:192:35:192:35:192:77":8,"s:1
[...]
start":{"line":55,"column":4},"end":{"line":55,"column":null}},"30":{"start":{"line":56,"column":4},"end":{"line":56,"column":null}},"31":{"start":{"line":57,"column":4},"end":{"line":71,"column":null}},"32":{"start":{"line":58,"column":17},"end":{"line":62,"column":null}},"33":{"start":{"line":63,"column":6},"end":{"line":63,"column":null}},"34":{"start":{"line":64,"column":6},"end":{"line":64,"column":null}},"35":{"start":{"line":66,"column":6},"end":{"line":66,"column":null}},"36":{"start":{"line":67,"column":6},"end":{"line":67,"column":null}},"37":{"start":{"line":68,"column":6},"end":{"line":68,"column":null}},"38":{"start":{"line":70,"column":6},"end":{"line":70,"column":null}},"39":{"start":{"line":75,"column":4},"end":{"line":75,"column":null}},"40":{"start":{"line":76,"column":4},"end":{"line":76,"column":null}},"41":{"start":{"line":77,"column":4},"end":{"line":93,"column":null}},"42":{"start":{"line":78,"column":6},"end":{"line":81,"column":null}},"43":{"start":{"line":82,"column":6},"end":{"line":82,"column":null}},"44":{"start":{"line":84,"column":6},"end":{"line":86,"column":null}},"45":{"start":{"line":85,"column":8},"end":{"line":85,"column":null}},"46":{"start":{"line":88,"column":6},"end":{"line":88,"column":null}},"47":{"start":{"line":89,"column":6},"end":{"line":89,"column":null}},"48":{"start":{"line":90,"column":6},"end":{"line":90,"column":null}},"49":{"start":{"line":92,"column":6},"end":{"line":92,"column":null}},"50":{"start":{"line":97,"column":4},"end":{"line":97,"column":null}},"51":{"start":{"line":98,"column":4},"end":{"line":98,"column":null}},"52":{"start":{"line":99,"column":4},"end":{"line":112,"column":null}},"53":{"start":{"line":100,"column":6},"end":{"line":100,"column":null}},"54":{"start":{"line":101,"column":6},"end":{"line":101,"column":null}},"55":{"start":{"line":103,"column":6},"end":{"line":105,"column":null}},"56":{"start":{"line":104,"column":8},"end":{"line":104,"column":null}},"57":{"start":{"line":107,"column":6},"end":{"line":107,"column":null}},"58":{"start":{"line":108,"column":6},"end":{"line":108,"column":null}},"59":{"start":{"line":109,"column":6},"end":{"line":109,"column":null}},"60":{"start":{"line":111,"column":6},"end":{"line":111,"column":null}},"61":{"start":{"line":116,"column":4},"end":{"line":116,"column":null}},"62":{"start":{"line":119,"column":2},"end":{"line":136,"column":null}}},"fnMap":{"0":{"name":"(anonymous_0)","decl":{"start":{"line":6,"column":54},"end":{"line":6,"column":60}},"loc":{"start":{"line":6,"column":60},"end":{"line":137,"column":1}},"line":6},"1":{"name":"(anonymous_1)","decl":{"start":{"line":14,"column":33},"end":{"line":14,"column":null}},"loc":{"start":{"line":15,"column":4},"end":{"line":15,"column":null}},"line":15},"2":{"name":"(anonymous_2)","decl":{"start":{"line":15,"column":25},"end":{"line":15,"column":30}},"loc":{"start":{"line":15,"column":30},"end":{"line":15,"column":51}},"line":15},"3":{"name":"(anonymous_3)","decl":{"start":{"line":18,"column":33},"end":{"line":18,"column":null}},"loc":{"start":{"line":19,"column":4},"end":{"line":19,"column":null}},"line":19},"4":{"name":"(anonymous_4)","decl":{"start":{"line":19,"column":25},"end":{"line":19,"column":30}},"loc":{"start":{"line":19,"column":30},"end":{"line":19,"column":51}},"line":19},"5":{"name":"(anonymous_5)","decl":{"start":{"line":22,"column":32},"end":{"line":22,"column":38}},"loc":{"start":{"line":22,"column":38},"end":{"line":22,"column":58}},"line":22},"6":{"name":"fetchTenants","decl":{"start":{"line":25,"column":17},"end":{"line":25,"column":32}},"loc":{"start":{"line":25,"column":32},"end":{"line":36,"column":null}},"line":25},"7":{"name":"fetchTenantById","decl":{"start":{"line":38,"column":17},"end":{"line":38,"column":33}},"loc":{"start":{"line":38,"column":45},"end":{"line":52,"column":null}},"line":38},"8":{"name":"createTenant","decl":{"start":{"line":54,"column":17},"end":{"line":54,"column":30}},"loc":{"start":{"line":54,"column":84},"end":{"line":72,"column":null}},"line":54},"9":{"name":"updateTenant","decl":{"start":{"line":74,"column":17},"end":{"line":74,"column":30}},"loc":{"start":{"line":74,"column":91},"end":{"line":94,"column":null}},"line":74},"10":{"name":"deleteTenant","decl":{"start":{"line":96,"column":17},"end":{"line":96,"column":30}},"loc":{"start":{"line":96,"column":42},"end":{"line":113,"column":null}},"line":96},"11":{"name":"clearError","decl":{"start":{"line":115,"column":11},"end":{"line":115,"column":24}},"loc":{"start":{"line":115,"column":24},"end":{"line":117,"column":null}},"line":115}},"branchMap":{"0":{"loc":{"start":{"line":31,"column":20},"end":{"line":31,"column":null}},"type":"cond-expr","locations":[{"start":{"line":31,"column":43},"end":{"line":31,"column":57}},{"start":{"line":31,"column":57},"end":{"line":31,"column":null}}],"line":31},"1":{"loc":{"start":{"line":42,"column":29},"end":{"line":42,"column":null}},"type":"binary-expr","locations":[{"start":{"line":42,"column":29},"end":{"line":42,"column":58}},{"start":{"line":42,"column":58},"end":{"line":42,"column":null}}],"line":42},"2":{"loc":{"start":{"line":43,"column":6},"end":{"line":45,"column":null}},"type":"if","locations":[{"start":{"line":43,"column":6},"end":{"line":45,"column":null}},{"start":{},"end":{}}],"line":43},"3":{"loc":{"start":{"line":47,"column":20},"end":{"line":47,"column":null}},"type":"cond-expr","locations":[{"start":{"line":47,"column":43},"end":{"line":47,"column":57}},{"start":{"line":47,"column":57},"end":{"line":47,"column":null}}],"line":47},"4":{"loc":{"start":{"line":66,"column":20},"end":{"line":66,"column":null}},"type":"cond-expr","locations":[{"start":{"line":66,"column":43},"end":{"line":66,"column":57}},{"start":{"line":66,"column":57},"end":{"line":66,"column":null}}],"line":66},"5":{"loc":{"start":{"line":84,"column":6},"end":{"line":86,"column":null}},"type":"if","locations":[{"start":{"line":84,"column":6},"end":{"line":86,"column":null}},{"start":{},"end":{}}],"line":84},"6":{"loc":{"start":{"line":88,"column":20},"end":{"line":88,"column":null}},"type":"cond-expr","locations":[{"start":{"line":88,"column":43},"end":{"line":88,"column":57}},{"start":{"line":88,"column":57},"end":{"line":88,"column":null}}],"line":88},"7":{"loc":{"start":{"line":103,"column":6},"end":{"line":105,"column":null}},"type":"if","locations":[{"start":{"line":103,"column":6},"end":{"line":105,"column":null}},{"start":{},"end":{}}],"line":103},"8":{"loc":{"start":{"line":107,"column":20},"end":{"line":107,"column":null}},"type":"cond-expr","locations":[{"start":{"line":107,"column":43},"end":{"line":107,"column":57}},{"start":{"line":107,"column":57},"end":{"line":107,"column":null}}],"line":107}},"s":{"0":1,"1":8,"2":8,"3":8,"4":8,"5":8,"6":1,"7":3,"8":8,"9":1,"10":3,"11":8,"12":1,"13":4,"14":4,"15":4,"16":4,"17":0,"18":0,"19":4,"20":0,"21":0,"22":0,"23":0,"24":0,"25":0,"26":0,"27":0,"28":0,"29":1,"30":1,"31":1,"32":1,"33":1,"34":1,"35":0,"36":0,"37":0,"38":1,"39":1,"40":1,"41":1,"42":1,"43":1,"44":1,"45":0,"46":0,"47":0,"48":0,"49":1,"50":1,"51":1,"52":1,"53":1,"54":1,"55":1,"56":0,"57":0,"58":0,"59":0,"60":1,"61":0,"62":8},"f":{"0":8,"1":1,"2":3,"3":1,"4":3,"5":1,"6":4,"7":0,"8":1,"9":1,"10":1,"11":0},"b":{"0":[0,0],"1":[0,0],"2":[0,0],"3":[0,0],"4":[0,0],"5":[0,1],"6":[0,0],"7":[0,1],"8":[0,0]},"meta":{"lastBranch":9,"lastFunction":12,"lastStatement":63,"seen":{"s:6:13:137:Infinity":0,"f:6:54:6:60":0,"s:8:8:8:Infinity":1,"s:9:8:9:Infinity":2,"s:10:8:10:Infinity":3,"s:11:8:11:Infinity":4,"s:14:8:16:Infinity":5,"f:14:33:14:Infinity":1,"s:15:4:15:Infinity":6,"f:15:25:15:30":2,"s:15:30:15:51":7,"s:18:8:20:Infinity":8,"f:18:33:18:Infinity":3,"s:19:4:19:Infinity":9,"f:19:25:19:30":4,"s:19:30:19:51":10,"s:22:8:22:Infinity":11,"f:22:32:22:38":5,"s:22:38:22:58":12,"f:25:17:25:32":6,"s:26:4:26:Infinity":13,"s:27:4:27:Infinity":14,"s:28:4:35:Infinity":15,"s:29:6:29:Infinity":16,"s:31:6:31:Infinity":17,"b:31:43:31:57:31:57:31:Infinity":0,"s:32:6:32:Infinity":18,"s:34:6:34:Infinity":19,"f:38:17:38:33":7,"s:39:4:39:Infinity":20,"s:40:4:40:Infinity":21,"s:41:4:51:Infinity":22,"s:42:6:42:Infinity":23,"b:42:29:42:58:42:58:42:Infinity":1,"b:43:6:45:Infinity:undefined:undefined:undefined:undefined":2,"s:43:6:45:Infinity":24,"s:44:8:44:Infinity":25,"s:47:6:47:Infinity":26,"b:47:43:47:57:47:57:47:Infinity":3,"s:48:6:48:Infinity":27,"s:50:6:50:Infinity":28,"f:54:17:54:30":8,"s:55:4:55:Infinity":29,"s:56:4:56:Infinity":30,"s:57:4:71:Infinity":31,"s:58:17:62:Infinity":32,"s:63:6:63:Infinity":33,"s:64:6:64:Infinity":34,"s:66:6:66:Infinity":35,"b:66:43:66:57:66:57:66:Infinity":4,"s:67:6:67:Infinity":36,"s:68:6:68:Infinity":37,"s:70:6:70:Infinity":38,"f:74:17:74:30":9,"s:75:4:75:Infinity":39,"s:76:4:76:Infinity":40,"s:77:4:93:Infinity":41,"s:78:6:81:Infinity":42,"s:82:6:82:Infinity":43,"b:84:6:86:Infinity:undefined:undefined:undefined:undefined":5,"s:84:6:86:Infinity":44,"s:85:8:85:Infinity":45,"s:88:6:88:Infinity":46,"b:88:43:88:57:88:57:88:Infinity":6,"s:89:6:89:Infinity":47,"s:90:6:90:Infinity":48,"s:92:6:92:Infinity":49,"f:96:17:96:30":10,"s:97:4:97:Infinity":50,"s:98:4:98:Infinity":51,"s:99:4:112:Infinity":52,"s:100:6:100:Infinity":53,"s:101:6:101:Infinity":54,"b:103:6:105:Infinity:undefined:undefined:undefined:undefined":7,"s:103:6:105:Infinity":55,"s:104:8:104:Infinity":56,"s:107:6:107:Infinity":57,"b:107:43:107:57:107:57:107:Infinity":8,"s:108:6:108:Infinity":58,"s:109:6:109:Infinity":59,"s:111:6:111:Infinity":60,"f:115:11:115:24":11,"s:116:4:116:Infinity":61,"s:119:2:136:Infinity":62}}}
,"/Users/astalin/Sources/perso/Locapilot/src/shared/components/Badge.vue": {"path":"/Users/astalin/Sources/perso/Locapilot/src/shared/components/Badge.vue","statementMap":{"0":{"start":{"line":10,"column":14},"end":{"line":10,"column":null}},"1":{"start":{"line":15,"column":6},"end":{"line":21,"column":null}},"2":{"start":{"line":15,"column":31},"end":{"line":21,"column":1}}},"fnMap":{"0":{"name":"(anonymous_0)","decl":{"start":{"line":15,"column":25},"end":{"line":15,"column":31}},"loc":{"start":{"line":15,"column":31},"end":{"line":21,"column":1}},"line":15}},"branchMap":{},"s":{"0":6,"1":6,"2":6},"f":{"0":6},"b":{},"meta":{"lastBranch":0,"lastFunction":0,"lastStatement":0,"seen":{}}}
,"/Users/astalin/Sources/perso/Locapilot/src/shared/components/Button.vue": {"path":"/Users/astalin/Sources/perso/Locapilot/src/shared/components/Button.vue","statementMap":{"0":{"start":{"line":12,"column":14},"end":{"line":12,"column":null}},"1":{"start":{"line":19,"column":6},"end":{"line":27,"column":null}},"2":{"start":{"line":19,"column":31},"end":{"line":27,"column":1}},"3":{"start":{"line":31,"column":2},"end":{"line":34,"column":null}}},"fnMap":{"0":{"name":"(anonymous_0)","decl":{"start":{"line":19,"column":25},"end":{"line":19,"column":31}},"loc":{"start":{"line":19,"column":31},"end":{"line":27,"column":1}},"line":19}},"branchMap":{"0":{"loc":{"start":{"line":31,"column":38},"end":{"line":31,"column":null}},"type":"binary-expr","locations":[{"start":{"line":31,"column":38},"end":{"line":31,"column":50}},{"start":{"line":31,"column":50},"end":{"line":31,"column":null}}],"line":31}},"s":{"0":8,"1":8,"2":8,"3":8},"f":{"0":8},"b":{"0":[8,6]},"meta":{"lastBranch":0,"lastFunction":0,"lastStatement":0,"seen":{}}}
,"/Users/astalin/Sources/perso/Locapilot/src/shared/components/Card.vue": {"path":"/Users/astalin/Sources/perso/Locapilot/src/shared/components/Card.vue","statementMap":{},"fnMap":{},"branchMap":{},"s":{},"f":{},"b":{},"meta":{"lastBranch":0,"lastFunction":0,"lastStatement":0,"seen":{}}}
,"/Users/astalin/Sources/perso/Locapilot/src/shared/components/Input.vue": {"path":"/Users/astalin/Sources/perso/Locapilot/src/shared/components/Input.vue","statementMap":{"0":{"start":{"line":16,"column":14},"end":{"line":16,"column":null}},"1":{"start":{"line":20,"column":13},"end":{"line":20,"column":null}},"2":{"start":{"line":24,"column":6},"end":{"line":24,"column":null}},"3":{"start":{"line":24,"column":32},"end":{"line":24,"column":45}},"4":{"start":{"line":27,"column":17},"end":{"line":27,"column":null}},"5":{"start":{"line":28,"column":16},"end":{"line":28,"column":null}},"6":{"start":{"line":29,"column":2},"end":{"line":29,"column":null}},"7":{"start":{"line":34,"column":7},"end":{"line":34,"column":null}}},"fnMap":{"0":{"name":"(anonymous_0)","decl":{"start":{"line":24,"column":26},"end":{"line":24,"column":32}},"loc":{"start":{"line":24,"column":32},"end":{"line":24,"column":45}},"line":24},"1":{"name":"handleInput","decl":{"start":{"line":26,"column":9},"end":{"line":26,"column":21}},"loc":{"start":{"line":26,"column":35},"end":{"line":30,"column":null}},"line":26}},"branchMap":{"0":{"loc":{"start":{"line":28,"column":16},"end":{"line":28,"column":null}},"type":"cond-expr","locations":[{"start":{"line":28,"column":42},"end":{"line":28,"column":65}},{"start":{"line":28,"column":65},"end":{"line":28,"column":null}}],"line":28},"1":{"loc":{"start":{"line":37,"column":18},"end":{"line":37,"column":53}},"type":"cond-expr","locations":[{"start":{"line":37,"column":18},"end":{"line":37,"column":53}},{"start":{"line":37,"column":46},"end":{"line":37,"column":53}}],"line":37},"2":{"loc":{"start":{"line":53,"column":15},"end":{"line":59,"column":null}},"type":"cond-expr","locations":[{"start":{"line":53,"column":15},"end":{"line":55,"column":null}},{"start":{"line":58,"column":20},"end":{"line":59,"column":null}}],"line":53},"3":{"loc":{"start":{"line":56,"column":10},"end":{"line":54,"column":42}},"type":"binary-expr","locations":[{"start":{"line":56,"column":10},"end":{"line":56,"column":null}},{"start":{"line":56,"column":10},"end":{"line":54,"column":42}}],"line":56},"4":{"loc":{"start":{"line":58,"column":20},"end":{"line":59,"column":null}},"type":"cond-expr","locations":[{"start":{"line":58,"column":20},"end":{"line":59,"column":null}},{"start":{"line":59,"column":13},"end":{"line":59,"column":null}}],"line":58}},"s":{"0":8,"1":8,"2":8,"3":8,"4":1,"5":1,"6":1,"7":1},"f":{"0":8,"1":1},"b":{"0":[0,1],"1":[0,1],"2":[1,7],"3":[1,1],"4":[0,7]},"meta":{"lastBranch":0,"lastFunction":0,"lastStatement":0,"seen":{}}}
,"/Users/astalin/Sources/perso/Locapilot/src/shared/components/Modal.vue": {"path":"/Users/astalin/Sources/perso/Locapilot/src/shared/components/Modal.vue","statementMap":{"0":{"start":{"line":11,"column":14},"end":{"line":11,"column":null}},"1":{"start":{"line":16,"column":13},"end":{"line":16,"column":null}},"2":{"start":{"line":22,"column":2},"end":{"line":22,"column":null}},"3":{"start":{"line":23,"column":2},"end":{"line":23,"column":null}},"4":{"start":{"line":27,"column":2},"end":{"line":29,"column":null}},"5":{"start":{"line":28,"column":4},"end":{"line":28,"column":null}},"6":{"start":{"line":33,"column":2},"end":{"line":35,"column":null}},"7":{"start":{"line":34,"column":4},"end":{"line":34,"column":null}},"8":{"start":{"line":38,"column":0},"end":{"line":40,"column":null}},"9":{"start":{"line":39,"column":2},"end":{"line":39,"column":null}},"10":{"start":{"line":42,"column":0},"end":{"line":44,"column":null}},"11":{"start":{"line":43,"column":2},"end":{"line":43,"column":null}},"12":{"start":{"line":53,"column":15},"end":{"line":53,"column":null}},"13":{"start":{"line":54,"column":16},"end":{"line":54,"column":39}},"14":{"start":{"line":61,"column":15},"end":{"line":61,"column":null}}},"fnMap":{"0":{"name":"handleClose","decl":{"start":{"line":21,"column":9},"end":{"line":21,"column":23}},"loc":{"start":{"line":21,"column":23},"end":{"line":24,"column":null}},"line":21},"1":{"name":"handleOverlayClick","decl":{"start":{"line":26,"column":9},"end":{"line":26,"column":30}},"loc":{"start":{"line":26,"column":30},"end":{"line":30,"column":null}},"line":26},"2":{"name":"handleEscape","decl":{"start":{"line":32,"column":9},"end":{"line":32,"column":22}},"loc":{"start":{"line":32,"column":40},"end":{"line":36,"column":null}},"line":32},"3":{"name":"(anonymous_3)","decl":{"start":{"line":38,"column":10},"end":{"line":38,"column":16}},"loc":{"start":{"line":38,"column":16},"end":{"line":40,"column":1}},"line":38},"4":{"name":"(anonymous_4)","decl":{"start":{"line":42,"column":12},"end":{"line":42,"column":18}},"loc":{"start":{"line":42,"column":18},"end":{"line":44,"column":1}},"line":42},"5":{"name":"(anonymous_5)","decl":{"start":{"line":51,"column":52},"end":{"line":51,"column":53}},"loc":{"start":{"line":51,"column":52},"end":{"line":51,"column":53}},"line":51}},"branchMap":{"0":{"loc":{"start":{"line":27,"column":2},"end":{"line":29,"column":null}},"type":"if","locations":[{"start":{"line":27,"column":2},"end":{"line":29,"column":null}},{"start":{},"end":{}}],"line":27},"1":{"loc":{"start":{"line":33,"column":2},"end":{"line":35,"column":null}},"type":"if","locations":[{"start":{"line":33,"column":2},"end":{"line":35,"column":null}},{"start":{},"end":{}}],"line":33},"2":{"loc":{"start":{"line":33,"column":6},"end":{"line":33,"column":46}},"type":"binary-expr","locations":[{"start":{"line":33,"column":6},"end":{"line":33,"column":28}},{"start":{"line":33,"column":28},"end":{"line":33,"column":46}}],"line":33},"3":{"loc":{"start":{"line":51,"column":58},"end":{"line":51,"column":null}},"type":"binary-expr","locations":[{"start":{"line":51,"column":58},"end":{"line":51,"column":63}},{"start":{"line":51,"column":58},"end":{"line":51,"column":null}}],"line":51},"4":{"loc":{"start":{"line":55,"column":67},"end":{"line":56,"column":43}},"type":"binary-expr","locations":[{"start":{"line":55,"column":67},"end":{"line":55,"column":null}},{"start":{"line":55,"column":67},"end":{"line":56,"column":43}}],"line":55},"5":{"loc":{"start":{"line":66,"column":21},"end":{"line":67,"column":null}},"type":"cond-expr","locations":[{"start":{"line":66,"column":28},"end":{"line":67,"column":null}},{"start":{"line":67,"column":39},"end":{"line":67,"column":null}}],"line":66}},"s":{"0":7,"1":7,"2":1,"3":1,"4":1,"5":1,"6":0,"7":0,"8":7,"9":7,"10":7,"11":0,"12":1,"13":1,"14":1},"f":{"0":1,"1":1,"2":0,"3":7,"4":0,"5":1},"b":{"0":[1,0],"1":[0,0],"2":[0,0],"3":[6,6],"4":[6,6],"5":[0,6]},"meta":{"lastBranch":0,"lastFunction":0,"lastStatement":0,"seen":{}}}
,"/Users/astalin/Sources/perso/Locapilot/src/shared/components/StatCard.vue": {"path":"/Users/astalin/Sources/perso/Locapilot/src/shared/components/StatCard.vue","statementMap":{"0":{"start":{"line":12,"column":14},"end":{"line":12,"column":null}},"1":{"start":{"line":16,"column":6},"end":{"line":16,"column":null}},"2":{"start":{"line":16,"column":35},"end":{"line":16,"column":65}},"3":{"start":{"line":20,"column":7},"end":{"line":20,"column":null}},"4":{"start":{"line":21,"column":9},"end":{"line":21,"column":null}},"5":{"start":{"line":23,"column":13},"end":{"line":23,"column":35}},"6":{"start":{"line":24,"column":13},"end":{"line":24,"column":35}},"7":{"start":{"line":35,"column":12},"end":{"line":35,"column":null}},"8":{"start":{"line":36,"column":55},"end":{"line":36,"column":55}}},"fnMap":{"0":{"name":"(anonymous_0)","decl":{"start":{"line":16,"column":29},"end":{"line":16,"column":35}},"loc":{"start":{"line":16,"column":35},"end":{"line":16,"column":65}},"line":16},"1":{"name":"(anonymous_1)","decl":{"start":{"line":36,"column":8},"end":{"line":36,"column":33}},"loc":{"start":{"line":36,"column":55},"end":{"line":36,"column":55}},"line":36}},"branchMap":{"0":{"loc":{"start":{"line":31,"column":20},"end":{"line":31,"column":null}},"type":"cond-expr","locations":[{"start":{"line":31,"column":35},"end":{"line":31,"column":null}},{"start":{"line":31,"column":35},"end":{"line":31,"column":null}}],"line":31},"1":{"loc":{"start":{"line":36,"column":55},"end":{"line":36,"column":55}},"type":"binary-expr","locations":[{"start":{"line":36,"column":55},"end":{"line":36,"column":null}},{"start":{"line":36,"column":55},"end":{"line":36,"column":55}}],"line":36}},"s":{"0":13,"1":13,"2":7,"3":1,"4":1,"5":1,"6":1,"7":1,"8":2},"f":{"0":7,"1":2},"b":{"0":[2,1],"1":[2,2]},"meta":{"lastBranch":0,"lastFunction":0,"lastStatement":0,"seen":{}}}
}
