{"/Users/astalin/Sources/perso/Locapilot/src/core/store/appStore.ts": {"path":"/Users/astalin/Sources/perso/Locapilot/src/core/store/appStore.ts","statementMap":{"0":{"start":{"line":5,"column":13},"end":{"line":78,"column":null}},"1":{"start":{"line":7,"column":8},"end":{"line":7,"column":null}},"2":{"start":{"line":8,"column":8},"end":{"line":8,"column":null}},"3":{"start":{"line":9,"column":8},"end":{"line":9,"column":null}},"4":{"start":{"line":10,"column":8},"end":{"line":10,"column":null}},"5":{"start":{"line":11,"column":8},"end":{"line":14,"column":null}},"6":{"start":{"line":17,"column":8},"end":{"line":21,"column":null}},"7":{"start":{"line":17,"column":34},"end":{"line":21,"column":4}},"8":{"start":{"line":25,"column":4},"end":{"line":25,"column":null}},"9":{"start":{"line":29,"column":4},"end":{"line":29,"column":null}},"10":{"start":{"line":30,"column":4},"end":{"line":32,"column":null}},"11":{"start":{"line":31,"column":6},"end":{"line":31,"column":null}},"12":{"start":{"line":36,"column":4},"end":{"line":36,"column":null}},"13":{"start":{"line":41,"column":4},"end":{"line":41,"column":null}},"14":{"start":{"line":41,"column":44},"end":{"line":41,"column":65}},"15":{"start":{"line":42,"column":4},"end":{"line":42,"column":null}},"16":{"start":{"line":42,"column":45},"end":{"line":42,"column":67}},"17":{"start":{"line":47,"column":4},"end":{"line":47,"column":null}},"18":{"start":{"line":47,"column":29},"end":{"line":47,"column":null}},"19":{"start":{"line":49,"column":4},"end":{"line":59,"column":null}},"20":{"start":{"line":50,"column":6},"end":{"line":50,"column":null}},"21":{"start":{"line":51,"column":6},"end":{"line":51,"column":null}},"22":{"start":{"line":52,"column":6},"end":{"line":52,"column":null}},"23":{"start":{"line":53,"column":6},"end":{"line":53,"column":null}},"24":{"start":{"line":55,"column":6},"end":{"line":55,"column":null}},"25":{"start":{"line":56,"column":6},"end":{"line":56,"column":null}},"26":{"start":{"line":58,"column":6},"end":{"line":58,"column":null}},"27":{"start":{"line":62,"column":2},"end":{"line":77,"column":null}}},"fnMap":{"0":{"name":"(anonymous_0)","decl":{"start":{"line":5,"column":46},"end":{"line":5,"column":52}},"loc":{"start":{"line":5,"column":52},"end":{"line":78,"column":1}},"line":5},"1":{"name":"(anonymous_1)","decl":{"start":{"line":17,"column":27},"end":{"line":17,"column":34}},"loc":{"start":{"line":17,"column":34},"end":{"line":21,"column":4}},"line":17},"2":{"name":"setOnlineStatus","decl":{"start":{"line":24,"column":11},"end":{"line":24,"column":27}},"loc":{"start":{"line":24,"column":44},"end":{"line":26,"column":null}},"line":24},"3":{"name":"showNotification","decl":{"start":{"line":28,"column":11},"end":{"line":28,"column":28}},"loc":{"start":{"line":28,"column":102},"end":{"line":33,"column":null}},"line":28},"4":{"name":"(anonymous_4)","decl":{"start":{"line":30,"column":15},"end":{"line":30,"column":21}},"loc":{"start":{"line":30,"column":21},"end":{"line":32,"column":7}},"line":30},"5":{"name":"setLoading","decl":{"start":{"line":35,"column":11},"end":{"line":35,"column":22}},"loc":{"start":{"line":35,"column":39},"end":{"line":37,"column":null}},"line":35},"6":{"name":"initializeNetworkListeners","decl":{"start":{"line":40,"column":11},"end":{"line":40,"column":40}},"loc":{"start":{"line":40,"column":40},"end":{"line":43,"column":null}},"line":40},"7":{"name":"(anonymous_7)","decl":{"start":{"line":41,"column":38},"end":{"line":41,"column":44}},"loc":{"start":{"line":41,"column":44},"end":{"line":41,"column":65}},"line":41},"8":{"name":"(anonymous_8)","decl":{"start":{"line":42,"column":39},"end":{"line":42,"column":45}},"loc":{"start":{"line":42,"column":45},"end":{"line":42,"column":67}},"line":42},"9":{"name":"initializeApp","decl":{"start":{"line":46,"column":17},"end":{"line":46,"column":33}},"loc":{"start":{"line":46,"column":33},"end":{"line":60,"column":null}},"line":46}},"branchMap":{"0":{"loc":{"start":{"line":28,"column":45},"end":{"line":28,"column":102}},"type":"default-arg","locations":[{"start":{"line":28,"column":94},"end":{"line":28,"column":102}}],"line":28},"1":{"loc":{"start":{"line":47,"column":4},"end":{"line":47,"column":null}},"type":"if","locations":[{"start":{"line":47,"column":4},"end":{"line":47,"column":null}},{"start":{},"end":{}}],"line":47}},"s":{"0":1,"1":11,"2":11,"3":11,"4":11,"5":11,"6":11,"7":1,"8":2,"9":4,"10":4,"11":1,"12":8,"13":1,"14":0,"15":1,"16":0,"17":4,"18":1,"19":3,"20":3,"21":3,"22":2,"23":2,"24":1,"25":1,"26":3,"27":11},"f":{"0":11,"1":1,"2":2,"3":4,"4":1,"5":8,"6":1,"7":0,"8":0,"9":4},"b":{"0":[4],"1":[1,3]},"meta":{"lastBranch":2,"lastFunction":10,"lastStatement":28,"seen":{"s:5:13:78:Infinity":0,"f:5:46:5:52":0,"s:7:8:7:Infinity":1,"s:8:8:8:Infinity":2,"s:9:8:9:Infinity":3,"s:10:8:10:Infinity":4,"s:11:8:14:Infinity":5,"s:17:8:21:Infinity":6,"f:17:27:17:34":1,"s:17:34:21:4":7,"f:24:11:24:27":2,"s:25:4:25:Infinity":8,"f:28:11:28:28":3,"b:28:94:28:102":0,"s:29:4:29:Infinity":9,"s:30:4:32:Infinity":10,"f:30:15:30:21":4,"s:31:6:31:Infinity":11,"f:35:11:35:22":5,"s:36:4:36:Infinity":12,"f:40:11:40:40":6,"s:41:4:41:Infinity":13,"f:41:38:41:44":7,"s:41:44:41:65":14,"s:42:4:42:Infinity":15,"f:42:39:42:45":8,"s:42:45:42:67":16,"f:46:17:46:33":9,"b:47:4:47:Infinity:undefined:undefined:undefined:undefined":1,"s:47:4:47:Infinity":17,"s:47:29:47:Infinity":18,"s:49:4:59:Infinity":19,"s:50:6:50:Infinity":20,"s:51:6:51:Infinity":21,"s:52:6:52:Infinity":22,"s:53:6:53:Infinity":23,"s:55:6:55:Infinity":24,"s:56:6:56:Infinity":25,"s:58:6:58:Infinity":26,"s:62:2:77:Infinity":27}}}
,"/Users/astalin/Sources/perso/Locapilot/src/features/documents/stores/documentsStore.ts": {"path":"/Users/astalin/Sources/perso/Locapilot/src/features/documents/stores/documentsStore.ts","statementMap":{"0":{"start":{"line":13,"column":13},"end":{"line":232,"column":null}},"1":{"start":{"line":14,"column":32},"end":{"line":20,"column":null}},"2":{"start":{"line":24,"column":32},"end":{"line":25,"column":null}},"3":{"start":{"line":25,"column":6},"end":{"line":25,"column":null}},"4":{"start":{"line":25,"column":34},"end":{"line":25,"column":49}},"5":{"start":{"line":28,"column":34},"end":{"line":31,"column":null}},"6":{"start":{"line":29,"column":6},"end":{"line":31,"column":null}},"7":{"start":{"line":30,"column":13},"end":{"line":30,"column":null}},"8":{"start":{"line":35,"column":28},"end":{"line":35,"column":null}},"9":{"start":{"line":36,"column":6},"end":{"line":36,"column":null}},"10":{"start":{"line":37,"column":6},"end":{"line":39,"column":null}},"11":{"start":{"line":38,"column":21},"end":{"line":38,"column":59}},"12":{"start":{"line":39,"column":24},"end":{"line":39,"column":89}},"13":{"start":{"line":44,"column":6},"end":{"line":44,"column":null}},"14":{"start":{"line":44,"column":41},"end":{"line":44,"column":55}},"15":{"start":{"line":48,"column":45},"end":{"line":54,"column":null}},"16":{"start":{"line":55,"column":6},"end":{"line":57,"column":null}},"17":{"start":{"line":56,"column":8},"end":{"line":56,"column":null}},"18":{"start":{"line":58,"column":6},"end":{"line":58,"column":null}},"19":{"start":{"line":64,"column":6},"end":{"line":64,"column":null}},"20":{"start":{"line":65,"column":6},"end":{"line":65,"column":null}},"21":{"start":{"line":66,"column":6},"end":{"line":73,"column":null}},"22":{"start":{"line":67,"column":8},"end":{"line":67,"column":null}},"23":{"start":{"line":69,"column":8},"end":{"line":69,"column":null}},"24":{"start":{"line":70,"column":8},"end":{"line":70,"column":null}},"25":{"start":{"line":72,"column":8},"end":{"line":72,"column":null}},"26":{"start":{"line":77,"column":6},"end":{"line":77,"column":null}},"27":{"start":{"line":78,"column":6},"end":{"line":78,"column":null}},"28":{"start":{"line":79,"column":6},"end":{"line":91,"column":null}},"29":{"start":{"line":80,"column":25},"end":{"line":80,"column":null}},"30":{"start":{"line":81,"column":8},"end":{"line":85,"column":null}},"31":{"start":{"line":82,"column":10},"end":{"line":82,"column":null}},"32":{"start":{"line":84,"column":10},"end":{"line":84,"column":null}},"33":{"start":{"line":87,"column":8},"end":{"line":87,"column":null}},"34":{"start":{"line":88,"column":8},"end":{"line":88,"column":null}},"35":{"start":{"line":90,"column":8},"end":{"line":90,"column":null}},"36":{"start":{"line":98,"column":6},"end":{"line":98,"column":null}},"37":{"start":{"line":99,"column":6},"end":{"line":99,"column":null}},"38":{"start":{"line":100,"column":6},"end":{"line":100,"column":null}},"39":{"start":{"line":102,"column":6},"end":{"line":143,"column":null}},"40":{"start":{"line":104,"column":33},"end":{"line":108,"column":null}},"41":{"start":{"line":105,"column":10},"end":{"line":107,"column":null}},"42":{"start":{"line":106,"column":12},"end":{"line":106,"column":null}},"43":{"start":{"line":111,"column":21},"end":{"line":111,"column":null}},"44":{"start":{"line":113,"column":8},"end":{"line":113,"column":null}},"45":{"start":{"line":114,"column":8},"end":{"line":114,"column":null}},"46":{"start":{"line":116,"column":20},"end":{"line":116,"column":null}},"47":{"start":{"line":118,"column":50},"end":{"line":126,"column":null}},"48":{"start":{"line":128,"column":19},"end":{"line":128,"column":null}},"49":{"start":{"line":129,"column":30},"end":{"line":129,"column":null}},"50":{"start":{"line":130,"column":8},"end":{"line":132,"column":null}},"51":{"start":{"line":131,"column":10},"end":{"line":131,"column":null}},"52":{"start":{"line":133,"column":8},"end":{"line":133,"column":null}},"53":{"start":{"line":135,"column":8},"end":{"line":135,"column":null}},"54":{"start":{"line":137,"column":8},"end":{"line":137,"column":null}},"55":{"start":{"line":138,"column":8},"end":{"line":138,"column":null}},"56":{"start":{"line":139,"column":8},"end":{"line":139,"column":null}},"57":{"start":{"line":140,"column":8},"end":{"line":140,"column":null}},"58":{"start":{"line":142,"column":8},"end":{"line":142,"column":null}},"59":{"start":{"line":147,"column":6},"end":{"line":147,"column":null}},"60":{"start":{"line":148,"column":6},"end":{"line":148,"column":null}},"61":{"start":{"line":149,"column":6},"end":{"line":170,"column":null}},"62":{"start":{"line":150,"column":27},"end":{"line":153,"column":null}},"63":{"start":{"line":154,"column":8},"end":{"line":154,"column":null}},"64":{"start":{"line":156,"column":22},"end":{"line":156,"column":null}},"65":{"start":{"line":156,"column":64},"end":{"line":156,"column":75}},"66":{"start":{"line":157,"column":8},"end":{"line":159,"column":null}},"67":{"start":{"line":158,"column":10},"end":{"line":158,"column":null}},"68":{"start":{"line":161,"column":8},"end":{"line":163,"column":null}},"69":{"start":{"line":162,"column":10},"end":{"line":162,"column":null}},"70":{"start":{"line":165,"column":8},"end":{"line":165,"column":null}},"71":{"start":{"line":166,"column":8},"end":{"line":166,"column":null}},"72":{"start":{"line":167,"column":8},"end":{"line":167,"column":null}},"73":{"start":{"line":169,"column":8},"end":{"line":169,"column":null}},"74":{"start":{"line":174,"column":6},"end":{"line":174,"column":null}},"75":{"start":{"line":175,"column":6},"end":{"line":175,"column":null}},"76":{"start":{"line":176,"column":6},"end":{"line":188,"column":null}},"77":{"start":{"line":177,"column":8},"end":{"line":177,"column":null}},"78":{"start":{"line":178,"column":8},"end":{"line":178,"column":null}},"79":{"start":{"line":178,"column":64},"end":{"line":178,"column":75}},"80":{"start":{"line":179,"column":8},"end":{"line":181,"column":null}},"81":{"start":{"line":180,"column":10},"end":{"line":180,"column":null}},"82":{"start":{"line":183,"column":8},"end":{"line":183,"column":null}},"83":{"start":{"line":184,"column":8},"end":{"line":184,"column":null}},"84":{"start":{"line":185,"column":8},"end":{"line":185,"column":null}},"85":{"start":{"line":187,"column":8},"end":{"line":187,"column":null}},"86":{"start":{"line":192,"column":6},"end":{"line":217,"column":null}},"87":{"start":{"line":193,"column":25},"end":{"line":193,"column":null}},"88":{"start":{"line":194,"column":8},"end":{"line":197,"column":null}},"89":{"start":{"line":195,"column":10},"end":{"line":195,"column":null}},"90":{"start":{"line":196,"column":10},"end":{"line":196,"column":null}},"91":{"start":{"line":200,"column":21},"end":{"line":200,"column":null}},"92":{"start":{"line":201,"column":20},"end":{"line":201,"column":null}},"93":{"start":{"line":204,"column":18},"end":{"line":204,"column":null}},"94":{"start":{"line":205,"column":8},"end":{"line":205,"column":null}},"95":{"start":{"line":206,"column":8},"end":{"line":206,"column":null}},"96":{"start":{"line":207,"column":8},"end":{"line":207,"column":null}},"97":{"start":{"line":208,"column":8},"end":{"line":208,"column":null}},"98":{"start":{"line":209,"column":8},"end":{"line":209,"column":null}},"99":{"start":{"line":212,"column":8},"end":{"line":212,"column":null}},"100":{"start":{"line":214,"column":8},"end":{"line":214,"column":null}},"101":{"start":{"line":215,"column":8},"end":{"line":215,"column":null}},"102":{"start":{"line":216,"column":8},"end":{"line":216,"column":null}},"103":{"start":{"line":221,"column":6},"end":{"line":221,"column":null}},"104":{"start":{"line":221,"column":23},"end":{"line":221,"column":null}},"105":{"start":{"line":222,"column":16},"end":{"line":222,"column":null}},"106":{"start":{"line":223,"column":20},"end":{"line":223,"column":null}},"107":{"start":{"line":224,"column":16},"end":{"line":224,"column":null}},"108":{"start":{"line":225,"column":6},"end":{"line":225,"column":null}},"109":{"start":{"line":229,"column":6},"end":{"line":229,"column":null}}},"fnMap":{"0":{"name":"(anonymous_0)","decl":{"start":{"line":14,"column":9},"end":{"line":14,"column":32}},"loc":{"start":{"line":14,"column":32},"end":{"line":20,"column":null}},"line":14},"1":{"name":"(anonymous_1)","decl":{"start":{"line":24,"column":21},"end":{"line":24,"column":22}},"loc":{"start":{"line":24,"column":32},"end":{"line":25,"column":null}},"line":24},"2":{"name":"(anonymous_2)","decl":{"start":{"line":24,"column":32},"end":{"line":24,"column":33}},"loc":{"start":{"line":25,"column":6},"end":{"line":25,"column":null}},"line":25},"3":{"name":"(anonymous_3)","decl":{"start":{"line":25,"column":29},"end":{"line":25,"column":34}},"loc":{"start":{"line":25,"column":34},"end":{"line":25,"column":49}},"line":25},"4":{"name":"(anonymous_4)","decl":{"start":{"line":28,"column":23},"end":{"line":28,"column":24}},"loc":{"start":{"line":28,"column":34},"end":{"line":31,"column":null}},"line":28},"5":{"name":"(anonymous_5)","decl":{"start":{"line":28,"column":34},"end":{"line":28,"column":35}},"loc":{"start":{"line":29,"column":6},"end":{"line":31,"column":null}},"line":29},"6":{"name":"(anonymous_6)","decl":{"start":{"line":30,"column":8},"end":{"line":30,"column":13}},"loc":{"start":{"line":30,"column":13},"end":{"line":30,"column":null}},"line":30},"7":{"name":"(anonymous_7)","decl":{"start":{"line":34,"column":21},"end":{"line":34,"column":22}},"loc":{"start":{"line":34,"column":32},"end":{"line":40,"column":null}},"line":34},"8":{"name":"(anonymous_8)","decl":{"start":{"line":38,"column":16},"end":{"line":38,"column":21}},"loc":{"start":{"line":38,"column":21},"end":{"line":38,"column":59}},"line":38},"9":{"name":"(anonymous_9)","decl":{"start":{"line":39,"column":14},"end":{"line":39,"column":15}},"loc":{"start":{"line":39,"column":24},"end":{"line":39,"column":89}},"line":39},"10":{"name":"(anonymous_10)","decl":{"start":{"line":43,"column":15},"end":{"line":43,"column":16}},"loc":{"start":{"line":44,"column":6},"end":{"line":44,"column":null}},"line":44},"11":{"name":"(anonymous_11)","decl":{"start":{"line":44,"column":29},"end":{"line":44,"column":30}},"loc":{"start":{"line":44,"column":41},"end":{"line":44,"column":55}},"line":44},"12":{"name":"(anonymous_12)","decl":{"start":{"line":47,"column":20},"end":{"line":47,"column":21}},"loc":{"start":{"line":47,"column":31},"end":{"line":59,"column":null}},"line":47},"13":{"name":"(anonymous_13)","decl":{"start":{"line":55,"column":30},"end":{"line":55,"column":35}},"loc":{"start":{"line":55,"column":35},"end":{"line":57,"column":7}},"line":55},"14":{"name":"(anonymous_14)","decl":{"start":{"line":63,"column":10},"end":{"line":63,"column":27}},"loc":{"start":{"line":63,"column":27},"end":{"line":74,"column":null}},"line":63},"15":{"name":"(anonymous_15)","decl":{"start":{"line":76,"column":10},"end":{"line":76,"column":28}},"loc":{"start":{"line":76,"column":40},"end":{"line":92,"column":null}},"line":76},"16":{"name":"(anonymous_16)","decl":{"start":{"line":94,"column":10},"end":{"line":94,"column":null}},"loc":{"start":{"line":97,"column":6},"end":{"line":144,"column":null}},"line":97},"17":{"name":"(anonymous_17)","decl":{"start":{"line":104,"column":45},"end":{"line":104,"column":51}},"loc":{"start":{"line":104,"column":51},"end":{"line":108,"column":11}},"line":104},"18":{"name":"(anonymous_18)","decl":{"start":{"line":146,"column":10},"end":{"line":146,"column":25}},"loc":{"start":{"line":146,"column":100},"end":{"line":171,"column":null}},"line":146},"19":{"name":"(anonymous_19)","decl":{"start":{"line":156,"column":47},"end":{"line":156,"column":48}},"loc":{"start":{"line":156,"column":64},"end":{"line":156,"column":75}},"line":156},"20":{"name":"(anonymous_20)","decl":{"start":{"line":173,"column":10},"end":{"line":173,"column":25}},"loc":{"start":{"line":173,"column":37},"end":{"line":189,"column":null}},"line":173},"21":{"name":"(anonymous_21)","decl":{"start":{"line":178,"column":47},"end":{"line":178,"column":48}},"loc":{"start":{"line":178,"column":64},"end":{"line":178,"column":75}},"line":178},"22":{"name":"(anonymous_22)","decl":{"start":{"line":191,"column":10},"end":{"line":191,"column":27}},"loc":{"start":{"line":191,"column":39},"end":{"line":218,"column":null}},"line":191},"23":{"name":"(anonymous_23)","decl":{"start":{"line":220,"column":4},"end":{"line":220,"column":19}},"loc":{"start":{"line":220,"column":42},"end":{"line":226,"column":null}},"line":220},"24":{"name":"(anonymous_24)","decl":{"start":{"line":228,"column":4},"end":{"line":228,"column":17}},"loc":{"start":{"line":228,"column":17},"end":{"line":230,"column":null}},"line":228}},"branchMap":{"0":{"loc":{"start":{"line":30,"column":13},"end":{"line":30,"column":null}},"type":"binary-expr","locations":[{"start":{"line":30,"column":13},"end":{"line":30,"column":51}},{"start":{"line":30,"column":51},"end":{"line":30,"column":null}}],"line":30},"1":{"loc":{"start":{"line":56,"column":26},"end":{"line":56,"column":49}},"type":"binary-expr","locations":[{"start":{"line":56,"column":26},"end":{"line":56,"column":44}},{"start":{"line":56,"column":44},"end":{"line":56,"column":49}}],"line":56},"2":{"loc":{"start":{"line":81,"column":8},"end":{"line":85,"column":null}},"type":"if","locations":[{"start":{"line":81,"column":8},"end":{"line":85,"column":null}},{"start":{"line":83,"column":15},"end":{"line":85,"column":null}}],"line":81},"3":{"loc":{"start":{"line":105,"column":10},"end":{"line":107,"column":null}},"type":"if","locations":[{"start":{"line":105,"column":10},"end":{"line":107,"column":null}},{"start":{},"end":{}}],"line":105},"4":{"loc":{"start":{"line":130,"column":8},"end":{"line":132,"column":null}},"type":"if","locations":[{"start":{"line":130,"column":8},"end":{"line":132,"column":null}},{"start":{},"end":{}}],"line":130},"5":{"loc":{"start":{"line":157,"column":8},"end":{"line":159,"column":null}},"type":"if","locations":[{"start":{"line":157,"column":8},"end":{"line":159,"column":null}},{"start":{},"end":{}}],"line":157},"6":{"loc":{"start":{"line":161,"column":8},"end":{"line":163,"column":null}},"type":"if","locations":[{"start":{"line":161,"column":8},"end":{"line":163,"column":null}},{"start":{},"end":{}}],"line":161},"7":{"loc":{"start":{"line":179,"column":8},"end":{"line":181,"column":null}},"type":"if","locations":[{"start":{"line":179,"column":8},"end":{"line":181,"column":null}},{"start":{},"end":{}}],"line":179},"8":{"loc":{"start":{"line":194,"column":8},"end":{"line":197,"column":null}},"type":"if","locations":[{"start":{"line":194,"column":8},"end":{"line":197,"column":null}},{"start":{},"end":{}}],"line":194},"9":{"loc":{"start":{"line":221,"column":6},"end":{"line":221,"column":null}},"type":"if","locations":[{"start":{"line":221,"column":6},"end":{"line":221,"column":null}},{"start":{},"end":{}}],"line":221}},"s":{"0":1,"1":17,"2":1,"3":1,"4":3,"5":1,"6":1,"7":3,"8":0,"9":0,"10":0,"11":0,"12":0,"13":1,"14":3,"15":1,"16":1,"17":4,"18":1,"19":2,"20":2,"21":2,"22":2,"23":1,"24":1,"25":2,"26":3,"27":3,"28":3,"29":3,"30":2,"31":1,"32":1,"33":1,"34":1,"35":3,"36":2,"37":2,"38":2,"39":2,"40":2,"41":0,"42":0,"43":2,"44":2,"45":2,"46":2,"47":2,"48":2,"49":1,"50":1,"51":1,"52":1,"53":1,"54":1,"55":1,"56":1,"57":1,"58":2,"59":2,"60":2,"61":2,"62":2,"63":2,"64":1,"65":1,"66":1,"67":1,"68":1,"69":0,"70":1,"71":1,"72":1,"73":2,"74":2,"75":2,"76":2,"77":2,"78":1,"79":2,"80":1,"81":0,"82":1,"83":1,"84":1,"85":2,"86":0,"87":0,"88":0,"89":0,"90":0,"91":0,"92":0,"93":0,"94":0,"95":0,"96":0,"97":0,"98":0,"99":0,"100":0,"101":0,"102":0,"103":0,"104":0,"105":0,"106":0,"107":0,"108":0,"109":1},"f":{"0":17,"1":1,"2":1,"3":3,"4":1,"5":1,"6":3,"7":0,"8":0,"9":0,"10":1,"11":3,"12":1,"13":4,"14":2,"15":3,"16":2,"17":0,"18":2,"19":1,"20":2,"21":2,"22":0,"23":0,"24":1},"b":{"0":[3,2],"1":[4,3],"2":[1,1],"3":[0,0],"4":[1,0],"5":[1,0],"6":[0,1],"7":[0,1],"8":[0,0],"9":[0,0]},"meta":{"lastBranch":10,"lastFunction":25,"lastStatement":110,"seen":{"s:13:13:232:Infinity":0,"f:14:9:14:32":0,"s:14:32:20:Infinity":1,"f:24:21:24:22":1,"s:24:32:25:Infinity":2,"f:24:32:24:33":2,"s:25:6:25:Infinity":3,"f:25:29:25:34":3,"s:25:34:25:49":4,"f:28:23:28:24":4,"s:28:34:31:Infinity":5,"f:28:34:28:35":5,"s:29:6:31:Infinity":6,"f:30:8:30:13":6,"s:30:13:30:Infinity":7,"b:30:13:30:51:30:51:30:Infinity":0,"f:34:21:34:22":7,"s:35:28:35:Infinity":8,"s:36:6:36:Infinity":9,"s:37:6:39:Infinity":10,"f:38:16:38:21":8,"s:38:21:38:59":11,"f:39:14:39:15":9,"s:39:24:39:89":12,"f:43:15:43:16":10,"s:44:6:44:Infinity":13,"f:44:29:44:30":11,"s:44:41:44:55":14,"f:47:20:47:21":12,"s:48:45:54:Infinity":15,"s:55:6:57:Infinity":16,"f:55:30:55:35":13,"s:56:8:56:Infinity":17,"b:56:26:56:44:56:44:56:49":1,"s:58:6:58:Infinity":18,"f:63:10:63:27":14,"s:64:6:64:Infinity":19,"s:65:6:65:Infinity":20,"s:66:6:73:Infinity":21,"s:67:8:67:Infinity":22,"s:69:8:69:Infinity":23,"s:70:8:70:Infinity":24,"s:72:8:72:Infinity":25,"f:76:10:76:28":15,"s:77:6:77:Infinity":26,"s:78:6:78:Infinity":27,"s:79:6:91:Infinity":28,"s:80:25:80:Infinity":29,"b:81:8:85:Infinity:83:15:85:Infinity":2,"s:81:8:85:Infinity":30,"s:82:10:82:Infinity":31,"s:84:10:84:Infinity":32,"s:87:8:87:Infinity":33,"s:88:8:88:Infinity":34,"s:90:8:90:Infinity":35,"f:94:10:94:Infinity":16,"s:98:6:98:Infinity":36,"s:99:6:99:Infinity":37,"s:100:6:100:Infinity":38,"s:102:6:143:Infinity":39,"s:104:33:108:Infinity":40,"f:104:45:104:51":17,"b:105:10:107:Infinity:undefined:undefined:undefined:undefined":3,"s:105:10:107:Infinity":41,"s:106:12:106:Infinity":42,"s:111:21:111:Infinity":43,"s:113:8:113:Infinity":44,"s:114:8:114:Infinity":45,"s:116:20:116:Infinity":46,"s:118:50:126:Infinity":47,"s:128:19:128:Infinity":48,"s:129:30:129:Infinity":49,"b:130:8:132:Infinity:undefined:undefined:undefined:undefined":4,"s:130:8:132:Infinity":50,"s:131:10:131:Infinity":51,"s:133:8:133:Infinity":52,"s:135:8:135:Infinity":53,"s:137:8:137:Infinity":54,"s:138:8:138:Infinity":55,"s:139:8:139:Infinity":56,"s:140:8:140:Infinity":57,"s:142:8:142:Infinity":58,"f:146:10:146:25":18,"s:147:6:147:Infinity":59,"s:148:6:148:Infinity":60,"s:149:6:170:Infinity":61,"s:150:27:153:Infinity":62,"s:154:8:154:Infinity":63,"s:156:22:156:Infinity":64,"f:156:47:156:48":19,"s:156:64:156:75":65,"b:157:8:159:Infinity:undefined:undefined:undefined:undefined":5,"s:157:8:159:Infinity":66,"s:158:10:158:Infinity":67,"b:161:8:163:Infinity:undefined:undefined:undefined:undefined":6,"s:161:8:163:Infinity":68,"s:162:10:162:Infinity":69,"s:165:8:165:Infinity":70,"s:166:8:166:Infinity":71,"s:167:8:167:Infinity":72,"s:169:8:169:Infinity":73,"f:173:10:173:25":20,"s:174:6:174:Infinity":74,"s:175:6:175:Infinity":75,"s:176:6:188:Infinity":76,"s:177:8:177:Infinity":77,"s:178:8:178:Infinity":78,"f:178:47:178:48":21,"s:178:64:178:75":79,"b:179:8:181:Infinity:undefined:undefined:undefined:undefined":7,"s:179:8:181:Infinity":80,"s:180:10:180:Infinity":81,"s:183:8:183:Infinity":82,"s:184:8:184:Infinity":83,"s:185:8:185:Infinity":84,"s:187:8:187:Infinity":85,"f:191:10:191:27":22,"s:192:6:217:Infinity":86,"s:193:25:193:Infinity":87,"b:194:8:197:Infinity:undefined:undefined:undefined:undefined":8,"s:194:8:197:Infinity":88,"s:195:10:195:Infinity":89,"s:196:10:196:Infinity":90,"s:200:21:200:Infinity":91,"s:201:20:201:Infinity":92,"s:204:18:204:Infinity":93,"s:205:8:205:Infinity":94,"s:206:8:206:Infinity":95,"s:207:8:207:Infinity":96,"s:208:8:208:Infinity":97,"s:209:8:209:Infinity":98,"s:212:8:212:Infinity":99,"s:214:8:214:Infinity":100,"s:215:8:215:Infinity":101,"s:216:8:216:Infinity":102,"f:220:4:220:19":23,"b:221:6:221:Infinity:undefined:undefined:undefined:undefined":9,"s:221:6:221:Infinity":103,"s:221:23:221:Infinity":104,"s:222:16:222:Infinity":105,"s:223:20:223:Infinity":106,"s:224:16:224:Infinity":107,"s:225:6:225:Infinity":108,"f:228:4:228:17":24,"s:229:6:229:Infinity":109}}}
,"/Users/astalin/Sources/perso/Locapilot/src/features/leases/stores/leasesStore.ts": {"path":"/Users/astalin/Sources/perso/Locapilot/src/features/leases/stores/leasesStore.ts","statementMap":{"0":{"start":{"line":12,"column":13},"end":{"line":183,"column":null}},"1":{"start":{"line":13,"column":29},"end":{"line":18,"column":null}},"2":{"start":{"line":22,"column":29},"end":{"line":22,"column":null}},"3":{"start":{"line":22,"column":54},"end":{"line":22,"column":75}},"4":{"start":{"line":25,"column":28},"end":{"line":25,"column":null}},"5":{"start":{"line":25,"column":53},"end":{"line":25,"column":73}},"6":{"start":{"line":28,"column":30},"end":{"line":28,"column":null}},"7":{"start":{"line":28,"column":55},"end":{"line":28,"column":77}},"8":{"start":{"line":31,"column":33},"end":{"line":32,"column":null}},"9":{"start":{"line":32,"column":6},"end":{"line":32,"column":null}},"10":{"start":{"line":32,"column":31},"end":{"line":32,"column":58}},"11":{"start":{"line":35,"column":31},"end":{"line":36,"column":null}},"12":{"start":{"line":36,"column":6},"end":{"line":36,"column":null}},"13":{"start":{"line":36,"column":31},"end":{"line":36,"column":61}},"14":{"start":{"line":40,"column":20},"end":{"line":40,"column":null}},"15":{"start":{"line":41,"column":25},"end":{"line":41,"column":null}},"16":{"start":{"line":43,"column":6},"end":{"line":47,"column":null}},"17":{"start":{"line":44,"column":8},"end":{"line":44,"column":null}},"18":{"start":{"line":44,"column":49},"end":{"line":44,"column":null}},"19":{"start":{"line":45,"column":24},"end":{"line":45,"column":null}},"20":{"start":{"line":46,"column":8},"end":{"line":46,"column":null}},"21":{"start":{"line":52,"column":27},"end":{"line":52,"column":null}},"22":{"start":{"line":52,"column":52},"end":{"line":52,"column":86}},"23":{"start":{"line":53,"column":6},"end":{"line":53,"column":null}},"24":{"start":{"line":53,"column":37},"end":{"line":53,"column":null}},"25":{"start":{"line":55,"column":26},"end":{"line":60,"column":null}},"26":{"start":{"line":56,"column":22},"end":{"line":56,"column":null}},"27":{"start":{"line":57,"column":20},"end":{"line":57,"column":null}},"28":{"start":{"line":58,"column":14},"end":{"line":58,"column":null}},"29":{"start":{"line":59,"column":8},"end":{"line":59,"column":null}},"30":{"start":{"line":62,"column":6},"end":{"line":62,"column":null}},"31":{"start":{"line":68,"column":6},"end":{"line":68,"column":null}},"32":{"start":{"line":69,"column":6},"end":{"line":69,"column":null}},"33":{"start":{"line":70,"column":6},"end":{"line":77,"column":null}},"34":{"start":{"line":71,"column":8},"end":{"line":71,"column":null}},"35":{"start":{"line":73,"column":8},"end":{"line":73,"column":null}},"36":{"start":{"line":74,"column":8},"end":{"line":74,"column":null}},"37":{"start":{"line":76,"column":8},"end":{"line":76,"column":null}},"38":{"start":{"line":81,"column":6},"end":{"line":81,"column":null}},"39":{"start":{"line":82,"column":6},"end":{"line":82,"column":null}},"40":{"start":{"line":83,"column":6},"end":{"line":95,"column":null}},"41":{"start":{"line":84,"column":22},"end":{"line":84,"column":null}},"42":{"start":{"line":85,"column":8},"end":{"line":89,"column":null}},"43":{"start":{"line":86,"column":10},"end":{"line":86,"column":null}},"44":{"start":{"line":88,"column":10},"end":{"line":88,"column":null}},"45":{"start":{"line":91,"column":8},"end":{"line":91,"column":null}},"46":{"start":{"line":92,"column":8},"end":{"line":92,"column":null}},"47":{"start":{"line":94,"column":8},"end":{"line":94,"column":null}},"48":{"start":{"line":99,"column":6},"end":{"line":99,"column":null}},"49":{"start":{"line":100,"column":6},"end":{"line":100,"column":null}},"50":{"start":{"line":101,"column":6},"end":{"line":119,"column":null}},"51":{"start":{"line":102,"column":20},"end":{"line":102,"column":null}},"52":{"start":{"line":103,"column":44},"end":{"line":107,"column":null}},"53":{"start":{"line":109,"column":19},"end":{"line":109,"column":null}},"54":{"start":{"line":110,"column":29},"end":{"line":110,"column":null}},"55":{"start":{"line":111,"column":8},"end":{"line":111,"column":null}},"56":{"start":{"line":112,"column":8},"end":{"line":112,"column":null}},"57":{"start":{"line":114,"column":8},"end":{"line":114,"column":null}},"58":{"start":{"line":115,"column":8},"end":{"line":115,"column":null}},"59":{"start":{"line":116,"column":8},"end":{"line":116,"column":null}},"60":{"start":{"line":118,"column":8},"end":{"line":118,"column":null}},"61":{"start":{"line":123,"column":6},"end":{"line":123,"column":null}},"62":{"start":{"line":124,"column":6},"end":{"line":124,"column":null}},"63":{"start":{"line":125,"column":6},"end":{"line":151,"column":null}},"64":{"start":{"line":126,"column":30},"end":{"line":129,"column":null}},"65":{"start":{"line":131,"column":8},"end":{"line":131,"column":null}},"66":{"start":{"line":134,"column":29},"end":{"line":134,"column":null}},"67":{"start":{"line":135,"column":8},"end":{"line":144,"column":null}},"68":{"start":{"line":136,"column":24},"end":{"line":136,"column":null}},"69":{"start":{"line":136,"column":51},"end":{"line":136,"column":62}},"70":{"start":{"line":137,"column":10},"end":{"line":139,"column":null}},"71":{"start":{"line":138,"column":12},"end":{"line":138,"column":null}},"72":{"start":{"line":141,"column":10},"end":{"line":143,"column":null}},"73":{"start":{"line":142,"column":12},"end":{"line":142,"column":null}},"74":{"start":{"line":146,"column":8},"end":{"line":146,"column":null}},"75":{"start":{"line":147,"column":8},"end":{"line":147,"column":null}},"76":{"start":{"line":148,"column":8},"end":{"line":148,"column":null}},"77":{"start":{"line":150,"column":8},"end":{"line":150,"column":null}},"78":{"start":{"line":155,"column":6},"end":{"line":155,"column":null}},"79":{"start":{"line":156,"column":6},"end":{"line":156,"column":null}},"80":{"start":{"line":157,"column":6},"end":{"line":169,"column":null}},"81":{"start":{"line":158,"column":8},"end":{"line":158,"column":null}},"82":{"start":{"line":159,"column":8},"end":{"line":159,"column":null}},"83":{"start":{"line":159,"column":46},"end":{"line":159,"column":57}},"84":{"start":{"line":160,"column":8},"end":{"line":162,"column":null}},"85":{"start":{"line":161,"column":10},"end":{"line":161,"column":null}},"86":{"start":{"line":164,"column":8},"end":{"line":164,"column":null}},"87":{"start":{"line":165,"column":8},"end":{"line":165,"column":null}},"88":{"start":{"line":166,"column":8},"end":{"line":166,"column":null}},"89":{"start":{"line":168,"column":8},"end":{"line":168,"column":null}},"90":{"start":{"line":173,"column":6},"end":{"line":176,"column":null}},"91":{"start":{"line":180,"column":6},"end":{"line":180,"column":null}}},"fnMap":{"0":{"name":"(anonymous_0)","decl":{"start":{"line":13,"column":9},"end":{"line":13,"column":29}},"loc":{"start":{"line":13,"column":29},"end":{"line":18,"column":null}},"line":13},"1":{"name":"(anonymous_1)","decl":{"start":{"line":22,"column":18},"end":{"line":22,"column":19}},"loc":{"start":{"line":22,"column":29},"end":{"line":22,"column":null}},"line":22},"2":{"name":"(anonymous_2)","decl":{"start":{"line":22,"column":49},"end":{"line":22,"column":54}},"loc":{"start":{"line":22,"column":54},"end":{"line":22,"column":75}},"line":22},"3":{"name":"(anonymous_3)","decl":{"start":{"line":25,"column":17},"end":{"line":25,"column":18}},"loc":{"start":{"line":25,"column":28},"end":{"line":25,"column":null}},"line":25},"4":{"name":"(anonymous_4)","decl":{"start":{"line":25,"column":48},"end":{"line":25,"column":53}},"loc":{"start":{"line":25,"column":53},"end":{"line":25,"column":73}},"line":25},"5":{"name":"(anonymous_5)","decl":{"start":{"line":28,"column":19},"end":{"line":28,"column":20}},"loc":{"start":{"line":28,"column":30},"end":{"line":28,"column":null}},"line":28},"6":{"name":"(anonymous_6)","decl":{"start":{"line":28,"column":50},"end":{"line":28,"column":55}},"loc":{"start":{"line":28,"column":55},"end":{"line":28,"column":77}},"line":28},"7":{"name":"(anonymous_7)","decl":{"start":{"line":31,"column":22},"end":{"line":31,"column":23}},"loc":{"start":{"line":31,"column":33},"end":{"line":32,"column":null}},"line":31},"8":{"name":"(anonymous_8)","decl":{"start":{"line":31,"column":33},"end":{"line":31,"column":34}},"loc":{"start":{"line":32,"column":6},"end":{"line":32,"column":null}},"line":32},"9":{"name":"(anonymous_9)","decl":{"start":{"line":32,"column":26},"end":{"line":32,"column":31}},"loc":{"start":{"line":32,"column":31},"end":{"line":32,"column":58}},"line":32},"10":{"name":"(anonymous_10)","decl":{"start":{"line":35,"column":20},"end":{"line":35,"column":21}},"loc":{"start":{"line":35,"column":31},"end":{"line":36,"column":null}},"line":35},"11":{"name":"(anonymous_11)","decl":{"start":{"line":35,"column":31},"end":{"line":35,"column":32}},"loc":{"start":{"line":36,"column":6},"end":{"line":36,"column":null}},"line":36},"12":{"name":"(anonymous_12)","decl":{"start":{"line":36,"column":26},"end":{"line":36,"column":31}},"loc":{"start":{"line":36,"column":31},"end":{"line":36,"column":61}},"line":36},"13":{"name":"(anonymous_13)","decl":{"start":{"line":39,"column":20},"end":{"line":39,"column":21}},"loc":{"start":{"line":39,"column":31},"end":{"line":48,"column":null}},"line":39},"14":{"name":"(anonymous_14)","decl":{"start":{"line":43,"column":33},"end":{"line":43,"column":38}},"loc":{"start":{"line":43,"column":38},"end":{"line":47,"column":7}},"line":43},"15":{"name":"(anonymous_15)","decl":{"start":{"line":51,"column":26},"end":{"line":51,"column":27}},"loc":{"start":{"line":51,"column":37},"end":{"line":63,"column":null}},"line":51},"16":{"name":"(anonymous_16)","decl":{"start":{"line":52,"column":47},"end":{"line":52,"column":52}},"loc":{"start":{"line":52,"column":52},"end":{"line":52,"column":86}},"line":52},"17":{"name":"(anonymous_17)","decl":{"start":{"line":55,"column":46},"end":{"line":55,"column":47}},"loc":{"start":{"line":55,"column":58},"end":{"line":60,"column":9}},"line":55},"18":{"name":"(anonymous_18)","decl":{"start":{"line":67,"column":10},"end":{"line":67,"column":24}},"loc":{"start":{"line":67,"column":24},"end":{"line":78,"column":null}},"line":67},"19":{"name":"(anonymous_19)","decl":{"start":{"line":80,"column":10},"end":{"line":80,"column":25}},"loc":{"start":{"line":80,"column":37},"end":{"line":96,"column":null}},"line":80},"20":{"name":"(anonymous_20)","decl":{"start":{"line":98,"column":10},"end":{"line":98,"column":22}},"loc":{"start":{"line":98,"column":76},"end":{"line":120,"column":null}},"line":98},"21":{"name":"(anonymous_21)","decl":{"start":{"line":122,"column":10},"end":{"line":122,"column":22}},"loc":{"start":{"line":122,"column":85},"end":{"line":152,"column":null}},"line":122},"22":{"name":"(anonymous_22)","decl":{"start":{"line":136,"column":46},"end":{"line":136,"column":51}},"loc":{"start":{"line":136,"column":51},"end":{"line":136,"column":62}},"line":136},"23":{"name":"(anonymous_23)","decl":{"start":{"line":154,"column":10},"end":{"line":154,"column":22}},"loc":{"start":{"line":154,"column":34},"end":{"line":170,"column":null}},"line":154},"24":{"name":"(anonymous_24)","decl":{"start":{"line":159,"column":41},"end":{"line":159,"column":46}},"loc":{"start":{"line":159,"column":46},"end":{"line":159,"column":57}},"line":159},"25":{"name":"(anonymous_25)","decl":{"start":{"line":172,"column":10},"end":{"line":172,"column":25}},"loc":{"start":{"line":172,"column":37},"end":{"line":177,"column":null}},"line":172},"26":{"name":"(anonymous_26)","decl":{"start":{"line":179,"column":4},"end":{"line":179,"column":17}},"loc":{"start":{"line":179,"column":17},"end":{"line":181,"column":null}},"line":179}},"branchMap":{"0":{"loc":{"start":{"line":44,"column":8},"end":{"line":44,"column":null}},"type":"if","locations":[{"start":{"line":44,"column":8},"end":{"line":44,"column":null}},{"start":{},"end":{}}],"line":44},"1":{"loc":{"start":{"line":44,"column":12},"end":{"line":44,"column":49}},"type":"binary-expr","locations":[{"start":{"line":44,"column":12},"end":{"line":44,"column":37}},{"start":{"line":44,"column":37},"end":{"line":44,"column":49}}],"line":44},"2":{"loc":{"start":{"line":46,"column":15},"end":{"line":46,"column":null}},"type":"binary-expr","locations":[{"start":{"line":46,"column":15},"end":{"line":46,"column":35}},{"start":{"line":46,"column":35},"end":{"line":46,"column":null}}],"line":46},"3":{"loc":{"start":{"line":52,"column":52},"end":{"line":52,"column":86}},"type":"binary-expr","locations":[{"start":{"line":52,"column":52},"end":{"line":52,"column":77}},{"start":{"line":52,"column":77},"end":{"line":52,"column":86}}],"line":52},"4":{"loc":{"start":{"line":53,"column":6},"end":{"line":53,"column":null}},"type":"if","locations":[{"start":{"line":53,"column":6},"end":{"line":53,"column":null}},{"start":{},"end":{}}],"line":53},"5":{"loc":{"start":{"line":57,"column":20},"end":{"line":57,"column":null}},"type":"cond-expr","locations":[{"start":{"line":57,"column":32},"end":{"line":57,"column":54}},{"start":{"line":57,"column":54},"end":{"line":57,"column":null}}],"line":57},"6":{"loc":{"start":{"line":85,"column":8},"end":{"line":89,"column":null}},"type":"if","locations":[{"start":{"line":85,"column":8},"end":{"line":89,"column":null}},{"start":{"line":87,"column":15},"end":{"line":89,"column":null}}],"line":85},"7":{"loc":{"start":{"line":135,"column":8},"end":{"line":144,"column":null}},"type":"if","locations":[{"start":{"line":135,"column":8},"end":{"line":144,"column":null}},{"start":{},"end":{}}],"line":135},"8":{"loc":{"start":{"line":137,"column":10},"end":{"line":139,"column":null}},"type":"if","locations":[{"start":{"line":137,"column":10},"end":{"line":139,"column":null}},{"start":{},"end":{}}],"line":137},"9":{"loc":{"start":{"line":141,"column":10},"end":{"line":143,"column":null}},"type":"if","locations":[{"start":{"line":141,"column":10},"end":{"line":143,"column":null}},{"start":{},"end":{}}],"line":141},"10":{"loc":{"start":{"line":160,"column":8},"end":{"line":162,"column":null}},"type":"if","locations":[{"start":{"line":160,"column":8},"end":{"line":162,"column":null}},{"start":{},"end":{}}],"line":160}},"s":{"0":1,"1":17,"2":1,"3":3,"4":1,"5":3,"6":1,"7":2,"8":0,"9":0,"10":0,"11":0,"12":0,"13":0,"14":0,"15":0,"16":0,"17":0,"18":0,"19":0,"20":0,"21":0,"22":0,"23":0,"24":0,"25":0,"26":0,"27":0,"28":0,"29":0,"30":0,"31":2,"32":2,"33":2,"34":2,"35":1,"36":1,"37":2,"38":3,"39":3,"40":3,"41":3,"42":2,"43":1,"44":1,"45":1,"46":1,"47":3,"48":2,"49":2,"50":2,"51":2,"52":2,"53":2,"54":1,"55":1,"56":1,"57":1,"58":1,"59":1,"60":2,"61":2,"62":2,"63":2,"64":2,"65":2,"66":1,"67":1,"68":1,"69":1,"70":1,"71":1,"72":1,"73":0,"74":1,"75":1,"76":1,"77":2,"78":2,"79":2,"80":2,"81":2,"82":1,"83":2,"84":1,"85":0,"86":1,"87":1,"88":1,"89":2,"90":0,"91":1},"f":{"0":17,"1":1,"2":3,"3":1,"4":3,"5":1,"6":2,"7":0,"8":0,"9":0,"10":0,"11":0,"12":0,"13":0,"14":0,"15":0,"16":0,"17":0,"18":2,"19":3,"20":2,"21":2,"22":1,"23":2,"24":2,"25":0,"26":1},"b":{"0":[0,0],"1":[0,0],"2":[0,0],"3":[0,0],"4":[0,0],"5":[0,0],"6":[1,1],"7":[1,0],"8":[1,0],"9":[0,1],"10":[0,1]},"meta":{"lastBranch":11,"lastFunction":27,"lastStatement":92,"seen":{"s:12:13:183:Infinity":0,"f:13:9:13:29":0,"s:13:29:18:Infinity":1,"f:22:18:22:19":1,"s:22:29:22:Infinity":2,"f:22:49:22:54":2,"s:22:54:22:75":3,"f:25:17:25:18":3,"s:25:28:25:Infinity":4,"f:25:48:25:53":4,"s:25:53:25:73":5,"f:28:19:28:20":5,"s:28:30:28:Infinity":6,"f:28:50:28:55":6,"s:28:55:28:77":7,"f:31:22:31:23":7,"s:31:33:32:Infinity":8,"f:31:33:31:34":8,"s:32:6:32:Infinity":9,"f:32:26:32:31":9,"s:32:31:32:58":10,"f:35:20:35:21":10,"s:35:31:36:Infinity":11,"f:35:31:35:32":11,"s:36:6:36:Infinity":12,"f:36:26:36:31":12,"s:36:31:36:61":13,"f:39:20:39:21":13,"s:40:20:40:Infinity":14,"s:41:25:41:Infinity":15,"s:43:6:47:Infinity":16,"f:43:33:43:38":14,"b:44:8:44:Infinity:undefined:undefined:undefined:undefined":0,"s:44:8:44:Infinity":17,"b:44:12:44:37:44:37:44:49":1,"s:44:49:44:Infinity":18,"s:45:24:45:Infinity":19,"s:46:8:46:Infinity":20,"b:46:15:46:35:46:35:46:Infinity":2,"f:51:26:51:27":15,"s:52:27:52:Infinity":21,"f:52:47:52:52":16,"s:52:52:52:86":22,"b:52:52:52:77:52:77:52:86":3,"b:53:6:53:Infinity:undefined:undefined:undefined:undefined":4,"s:53:6:53:Infinity":23,"s:53:37:53:Infinity":24,"s:55:26:60:Infinity":25,"f:55:46:55:47":17,"s:56:22:56:Infinity":26,"s:57:20:57:Infinity":27,"b:57:32:57:54:57:54:57:Infinity":5,"s:58:14:58:Infinity":28,"s:59:8:59:Infinity":29,"s:62:6:62:Infinity":30,"f:67:10:67:24":18,"s:68:6:68:Infinity":31,"s:69:6:69:Infinity":32,"s:70:6:77:Infinity":33,"s:71:8:71:Infinity":34,"s:73:8:73:Infinity":35,"s:74:8:74:Infinity":36,"s:76:8:76:Infinity":37,"f:80:10:80:25":19,"s:81:6:81:Infinity":38,"s:82:6:82:Infinity":39,"s:83:6:95:Infinity":40,"s:84:22:84:Infinity":41,"b:85:8:89:Infinity:87:15:89:Infinity":6,"s:85:8:89:Infinity":42,"s:86:10:86:Infinity":43,"s:88:10:88:Infinity":44,"s:91:8:91:Infinity":45,"s:92:8:92:Infinity":46,"s:94:8:94:Infinity":47,"f:98:10:98:22":20,"s:99:6:99:Infinity":48,"s:100:6:100:Infinity":49,"s:101:6:119:Infinity":50,"s:102:20:102:Infinity":51,"s:103:44:107:Infinity":52,"s:109:19:109:Infinity":53,"s:110:29:110:Infinity":54,"s:111:8:111:Infinity":55,"s:112:8:112:Infinity":56,"s:114:8:114:Infinity":57,"s:115:8:115:Infinity":58,"s:116:8:116:Infinity":59,"s:118:8:118:Infinity":60,"f:122:10:122:22":21,"s:123:6:123:Infinity":61,"s:124:6:124:Infinity":62,"s:125:6:151:Infinity":63,"s:126:30:129:Infinity":64,"s:131:8:131:Infinity":65,"s:134:29:134:Infinity":66,"b:135:8:144:Infinity:undefined:undefined:undefined:undefined":7,"s:135:8:144:Infinity":67,"s:136:24:136:Infinity":68,"f:136:46:136:51":22,"s:136:51:136:62":69,"b:137:10:139:Infinity:undefined:undefined:undefined:undefined":8,"s:137:10:139:Infinity":70,"s:138:12:138:Infinity":71,"b:141:10:143:Infinity:undefined:undefined:undefined:undefined":9,"s:141:10:143:Infinity":72,"s:142:12:142:Infinity":73,"s:146:8:146:Infinity":74,"s:147:8:147:Infinity":75,"s:148:8:148:Infinity":76,"s:150:8:150:Infinity":77,"f:154:10:154:22":23,"s:155:6:155:Infinity":78,"s:156:6:156:Infinity":79,"s:157:6:169:Infinity":80,"s:158:8:158:Infinity":81,"s:159:8:159:Infinity":82,"f:159:41:159:46":24,"s:159:46:159:57":83,"b:160:8:162:Infinity:undefined:undefined:undefined:undefined":10,"s:160:8:162:Infinity":84,"s:161:10:161:Infinity":85,"s:164:8:164:Infinity":86,"s:165:8:165:Infinity":87,"s:166:8:166:Infinity":88,"s:168:8:168:Infinity":89,"f:172:10:172:25":25,"s:173:6:176:Infinity":90,"f:179:4:179:17":26,"s:180:6:180:Infinity":91}}}
,"/Users/astalin/Sources/perso/Locapilot/src/features/properties/stores/propertiesStore.ts": {"path":"/Users/astalin/Sources/perso/Locapilot/src/features/properties/stores/propertiesStore.ts","statementMap":{"0":{"start":{"line":6,"column":13},"end":{"line":164,"column":null}},"1":{"start":{"line":8,"column":8},"end":{"line":8,"column":null}},"2":{"start":{"line":9,"column":8},"end":{"line":9,"column":null}},"3":{"start":{"line":10,"column":8},"end":{"line":10,"column":null}},"4":{"start":{"line":11,"column":8},"end":{"line":11,"column":null}},"5":{"start":{"line":14,"column":8},"end":{"line":16,"column":null}},"6":{"start":{"line":15,"column":4},"end":{"line":15,"column":null}},"7":{"start":{"line":15,"column":33},"end":{"line":15,"column":56}},"8":{"start":{"line":18,"column":8},"end":{"line":20,"column":null}},"9":{"start":{"line":19,"column":4},"end":{"line":19,"column":null}},"10":{"start":{"line":19,"column":33},"end":{"line":19,"column":54}},"11":{"start":{"line":22,"column":8},"end":{"line":24,"column":null}},"12":{"start":{"line":23,"column":4},"end":{"line":23,"column":null}},"13":{"start":{"line":23,"column":33},"end":{"line":23,"column":59}},"14":{"start":{"line":26,"column":8},"end":{"line":28,"column":null}},"15":{"start":{"line":27,"column":4},"end":{"line":27,"column":null}},"16":{"start":{"line":27,"column":48},"end":{"line":27,"column":69}},"17":{"start":{"line":30,"column":8},"end":{"line":34,"column":null}},"18":{"start":{"line":31,"column":18},"end":{"line":31,"column":null}},"19":{"start":{"line":32,"column":4},"end":{"line":32,"column":null}},"20":{"start":{"line":32,"column":21},"end":{"line":32,"column":null}},"21":{"start":{"line":33,"column":4},"end":{"line":33,"column":null}},"22":{"start":{"line":36,"column":8},"end":{"line":44,"column":null}},"23":{"start":{"line":37,"column":4},"end":{"line":43,"column":null}},"24":{"start":{"line":38,"column":6},"end":{"line":40,"column":null}},"25":{"start":{"line":39,"column":8},"end":{"line":39,"column":null}},"26":{"start":{"line":41,"column":6},"end":{"line":41,"column":null}},"27":{"start":{"line":42,"column":6},"end":{"line":42,"column":null}},"28":{"start":{"line":48,"column":4},"end":{"line":48,"column":null}},"29":{"start":{"line":49,"column":4},"end":{"line":49,"column":null}},"30":{"start":{"line":50,"column":4},"end":{"line":57,"column":null}},"31":{"start":{"line":51,"column":6},"end":{"line":51,"column":null}},"32":{"start":{"line":53,"column":6},"end":{"line":53,"column":null}},"33":{"start":{"line":54,"column":6},"end":{"line":54,"column":null}},"34":{"start":{"line":56,"column":6},"end":{"line":56,"column":null}},"35":{"start":{"line":61,"column":4},"end":{"line":61,"column":null}},"36":{"start":{"line":62,"column":4},"end":{"line":62,"column":null}},"37":{"start":{"line":63,"column":4},"end":{"line":73,"column":null}},"38":{"start":{"line":64,"column":6},"end":{"line":64,"column":null}},"39":{"start":{"line":65,"column":6},"end":{"line":67,"column":null}},"40":{"start":{"line":66,"column":8},"end":{"line":66,"column":null}},"41":{"start":{"line":69,"column":6},"end":{"line":69,"column":null}},"42":{"start":{"line":70,"column":6},"end":{"line":70,"column":null}},"43":{"start":{"line":72,"column":6},"end":{"line":72,"column":null}},"44":{"start":{"line":77,"column":4},"end":{"line":77,"column":null}},"45":{"start":{"line":78,"column":4},"end":{"line":78,"column":null}},"46":{"start":{"line":79,"column":4},"end":{"line":93,"column":null}},"47":{"start":{"line":80,"column":17},"end":{"line":84,"column":null}},"48":{"start":{"line":85,"column":6},"end":{"line":85,"column":null}},"49":{"start":{"line":86,"column":6},"end":{"line":86,"column":null}},"50":{"start":{"line":88,"column":6},"end":{"line":88,"column":null}},"51":{"start":{"line":89,"column":6},"end":{"line":89,"column":null}},"52":{"start":{"line":90,"column":6},"end":{"line":90,"column":null}},"53":{"start":{"line":92,"column":6},"end":{"line":92,"column":null}},"54":{"start":{"line":97,"column":4},"end":{"line":97,"column":null}},"55":{"start":{"line":98,"column":4},"end":{"line":98,"column":null}},"56":{"start":{"line":99,"column":4},"end":{"line":116,"column":null}},"57":{"start":{"line":100,"column":6},"end":{"line":103,"column":null}},"58":{"start":{"line":104,"column":6},"end":{"line":104,"column":null}},"59":{"start":{"line":107,"column":6},"end":{"line":109,"column":null}},"60":{"start":{"line":108,"column":8},"end":{"line":108,"column":null}},"61":{"start":{"line":111,"column":6},"end":{"line":111,"column":null}},"62":{"start":{"line":112,"column":6},"end":{"line":112,"column":null}},"63":{"start":{"line":113,"column":6},"end":{"line":113,"column":null}},"64":{"start":{"line":115,"column":6},"end":{"line":115,"column":null}},"65":{"start":{"line":120,"column":4},"end":{"line":120,"column":null}},"66":{"start":{"line":121,"column":4},"end":{"line":121,"column":null}},"67":{"start":{"line":122,"column":4},"end":{"line":136,"column":null}},"68":{"start":{"line":123,"column":6},"end":{"line":123,"column":null}},"69":{"start":{"line":124,"column":6},"end":{"line":124,"column":null}},"70":{"start":{"line":127,"column":6},"end":{"line":129,"column":null}},"71":{"start":{"line":128,"column":8},"end":{"line":128,"column":null}},"72":{"start":{"line":131,"column":6},"end":{"line":131,"column":null}},"73":{"start":{"line":132,"column":6},"end":{"line":132,"column":null}},"74":{"start":{"line":133,"column":6},"end":{"line":133,"column":null}},"75":{"start":{"line":135,"column":6},"end":{"line":135,"column":null}},"76":{"start":{"line":140,"column":4},"end":{"line":140,"column":null}},"77":{"start":{"line":143,"column":2},"end":{"line":163,"column":null}}},"fnMap":{"0":{"name":"(anonymous_0)","decl":{"start":{"line":6,"column":60},"end":{"line":6,"column":66}},"loc":{"start":{"line":6,"column":66},"end":{"line":164,"column":1}},"line":6},"1":{"name":"(anonymous_1)","decl":{"start":{"line":14,"column":38},"end":{"line":14,"column":null}},"loc":{"start":{"line":15,"column":4},"end":{"line":15,"column":null}},"line":15},"2":{"name":"(anonymous_2)","decl":{"start":{"line":15,"column":28},"end":{"line":15,"column":33}},"loc":{"start":{"line":15,"column":33},"end":{"line":15,"column":56}},"line":15},"3":{"name":"(anonymous_3)","decl":{"start":{"line":18,"column":36},"end":{"line":18,"column":null}},"loc":{"start":{"line":19,"column":4},"end":{"line":19,"column":null}},"line":19},"4":{"name":"(anonymous_4)","decl":{"start":{"line":19,"column":28},"end":{"line":19,"column":33}},"loc":{"start":{"line":19,"column":33},"end":{"line":19,"column":54}},"line":19},"5":{"name":"(anonymous_5)","decl":{"start":{"line":22,"column":41},"end":{"line":22,"column":null}},"loc":{"start":{"line":23,"column":4},"end":{"line":23,"column":null}},"line":23},"6":{"name":"(anonymous_6)","decl":{"start":{"line":23,"column":28},"end":{"line":23,"column":33}},"loc":{"start":{"line":23,"column":33},"end":{"line":23,"column":59}},"line":23},"7":{"name":"(anonymous_7)","decl":{"start":{"line":26,"column":32},"end":{"line":26,"column":null}},"loc":{"start":{"line":27,"column":4},"end":{"line":27,"column":null}},"line":27},"8":{"name":"(anonymous_8)","decl":{"start":{"line":27,"column":36},"end":{"line":27,"column":37}},"loc":{"start":{"line":27,"column":48},"end":{"line":27,"column":69}},"line":27},"9":{"name":"(anonymous_9)","decl":{"start":{"line":30,"column":33},"end":{"line":30,"column":39}},"loc":{"start":{"line":30,"column":39},"end":{"line":34,"column":3}},"line":30},"10":{"name":"(anonymous_10)","decl":{"start":{"line":36,"column":36},"end":{"line":36,"column":42}},"loc":{"start":{"line":36,"column":42},"end":{"line":44,"column":3}},"line":36},"11":{"name":"(anonymous_11)","decl":{"start":{"line":37,"column":35},"end":{"line":37,"column":36}},"loc":{"start":{"line":37,"column":54},"end":{"line":43,"column":7}},"line":37},"12":{"name":"fetchProperties","decl":{"start":{"line":47,"column":17},"end":{"line":47,"column":35}},"loc":{"start":{"line":47,"column":35},"end":{"line":58,"column":null}},"line":47},"13":{"name":"fetchPropertyById","decl":{"start":{"line":60,"column":17},"end":{"line":60,"column":35}},"loc":{"start":{"line":60,"column":47},"end":{"line":74,"column":null}},"line":60},"14":{"name":"createProperty","decl":{"start":{"line":76,"column":17},"end":{"line":76,"column":32}},"loc":{"start":{"line":76,"column":88},"end":{"line":94,"column":null}},"line":76},"15":{"name":"updateProperty","decl":{"start":{"line":96,"column":17},"end":{"line":96,"column":32}},"loc":{"start":{"line":96,"column":95},"end":{"line":117,"column":null}},"line":96},"16":{"name":"deleteProperty","decl":{"start":{"line":119,"column":17},"end":{"line":119,"column":32}},"loc":{"start":{"line":119,"column":44},"end":{"line":137,"column":null}},"line":119},"17":{"name":"clearError","decl":{"start":{"line":139,"column":11},"end":{"line":139,"column":24}},"loc":{"start":{"line":139,"column":24},"end":{"line":141,"column":null}},"line":139}},"branchMap":{"0":{"loc":{"start":{"line":27,"column":55},"end":{"line":27,"column":69}},"type":"binary-expr","locations":[{"start":{"line":27,"column":55},"end":{"line":27,"column":65}},{"start":{"line":27,"column":65},"end":{"line":27,"column":69}}],"line":27},"1":{"loc":{"start":{"line":32,"column":4},"end":{"line":32,"column":null}},"type":"if","locations":[{"start":{"line":32,"column":4},"end":{"line":32,"column":null}},{"start":{},"end":{}}],"line":32},"2":{"loc":{"start":{"line":38,"column":6},"end":{"line":40,"column":null}},"type":"if","locations":[{"start":{"line":38,"column":6},"end":{"line":40,"column":null}},{"start":{},"end":{}}],"line":38},"3":{"loc":{"start":{"line":53,"column":20},"end":{"line":53,"column":null}},"type":"cond-expr","locations":[{"start":{"line":53,"column":43},"end":{"line":53,"column":57}},{"start":{"line":53,"column":57},"end":{"line":53,"column":null}}],"line":53},"4":{"loc":{"start":{"line":64,"column":31},"end":{"line":64,"column":null}},"type":"binary-expr","locations":[{"start":{"line":64,"column":31},"end":{"line":64,"column":63}},{"start":{"line":64,"column":63},"end":{"line":64,"column":null}}],"line":64},"5":{"loc":{"start":{"line":65,"column":6},"end":{"line":67,"column":null}},"type":"if","locations":[{"start":{"line":65,"column":6},"end":{"line":67,"column":null}},{"start":{},"end":{}}],"line":65},"6":{"loc":{"start":{"line":69,"column":20},"end":{"line":69,"column":null}},"type":"cond-expr","locations":[{"start":{"line":69,"column":43},"end":{"line":69,"column":57}},{"start":{"line":69,"column":57},"end":{"line":69,"column":null}}],"line":69},"7":{"loc":{"start":{"line":88,"column":20},"end":{"line":88,"column":null}},"type":"cond-expr","locations":[{"start":{"line":88,"column":43},"end":{"line":88,"column":57}},{"start":{"line":88,"column":57},"end":{"line":88,"column":null}}],"line":88},"8":{"loc":{"start":{"line":107,"column":6},"end":{"line":109,"column":null}},"type":"if","locations":[{"start":{"line":107,"column":6},"end":{"line":109,"column":null}},{"start":{},"end":{}}],"line":107},"9":{"loc":{"start":{"line":111,"column":20},"end":{"line":111,"column":null}},"type":"cond-expr","locations":[{"start":{"line":111,"column":43},"end":{"line":111,"column":57}},{"start":{"line":111,"column":57},"end":{"line":111,"column":null}}],"line":111},"10":{"loc":{"start":{"line":127,"column":6},"end":{"line":129,"column":null}},"type":"if","locations":[{"start":{"line":127,"column":6},"end":{"line":129,"column":null}},{"start":{},"end":{}}],"line":127},"11":{"loc":{"start":{"line":131,"column":20},"end":{"line":131,"column":null}},"type":"cond-expr","locations":[{"start":{"line":131,"column":43},"end":{"line":131,"column":57}},{"start":{"line":131,"column":57},"end":{"line":131,"column":null}}],"line":131}},"s":{"0":1,"1":24,"2":24,"3":24,"4":24,"5":24,"6":4,"7":13,"8":24,"9":1,"10":3,"11":24,"12":1,"13":3,"14":24,"15":2,"16":5,"17":24,"18":2,"19":2,"20":1,"21":1,"22":24,"23":1,"24":3,"25":2,"26":3,"27":3,"28":7,"29":7,"30":7,"31":7,"32":1,"33":1,"34":7,"35":4,"36":4,"37":4,"38":4,"39":4,"40":1,"41":1,"42":1,"43":4,"44":2,"45":2,"46":2,"47":2,"48":1,"49":1,"50":1,"51":1,"52":1,"53":2,"54":3,"55":3,"56":3,"57":3,"58":2,"59":2,"60":1,"61":1,"62":1,"63":1,"64":3,"65":3,"66":3,"67":3,"68":3,"69":2,"70":2,"71":1,"72":1,"73":1,"74":1,"75":3,"76":1,"77":24},"f":{"0":24,"1":4,"2":13,"3":1,"4":3,"5":1,"6":3,"7":2,"8":5,"9":2,"10":1,"11":3,"12":7,"13":4,"14":2,"15":3,"16":3,"17":1},"b":{"0":[5,1],"1":[1,1],"2":[2,1],"3":[1,0],"4":[4,1],"5":[1,3],"6":[1,0],"7":[1,0],"8":[1,1],"9":[1,0],"10":[1,1],"11":[1,0]},"meta":{"lastBranch":12,"lastFunction":18,"lastStatement":78,"seen":{"s:6:13:164:Infinity":0,"f:6:60:6:66":0,"s:8:8:8:Infinity":1,"s:9:8:9:Infinity":2,"s:10:8:10:Infinity":3,"s:11:8:11:Infinity":4,"s:14:8:16:Infinity":5,"f:14:38:14:Infinity":1,"s:15:4:15:Infinity":6,"f:15:28:15:33":2,"s:15:33:15:56":7,"s:18:8:20:Infinity":8,"f:18:36:18:Infinity":3,"s:19:4:19:Infinity":9,"f:19:28:19:33":4,"s:19:33:19:54":10,"s:22:8:24:Infinity":11,"f:22:41:22:Infinity":5,"s:23:4:23:Infinity":12,"f:23:28:23:33":6,"s:23:33:23:59":13,"s:26:8:28:Infinity":14,"f:26:32:26:Infinity":7,"s:27:4:27:Infinity":15,"f:27:36:27:37":8,"s:27:48:27:69":16,"b:27:55:27:65:27:65:27:69":0,"s:30:8:34:Infinity":17,"f:30:33:30:39":9,"s:31:18:31:Infinity":18,"b:32:4:32:Infinity:undefined:undefined:undefined:undefined":1,"s:32:4:32:Infinity":19,"s:32:21:32:Infinity":20,"s:33:4:33:Infinity":21,"s:36:8:44:Infinity":22,"f:36:36:36:42":10,"s:37:4:43:Infinity":23,"f:37:35:37:36":11,"b:38:6:40:Infinity:undefined:undefined:undefined:undefined":2,"s:38:6:40:Infinity":24,"s:39:8:39:Infinity":25,"s:41:6:41:Infinity":26,"s:42:6:42:Infinity":27,"f:47:17:47:35":12,"s:48:4:48:Infinity":28,"s:49:4:49:Infinity":29,"s:50:4:57:Infinity":30,"s:51:6:51:Infinity":31,"s:53:6:53:Infinity":32,"b:53:43:53:57:53:57:53:Infinity":3,"s:54:6:54:Infinity":33,"s:56:6:56:Infinity":34,"f:60:17:60:35":13,"s:61:4:61:Infinity":35,"s:62:4:62:Infinity":36,"s:63:4:73:Infinity":37,"s:64:6:64:Infinity":38,"b:64:31:64:63:64:63:64:Infinity":4,"b:65:6:67:Infinity:undefined:undefined:undefined:undefined":5,"s:65:6:67:Infinity":39,"s:66:8:66:Infinity":40,"s:69:6:69:Infinity":41,"b:69:43:69:57:69:57:69:Infinity":6,"s:70:6:70:Infinity":42,"s:72:6:72:Infinity":43,"f:76:17:76:32":14,"s:77:4:77:Infinity":44,"s:78:4:78:Infinity":45,"s:79:4:93:Infinity":46,"s:80:17:84:Infinity":47,"s:85:6:85:Infinity":48,"s:86:6:86:Infinity":49,"s:88:6:88:Infinity":50,"b:88:43:88:57:88:57:88:Infinity":7,"s:89:6:89:Infinity":51,"s:90:6:90:Infinity":52,"s:92:6:92:Infinity":53,"f:96:17:96:32":15,"s:97:4:97:Infinity":54,"s:98:4:98:Infinity":55,"s:99:4:116:Infinity":56,"s:100:6:103:Infinity":57,"s:104:6:104:Infinity":58,"b:107:6:109:Infinity:undefined:undefined:undefined:undefined":8,"s:107:6:109:Infinity":59,"s:108:8:108:Infinity":60,"s:111:6:111:Infinity":61,"b:111:43:111:57:111:57:111:Infinity":9,"s:112:6:112:Infinity":62,"s:113:6:113:Infinity":63,"s:115:6:115:Infinity":64,"f:119:17:119:32":16,"s:120:4:120:Infinity":65,"s:121:4:121:Infinity":66,"s:122:4:136:Infinity":67,"s:123:6:123:Infinity":68,"s:124:6:124:Infinity":69,"b:127:6:129:Infinity:undefined:undefined:undefined:undefined":10,"s:127:6:129:Infinity":70,"s:128:8:128:Infinity":71,"s:131:6:131:Infinity":72,"b:131:43:131:57:131:57:131:Infinity":11,"s:132:6:132:Infinity":73,"s:133:6:133:Infinity":74,"s:135:6:135:Infinity":75,"f:139:11:139:24":17,"s:140:4:140:Infinity":76,"s:143:2:163:Infinity":77}}}
,"/Users/astalin/Sources/perso/Locapilot/src/features/rents/stores/rentsStore.ts": {"path":"/Users/astalin/Sources/perso/Locapilot/src/features/rents/stores/rentsStore.ts","statementMap":{"0":{"start":{"line":12,"column":13},"end":{"line":200,"column":null}},"1":{"start":{"line":13,"column":28},"end":{"line":18,"column":null}},"2":{"start":{"line":22,"column":26},"end":{"line":22,"column":null}},"3":{"start":{"line":22,"column":50},"end":{"line":22,"column":69}},"4":{"start":{"line":25,"column":29},"end":{"line":25,"column":null}},"5":{"start":{"line":25,"column":53},"end":{"line":25,"column":75}},"6":{"start":{"line":28,"column":29},"end":{"line":28,"column":null}},"7":{"start":{"line":28,"column":61},"end":{"line":28,"column":80}},"8":{"start":{"line":32,"column":6},"end":{"line":34,"column":null}},"9":{"start":{"line":33,"column":29},"end":{"line":33,"column":48}},"10":{"start":{"line":34,"column":42},"end":{"line":34,"column":58}},"11":{"start":{"line":38,"column":6},"end":{"line":40,"column":null}},"12":{"start":{"line":39,"column":29},"end":{"line":39,"column":51}},"13":{"start":{"line":40,"column":42},"end":{"line":40,"column":58}},"14":{"start":{"line":44,"column":6},"end":{"line":46,"column":null}},"15":{"start":{"line":45,"column":29},"end":{"line":45,"column":48}},"16":{"start":{"line":46,"column":42},"end":{"line":46,"column":58}},"17":{"start":{"line":49,"column":29},"end":{"line":53,"column":null}},"18":{"start":{"line":50,"column":6},"end":{"line":53,"column":null}},"19":{"start":{"line":51,"column":21},"end":{"line":51,"column":null}},"20":{"start":{"line":52,"column":8},"end":{"line":52,"column":null}},"21":{"start":{"line":56,"column":29},"end":{"line":57,"column":null}},"22":{"start":{"line":57,"column":6},"end":{"line":57,"column":null}},"23":{"start":{"line":57,"column":38},"end":{"line":57,"column":59}},"24":{"start":{"line":61,"column":20},"end":{"line":61,"column":null}},"25":{"start":{"line":62,"column":6},"end":{"line":62,"column":null}},"26":{"start":{"line":62,"column":23},"end":{"line":62,"column":null}},"27":{"start":{"line":63,"column":19},"end":{"line":63,"column":null}},"28":{"start":{"line":63,"column":51},"end":{"line":63,"column":70}},"29":{"start":{"line":64,"column":6},"end":{"line":64,"column":null}},"30":{"start":{"line":70,"column":6},"end":{"line":70,"column":null}},"31":{"start":{"line":71,"column":6},"end":{"line":71,"column":null}},"32":{"start":{"line":72,"column":6},"end":{"line":82,"column":null}},"33":{"start":{"line":73,"column":8},"end":{"line":73,"column":null}},"34":{"start":{"line":76,"column":8},"end":{"line":76,"column":null}},"35":{"start":{"line":78,"column":8},"end":{"line":78,"column":null}},"36":{"start":{"line":79,"column":8},"end":{"line":79,"column":null}},"37":{"start":{"line":81,"column":8},"end":{"line":81,"column":null}},"38":{"start":{"line":86,"column":6},"end":{"line":86,"column":null}},"39":{"start":{"line":87,"column":6},"end":{"line":87,"column":null}},"40":{"start":{"line":88,"column":6},"end":{"line":100,"column":null}},"41":{"start":{"line":89,"column":21},"end":{"line":89,"column":null}},"42":{"start":{"line":90,"column":8},"end":{"line":94,"column":null}},"43":{"start":{"line":91,"column":10},"end":{"line":91,"column":null}},"44":{"start":{"line":93,"column":10},"end":{"line":93,"column":null}},"45":{"start":{"line":96,"column":8},"end":{"line":96,"column":null}},"46":{"start":{"line":97,"column":8},"end":{"line":97,"column":null}},"47":{"start":{"line":99,"column":8},"end":{"line":99,"column":null}},"48":{"start":{"line":104,"column":6},"end":{"line":104,"column":null}},"49":{"start":{"line":105,"column":6},"end":{"line":105,"column":null}},"50":{"start":{"line":106,"column":6},"end":{"line":124,"column":null}},"51":{"start":{"line":107,"column":20},"end":{"line":107,"column":null}},"52":{"start":{"line":108,"column":42},"end":{"line":112,"column":null}},"53":{"start":{"line":114,"column":19},"end":{"line":114,"column":null}},"54":{"start":{"line":115,"column":34},"end":{"line":115,"column":null}},"55":{"start":{"line":116,"column":8},"end":{"line":116,"column":null}},"56":{"start":{"line":117,"column":8},"end":{"line":117,"column":null}},"57":{"start":{"line":119,"column":8},"end":{"line":119,"column":null}},"58":{"start":{"line":120,"column":8},"end":{"line":120,"column":null}},"59":{"start":{"line":121,"column":8},"end":{"line":121,"column":null}},"60":{"start":{"line":123,"column":8},"end":{"line":123,"column":null}},"61":{"start":{"line":128,"column":6},"end":{"line":128,"column":null}},"62":{"start":{"line":129,"column":6},"end":{"line":129,"column":null}},"63":{"start":{"line":130,"column":6},"end":{"line":152,"column":null}},"64":{"start":{"line":131,"column":28},"end":{"line":134,"column":null}},"65":{"start":{"line":136,"column":8},"end":{"line":136,"column":null}},"66":{"start":{"line":138,"column":22},"end":{"line":138,"column":null}},"67":{"start":{"line":138,"column":56},"end":{"line":138,"column":67}},"68":{"start":{"line":139,"column":8},"end":{"line":141,"column":null}},"69":{"start":{"line":140,"column":10},"end":{"line":140,"column":null}},"70":{"start":{"line":143,"column":8},"end":{"line":145,"column":null}},"71":{"start":{"line":144,"column":10},"end":{"line":144,"column":null}},"72":{"start":{"line":147,"column":8},"end":{"line":147,"column":null}},"73":{"start":{"line":148,"column":8},"end":{"line":148,"column":null}},"74":{"start":{"line":149,"column":8},"end":{"line":149,"column":null}},"75":{"start":{"line":151,"column":8},"end":{"line":151,"column":null}},"76":{"start":{"line":156,"column":6},"end":{"line":156,"column":null}},"77":{"start":{"line":157,"column":6},"end":{"line":157,"column":null}},"78":{"start":{"line":158,"column":6},"end":{"line":170,"column":null}},"79":{"start":{"line":159,"column":8},"end":{"line":159,"column":null}},"80":{"start":{"line":160,"column":8},"end":{"line":160,"column":null}},"81":{"start":{"line":160,"column":52},"end":{"line":160,"column":63}},"82":{"start":{"line":161,"column":8},"end":{"line":163,"column":null}},"83":{"start":{"line":162,"column":10},"end":{"line":162,"column":null}},"84":{"start":{"line":165,"column":8},"end":{"line":165,"column":null}},"85":{"start":{"line":166,"column":8},"end":{"line":166,"column":null}},"86":{"start":{"line":167,"column":8},"end":{"line":167,"column":null}},"87":{"start":{"line":169,"column":8},"end":{"line":169,"column":null}},"88":{"start":{"line":174,"column":6},"end":{"line":177,"column":null}},"89":{"start":{"line":181,"column":20},"end":{"line":181,"column":null}},"90":{"start":{"line":182,"column":6},"end":{"line":182,"column":null}},"91":{"start":{"line":184,"column":22},"end":{"line":191,"column":null}},"92":{"start":{"line":186,"column":10},"end":{"line":186,"column":null}},"93":{"start":{"line":186,"column":35},"end":{"line":186,"column":null}},"94":{"start":{"line":187,"column":26},"end":{"line":187,"column":null}},"95":{"start":{"line":188,"column":10},"end":{"line":188,"column":null}},"96":{"start":{"line":189,"column":10},"end":{"line":189,"column":null}},"97":{"start":{"line":191,"column":26},"end":{"line":191,"column":77}},"98":{"start":{"line":193,"column":6},"end":{"line":193,"column":null}},"99":{"start":{"line":197,"column":6},"end":{"line":197,"column":null}}},"fnMap":{"0":{"name":"(anonymous_0)","decl":{"start":{"line":13,"column":9},"end":{"line":13,"column":28}},"loc":{"start":{"line":13,"column":28},"end":{"line":18,"column":null}},"line":13},"1":{"name":"(anonymous_1)","decl":{"start":{"line":22,"column":15},"end":{"line":22,"column":16}},"loc":{"start":{"line":22,"column":26},"end":{"line":22,"column":null}},"line":22},"2":{"name":"(anonymous_2)","decl":{"start":{"line":22,"column":45},"end":{"line":22,"column":50}},"loc":{"start":{"line":22,"column":50},"end":{"line":22,"column":69}},"line":22},"3":{"name":"(anonymous_3)","decl":{"start":{"line":25,"column":18},"end":{"line":25,"column":19}},"loc":{"start":{"line":25,"column":29},"end":{"line":25,"column":null}},"line":25},"4":{"name":"(anonymous_4)","decl":{"start":{"line":25,"column":48},"end":{"line":25,"column":53}},"loc":{"start":{"line":25,"column":53},"end":{"line":25,"column":75}},"line":25},"5":{"name":"(anonymous_5)","decl":{"start":{"line":28,"column":18},"end":{"line":28,"column":19}},"loc":{"start":{"line":28,"column":29},"end":{"line":28,"column":null}},"line":28},"6":{"name":"(anonymous_6)","decl":{"start":{"line":28,"column":48},"end":{"line":28,"column":49}},"loc":{"start":{"line":28,"column":61},"end":{"line":28,"column":80}},"line":28},"7":{"name":"(anonymous_7)","decl":{"start":{"line":31,"column":21},"end":{"line":31,"column":22}},"loc":{"start":{"line":32,"column":6},"end":{"line":34,"column":null}},"line":32},"8":{"name":"(anonymous_8)","decl":{"start":{"line":33,"column":16},"end":{"line":33,"column":17}},"loc":{"start":{"line":33,"column":29},"end":{"line":33,"column":48}},"line":33},"9":{"name":"(anonymous_9)","decl":{"start":{"line":34,"column":16},"end":{"line":34,"column":17}},"loc":{"start":{"line":34,"column":42},"end":{"line":34,"column":58}},"line":34},"10":{"name":"(anonymous_10)","decl":{"start":{"line":37,"column":24},"end":{"line":37,"column":25}},"loc":{"start":{"line":38,"column":6},"end":{"line":40,"column":null}},"line":38},"11":{"name":"(anonymous_11)","decl":{"start":{"line":39,"column":16},"end":{"line":39,"column":17}},"loc":{"start":{"line":39,"column":29},"end":{"line":39,"column":51}},"line":39},"12":{"name":"(anonymous_12)","decl":{"start":{"line":40,"column":16},"end":{"line":40,"column":17}},"loc":{"start":{"line":40,"column":42},"end":{"line":40,"column":58}},"line":40},"13":{"name":"(anonymous_13)","decl":{"start":{"line":43,"column":24},"end":{"line":43,"column":25}},"loc":{"start":{"line":44,"column":6},"end":{"line":46,"column":null}},"line":44},"14":{"name":"(anonymous_14)","decl":{"start":{"line":45,"column":16},"end":{"line":45,"column":17}},"loc":{"start":{"line":45,"column":29},"end":{"line":45,"column":48}},"line":45},"15":{"name":"(anonymous_15)","decl":{"start":{"line":46,"column":16},"end":{"line":46,"column":17}},"loc":{"start":{"line":46,"column":42},"end":{"line":46,"column":58}},"line":46},"16":{"name":"(anonymous_16)","decl":{"start":{"line":49,"column":18},"end":{"line":49,"column":19}},"loc":{"start":{"line":49,"column":29},"end":{"line":53,"column":null}},"line":49},"17":{"name":"(anonymous_17)","decl":{"start":{"line":49,"column":29},"end":{"line":49,"column":30}},"loc":{"start":{"line":50,"column":6},"end":{"line":53,"column":null}},"line":50},"18":{"name":"(anonymous_18)","decl":{"start":{"line":50,"column":25},"end":{"line":50,"column":26}},"loc":{"start":{"line":50,"column":38},"end":{"line":53,"column":7}},"line":50},"19":{"name":"(anonymous_19)","decl":{"start":{"line":56,"column":18},"end":{"line":56,"column":19}},"loc":{"start":{"line":56,"column":29},"end":{"line":57,"column":null}},"line":56},"20":{"name":"(anonymous_20)","decl":{"start":{"line":56,"column":29},"end":{"line":56,"column":30}},"loc":{"start":{"line":57,"column":6},"end":{"line":57,"column":null}},"line":57},"21":{"name":"(anonymous_21)","decl":{"start":{"line":57,"column":25},"end":{"line":57,"column":26}},"loc":{"start":{"line":57,"column":38},"end":{"line":57,"column":59}},"line":57},"22":{"name":"(anonymous_22)","decl":{"start":{"line":60,"column":17},"end":{"line":60,"column":18}},"loc":{"start":{"line":60,"column":28},"end":{"line":65,"column":null}},"line":60},"23":{"name":"(anonymous_23)","decl":{"start":{"line":63,"column":38},"end":{"line":63,"column":39}},"loc":{"start":{"line":63,"column":51},"end":{"line":63,"column":70}},"line":63},"24":{"name":"(anonymous_24)","decl":{"start":{"line":69,"column":10},"end":{"line":69,"column":23}},"loc":{"start":{"line":69,"column":23},"end":{"line":83,"column":null}},"line":69},"25":{"name":"(anonymous_25)","decl":{"start":{"line":85,"column":10},"end":{"line":85,"column":24}},"loc":{"start":{"line":85,"column":36},"end":{"line":101,"column":null}},"line":85},"26":{"name":"(anonymous_26)","decl":{"start":{"line":103,"column":10},"end":{"line":103,"column":21}},"loc":{"start":{"line":103,"column":73},"end":{"line":125,"column":null}},"line":103},"27":{"name":"(anonymous_27)","decl":{"start":{"line":127,"column":10},"end":{"line":127,"column":21}},"loc":{"start":{"line":127,"column":83},"end":{"line":153,"column":null}},"line":127},"28":{"name":"(anonymous_28)","decl":{"start":{"line":138,"column":43},"end":{"line":138,"column":44}},"loc":{"start":{"line":138,"column":56},"end":{"line":138,"column":67}},"line":138},"29":{"name":"(anonymous_29)","decl":{"start":{"line":155,"column":10},"end":{"line":155,"column":21}},"loc":{"start":{"line":155,"column":33},"end":{"line":171,"column":null}},"line":155},"30":{"name":"(anonymous_30)","decl":{"start":{"line":160,"column":39},"end":{"line":160,"column":40}},"loc":{"start":{"line":160,"column":52},"end":{"line":160,"column":63}},"line":160},"31":{"name":"(anonymous_31)","decl":{"start":{"line":173,"column":10},"end":{"line":173,"column":18}},"loc":{"start":{"line":173,"column":47},"end":{"line":178,"column":null}},"line":173},"32":{"name":"(anonymous_32)","decl":{"start":{"line":180,"column":10},"end":{"line":180,"column":31}},"loc":{"start":{"line":180,"column":31},"end":{"line":194,"column":null}},"line":180},"33":{"name":"(anonymous_33)","decl":{"start":{"line":185,"column":16},"end":{"line":185,"column":17}},"loc":{"start":{"line":185,"column":29},"end":{"line":190,"column":9}},"line":185},"34":{"name":"(anonymous_34)","decl":{"start":{"line":191,"column":13},"end":{"line":191,"column":14}},"loc":{"start":{"line":191,"column":26},"end":{"line":191,"column":77}},"line":191},"35":{"name":"(anonymous_35)","decl":{"start":{"line":196,"column":4},"end":{"line":196,"column":17}},"loc":{"start":{"line":196,"column":17},"end":{"line":198,"column":null}},"line":196}},"branchMap":{"0":{"loc":{"start":{"line":52,"column":15},"end":{"line":52,"column":null}},"type":"binary-expr","locations":[{"start":{"line":52,"column":15},"end":{"line":52,"column":44}},{"start":{"line":52,"column":44},"end":{"line":52,"column":null}}],"line":52},"1":{"loc":{"start":{"line":62,"column":6},"end":{"line":62,"column":null}},"type":"if","locations":[{"start":{"line":62,"column":6},"end":{"line":62,"column":null}},{"start":{},"end":{}}],"line":62},"2":{"loc":{"start":{"line":90,"column":8},"end":{"line":94,"column":null}},"type":"if","locations":[{"start":{"line":90,"column":8},"end":{"line":94,"column":null}},{"start":{"line":92,"column":15},"end":{"line":94,"column":null}}],"line":90},"3":{"loc":{"start":{"line":139,"column":8},"end":{"line":141,"column":null}},"type":"if","locations":[{"start":{"line":139,"column":8},"end":{"line":141,"column":null}},{"start":{},"end":{}}],"line":139},"4":{"loc":{"start":{"line":143,"column":8},"end":{"line":145,"column":null}},"type":"if","locations":[{"start":{"line":143,"column":8},"end":{"line":145,"column":null}},{"start":{},"end":{}}],"line":143},"5":{"loc":{"start":{"line":161,"column":8},"end":{"line":163,"column":null}},"type":"if","locations":[{"start":{"line":161,"column":8},"end":{"line":163,"column":null}},{"start":{},"end":{}}],"line":161},"6":{"loc":{"start":{"line":176,"column":18},"end":{"line":176,"column":null}},"type":"binary-expr","locations":[{"start":{"line":176,"column":18},"end":{"line":176,"column":30}},{"start":{"line":176,"column":30},"end":{"line":176,"column":null}}],"line":176},"7":{"loc":{"start":{"line":186,"column":10},"end":{"line":186,"column":null}},"type":"if","locations":[{"start":{"line":186,"column":10},"end":{"line":186,"column":null}},{"start":{},"end":{}}],"line":186},"8":{"loc":{"start":{"line":191,"column":26},"end":{"line":191,"column":77}},"type":"binary-expr","locations":[{"start":{"line":191,"column":26},"end":{"line":191,"column":35}},{"start":{"line":191,"column":35},"end":{"line":191,"column":77}}],"line":191}},"s":{"0":1,"1":20,"2":1,"3":3,"4":1,"5":2,"6":1,"7":2,"8":1,"9":3,"10":2,"11":0,"12":0,"13":0,"14":0,"15":0,"16":0,"17":0,"18":0,"19":0,"20":0,"21":0,"22":0,"23":0,"24":2,"25":2,"26":1,"27":1,"28":4,"29":1,"30":2,"31":2,"32":2,"33":2,"34":1,"35":1,"36":1,"37":2,"38":3,"39":3,"40":3,"41":3,"42":2,"43":1,"44":1,"45":1,"46":1,"47":3,"48":2,"49":2,"50":2,"51":2,"52":2,"53":2,"54":1,"55":1,"56":1,"57":1,"58":1,"59":1,"60":2,"61":3,"62":3,"63":3,"64":3,"65":3,"66":2,"67":2,"68":2,"69":2,"70":2,"71":0,"72":1,"73":1,"74":1,"75":3,"76":2,"77":2,"78":2,"79":2,"80":1,"81":2,"82":1,"83":0,"84":1,"85":1,"86":1,"87":2,"88":1,"89":1,"90":1,"91":1,"92":2,"93":1,"94":1,"95":1,"96":1,"97":0,"98":1,"99":1},"f":{"0":20,"1":1,"2":3,"3":1,"4":2,"5":1,"6":2,"7":1,"8":3,"9":2,"10":0,"11":0,"12":0,"13":0,"14":0,"15":0,"16":0,"17":0,"18":0,"19":0,"20":0,"21":0,"22":2,"23":4,"24":2,"25":3,"26":2,"27":3,"28":2,"29":2,"30":2,"31":1,"32":1,"33":2,"34":0,"35":1},"b":{"0":[0,0],"1":[1,1],"2":[1,1],"3":[2,0],"4":[0,2],"5":[0,1],"6":[1,0],"7":[1,1],"8":[0,0]},"meta":{"lastBranch":9,"lastFunction":36,"lastStatement":100,"seen":{"s:12:13:200:Infinity":0,"f:13:9:13:28":0,"s:13:28:18:Infinity":1,"f:22:15:22:16":1,"s:22:26:22:Infinity":2,"f:22:45:22:50":2,"s:22:50:22:69":3,"f:25:18:25:19":3,"s:25:29:25:Infinity":4,"f:25:48:25:53":4,"s:25:53:25:75":5,"f:28:18:28:19":5,"s:28:29:28:Infinity":6,"f:28:48:28:49":6,"s:28:61:28:80":7,"f:31:21:31:22":7,"s:32:6:34:Infinity":8,"f:33:16:33:17":8,"s:33:29:33:48":9,"f:34:16:34:17":9,"s:34:42:34:58":10,"f:37:24:37:25":10,"s:38:6:40:Infinity":11,"f:39:16:39:17":11,"s:39:29:39:51":12,"f:40:16:40:17":12,"s:40:42:40:58":13,"f:43:24:43:25":13,"s:44:6:46:Infinity":14,"f:45:16:45:17":14,"s:45:29:45:48":15,"f:46:16:46:17":15,"s:46:42:46:58":16,"f:49:18:49:19":16,"s:49:29:53:Infinity":17,"f:49:29:49:30":17,"s:50:6:53:Infinity":18,"f:50:25:50:26":18,"s:51:21:51:Infinity":19,"s:52:8:52:Infinity":20,"b:52:15:52:44:52:44:52:Infinity":0,"f:56:18:56:19":19,"s:56:29:57:Infinity":21,"f:56:29:56:30":20,"s:57:6:57:Infinity":22,"f:57:25:57:26":21,"s:57:38:57:59":23,"f:60:17:60:18":22,"s:61:20:61:Infinity":24,"b:62:6:62:Infinity:undefined:undefined:undefined:undefined":1,"s:62:6:62:Infinity":25,"s:62:23:62:Infinity":26,"s:63:19:63:Infinity":27,"f:63:38:63:39":23,"s:63:51:63:70":28,"s:64:6:64:Infinity":29,"f:69:10:69:23":24,"s:70:6:70:Infinity":30,"s:71:6:71:Infinity":31,"s:72:6:82:Infinity":32,"s:73:8:73:Infinity":33,"s:76:8:76:Infinity":34,"s:78:8:78:Infinity":35,"s:79:8:79:Infinity":36,"s:81:8:81:Infinity":37,"f:85:10:85:24":25,"s:86:6:86:Infinity":38,"s:87:6:87:Infinity":39,"s:88:6:100:Infinity":40,"s:89:21:89:Infinity":41,"b:90:8:94:Infinity:92:15:94:Infinity":2,"s:90:8:94:Infinity":42,"s:91:10:91:Infinity":43,"s:93:10:93:Infinity":44,"s:96:8:96:Infinity":45,"s:97:8:97:Infinity":46,"s:99:8:99:Infinity":47,"f:103:10:103:21":26,"s:104:6:104:Infinity":48,"s:105:6:105:Infinity":49,"s:106:6:124:Infinity":50,"s:107:20:107:Infinity":51,"s:108:42:112:Infinity":52,"s:114:19:114:Infinity":53,"s:115:34:115:Infinity":54,"s:116:8:116:Infinity":55,"s:117:8:117:Infinity":56,"s:119:8:119:Infinity":57,"s:120:8:120:Infinity":58,"s:121:8:121:Infinity":59,"s:123:8:123:Infinity":60,"f:127:10:127:21":27,"s:128:6:128:Infinity":61,"s:129:6:129:Infinity":62,"s:130:6:152:Infinity":63,"s:131:28:134:Infinity":64,"s:136:8:136:Infinity":65,"s:138:22:138:Infinity":66,"f:138:43:138:44":28,"s:138:56:138:67":67,"b:139:8:141:Infinity:undefined:undefined:undefined:undefined":3,"s:139:8:141:Infinity":68,"s:140:10:140:Infinity":69,"b:143:8:145:Infinity:undefined:undefined:undefined:undefined":4,"s:143:8:145:Infinity":70,"s:144:10:144:Infinity":71,"s:147:8:147:Infinity":72,"s:148:8:148:Infinity":73,"s:149:8:149:Infinity":74,"s:151:8:151:Infinity":75,"f:155:10:155:21":29,"s:156:6:156:Infinity":76,"s:157:6:157:Infinity":77,"s:158:6:170:Infinity":78,"s:159:8:159:Infinity":79,"s:160:8:160:Infinity":80,"f:160:39:160:40":30,"s:160:52:160:63":81,"b:161:8:163:Infinity:undefined:undefined:undefined:undefined":5,"s:161:8:163:Infinity":82,"s:162:10:162:Infinity":83,"s:165:8:165:Infinity":84,"s:166:8:166:Infinity":85,"s:167:8:167:Infinity":86,"s:169:8:169:Infinity":87,"f:173:10:173:18":31,"s:174:6:177:Infinity":88,"b:176:18:176:30:176:30:176:Infinity":6,"f:180:10:180:31":32,"s:181:20:181:Infinity":89,"s:182:6:182:Infinity":90,"s:184:22:191:Infinity":91,"f:185:16:185:17":33,"b:186:10:186:Infinity:undefined:undefined:undefined:undefined":7,"s:186:10:186:Infinity":92,"s:186:35:186:Infinity":93,"s:187:26:187:Infinity":94,"s:188:10:188:In
[...]
"column":13},"end":{"line":43,"column":36}},{"start":{"line":43,"column":36},"end":{"line":43,"column":null}}],"line":43},"14":{"loc":{"start":{"line":49,"column":6},"end":{"line":49,"column":null}},"type":"if","locations":[{"start":{"line":49,"column":6},"end":{"line":49,"column":null}},{"start":{},"end":{}}],"line":49},"15":{"loc":{"start":{"line":50,"column":18},"end":{"line":50,"column":null}},"type":"binary-expr","locations":[{"start":{"line":50,"column":18},"end":{"line":50,"column":29}},{"start":{"line":50,"column":29},"end":{"line":50,"column":null}}],"line":50},"16":{"loc":{"start":{"line":51,"column":13},"end":{"line":51,"column":null}},"type":"binary-expr","locations":[{"start":{"line":51,"column":13},"end":{"line":51,"column":36}},{"start":{"line":51,"column":36},"end":{"line":51,"column":null}}],"line":51},"17":{"loc":{"start":{"line":57,"column":6},"end":{"line":57,"column":null}},"type":"if","locations":[{"start":{"line":57,"column":6},"end":{"line":57,"column":null}},{"start":{},"end":{}}],"line":57},"18":{"loc":{"start":{"line":57,"column":10},"end":{"line":57,"column":49}},"type":"binary-expr","locations":[{"start":{"line":57,"column":10},"end":{"line":57,"column":28}},{"start":{"line":57,"column":28},"end":{"line":57,"column":49}}],"line":57},"19":{"loc":{"start":{"line":58,"column":18},"end":{"line":58,"column":null}},"type":"binary-expr","locations":[{"start":{"line":58,"column":18},"end":{"line":58,"column":29}},{"start":{"line":58,"column":29},"end":{"line":58,"column":null}}],"line":58},"20":{"loc":{"start":{"line":59,"column":13},"end":{"line":59,"column":null}},"type":"binary-expr","locations":[{"start":{"line":59,"column":13},"end":{"line":59,"column":42}},{"start":{"line":59,"column":42},"end":{"line":59,"column":null}}],"line":59},"21":{"loc":{"start":{"line":65,"column":6},"end":{"line":65,"column":null}},"type":"if","locations":[{"start":{"line":65,"column":6},"end":{"line":65,"column":null}},{"start":{},"end":{}}],"line":65},"22":{"loc":{"start":{"line":65,"column":10},"end":{"line":65,"column":49}},"type":"binary-expr","locations":[{"start":{"line":65,"column":10},"end":{"line":65,"column":28}},{"start":{"line":65,"column":28},"end":{"line":65,"column":49}}],"line":65},"23":{"loc":{"start":{"line":66,"column":18},"end":{"line":66,"column":null}},"type":"binary-expr","locations":[{"start":{"line":66,"column":18},"end":{"line":66,"column":29}},{"start":{"line":66,"column":29},"end":{"line":66,"column":null}}],"line":66},"24":{"loc":{"start":{"line":67,"column":13},"end":{"line":67,"column":null}},"type":"binary-expr","locations":[{"start":{"line":67,"column":13},"end":{"line":67,"column":42}},{"start":{"line":67,"column":42},"end":{"line":67,"column":null}}],"line":67},"25":{"loc":{"start":{"line":71,"column":34},"end":{"line":71,"column":82}},"type":"default-arg","locations":[{"start":{"line":71,"column":44},"end":{"line":71,"column":82}}],"line":71},"26":{"loc":{"start":{"line":73,"column":6},"end":{"line":73,"column":null}},"type":"if","locations":[{"start":{"line":73,"column":6},"end":{"line":73,"column":null}},{"start":{},"end":{}}],"line":73},"27":{"loc":{"start":{"line":74,"column":13},"end":{"line":74,"column":null}},"type":"binary-expr","locations":[{"start":{"line":74,"column":13},"end":{"line":74,"column":34}},{"start":{"line":74,"column":34},"end":{"line":74,"column":null}}],"line":74},"28":{"loc":{"start":{"line":78,"column":19},"end":{"line":78,"column":71}},"type":"default-arg","locations":[{"start":{"line":78,"column":29},"end":{"line":78,"column":71}}],"line":78},"29":{"loc":{"start":{"line":80,"column":6},"end":{"line":80,"column":null}},"type":"if","locations":[{"start":{"line":80,"column":6},"end":{"line":80,"column":null}},{"start":{},"end":{}}],"line":80},"30":{"loc":{"start":{"line":80,"column":10},"end":{"line":80,"column":65}},"type":"binary-expr","locations":[{"start":{"line":80,"column":10},"end":{"line":80,"column":28}},{"start":{"line":80,"column":28},"end":{"line":80,"column":51}},{"start":{"line":80,"column":51},"end":{"line":80,"column":65}}],"line":80},"31":{"loc":{"start":{"line":81,"column":13},"end":{"line":81,"column":null}},"type":"binary-expr","locations":[{"start":{"line":81,"column":13},"end":{"line":81,"column":38}},{"start":{"line":81,"column":38},"end":{"line":81,"column":null}}],"line":81},"32":{"loc":{"start":{"line":85,"column":19},"end":{"line":85,"column":78}},"type":"default-arg","locations":[{"start":{"line":85,"column":29},"end":{"line":85,"column":78}}],"line":85},"33":{"loc":{"start":{"line":87,"column":6},"end":{"line":87,"column":null}},"type":"if","locations":[{"start":{"line":87,"column":6},"end":{"line":87,"column":null}},{"start":{},"end":{}}],"line":87},"34":{"loc":{"start":{"line":87,"column":10},"end":{"line":87,"column":65}},"type":"binary-expr","locations":[{"start":{"line":87,"column":10},"end":{"line":87,"column":28}},{"start":{"line":87,"column":28},"end":{"line":87,"column":51}},{"start":{"line":87,"column":51},"end":{"line":87,"column":65}}],"line":87},"35":{"loc":{"start":{"line":88,"column":13},"end":{"line":88,"column":null}},"type":"binary-expr","locations":[{"start":{"line":88,"column":13},"end":{"line":88,"column":48}},{"start":{"line":88,"column":48},"end":{"line":88,"column":null}}],"line":88},"36":{"loc":{"start":{"line":92,"column":20},"end":{"line":92,"column":70}},"type":"default-arg","locations":[{"start":{"line":92,"column":30},"end":{"line":92,"column":70}}],"line":92},"37":{"loc":{"start":{"line":94,"column":6},"end":{"line":94,"column":null}},"type":"if","locations":[{"start":{"line":94,"column":6},"end":{"line":94,"column":null}},{"start":{},"end":{}}],"line":94},"38":{"loc":{"start":{"line":94,"column":10},"end":{"line":94,"column":49}},"type":"binary-expr","locations":[{"start":{"line":94,"column":10},"end":{"line":94,"column":28}},{"start":{"line":94,"column":28},"end":{"line":94,"column":49}}],"line":94},"39":{"loc":{"start":{"line":95,"column":13},"end":{"line":95,"column":null}},"type":"binary-expr","locations":[{"start":{"line":95,"column":13},"end":{"line":95,"column":34}},{"start":{"line":95,"column":34},"end":{"line":95,"column":null}}],"line":95},"40":{"loc":{"start":{"line":99,"column":26},"end":{"line":99,"column":84}},"type":"default-arg","locations":[{"start":{"line":99,"column":36},"end":{"line":99,"column":84}}],"line":99},"41":{"loc":{"start":{"line":101,"column":6},"end":{"line":101,"column":null}},"type":"if","locations":[{"start":{"line":101,"column":6},"end":{"line":101,"column":null}},{"start":{},"end":{}}],"line":101},"42":{"loc":{"start":{"line":101,"column":10},"end":{"line":101,"column":49}},"type":"binary-expr","locations":[{"start":{"line":101,"column":10},"end":{"line":101,"column":28}},{"start":{"line":101,"column":28},"end":{"line":101,"column":49}}],"line":101},"43":{"loc":{"start":{"line":102,"column":13},"end":{"line":102,"column":null}},"type":"binary-expr","locations":[{"start":{"line":102,"column":13},"end":{"line":102,"column":35}},{"start":{"line":102,"column":35},"end":{"line":102,"column":null}}],"line":102},"44":{"loc":{"start":{"line":106,"column":15},"end":{"line":106,"column":60}},"type":"default-arg","locations":[{"start":{"line":106,"column":25},"end":{"line":106,"column":60}}],"line":106},"45":{"loc":{"start":{"line":108,"column":6},"end":{"line":108,"column":null}},"type":"if","locations":[{"start":{"line":108,"column":6},"end":{"line":108,"column":null}},{"start":{},"end":{}}],"line":108},"46":{"loc":{"start":{"line":118,"column":16},"end":{"line":118,"column":62}},"type":"default-arg","locations":[{"start":{"line":118,"column":26},"end":{"line":118,"column":62}}],"line":118},"47":{"loc":{"start":{"line":120,"column":6},"end":{"line":120,"column":null}},"type":"if","locations":[{"start":{"line":120,"column":6},"end":{"line":120,"column":null}},{"start":{},"end":{}}],"line":120},"48":{"loc":{"start":{"line":122,"column":13},"end":{"line":122,"column":null}},"type":"binary-expr","locations":[{"start":{"line":122,"column":13},"end":{"line":122,"column":34}},{"start":{"line":122,"column":34},"end":{"line":122,"column":null}}],"line":122},"49":{"loc":{"start":{"line":128,"column":6},"end":{"line":128,"column":null}},"type":"if","locations":[{"start":{"line":128,"column":6},"end":{"line":128,"column":null}},{"start":{},"end":{}}],"line":128},"50":{"loc":{"start":{"line":131,"column":18},"end":{"line":131,"column":null}},"type":"binary-expr","locations":[{"start":{"line":131,"column":18},"end":{"line":131,"column":29}},{"start":{"line":131,"column":29},"end":{"line":131,"column":null}}],"line":131},"51":{"loc":{"start":{"line":132,"column":13},"end":{"line":132,"column":null}},"type":"binary-expr","locations":[{"start":{"line":132,"column":13},"end":{"line":132,"column":40}},{"start":{"line":132,"column":40},"end":{"line":132,"column":null}}],"line":132},"52":{"loc":{"start":{"line":138,"column":6},"end":{"line":138,"column":null}},"type":"if","locations":[{"start":{"line":138,"column":6},"end":{"line":138,"column":null}},{"start":{},"end":{}}],"line":138},"53":{"loc":{"start":{"line":141,"column":18},"end":{"line":141,"column":null}},"type":"binary-expr","locations":[{"start":{"line":141,"column":18},"end":{"line":141,"column":29}},{"start":{"line":141,"column":29},"end":{"line":141,"column":null}}],"line":141},"54":{"loc":{"start":{"line":142,"column":13},"end":{"line":142,"column":null}},"type":"binary-expr","locations":[{"start":{"line":142,"column":13},"end":{"line":142,"column":40}},{"start":{"line":142,"column":40},"end":{"line":142,"column":null}}],"line":142},"55":{"loc":{"start":{"line":148,"column":6},"end":{"line":148,"column":null}},"type":"if","locations":[{"start":{"line":148,"column":6},"end":{"line":148,"column":null}},{"start":{},"end":{}}],"line":148},"56":{"loc":{"start":{"line":149,"column":18},"end":{"line":149,"column":null}},"type":"binary-expr","locations":[{"start":{"line":149,"column":18},"end":{"line":149,"column":29}},{"start":{"line":149,"column":29},"end":{"line":149,"column":null}}],"line":149},"57":{"loc":{"start":{"line":151,"column":13},"end":{"line":151,"column":null}},"type":"binary-expr","locations":[{"start":{"line":151,"column":13},"end":{"line":151,"column":44}},{"start":{"line":151,"column":44},"end":{"line":151,"column":null}}],"line":151},"58":{"loc":{"start":{"line":157,"column":6},"end":{"line":157,"column":null}},"type":"if","locations":[{"start":{"line":157,"column":6},"end":{"line":157,"column":null}},{"start":{},"end":{}}],"line":157},"59":{"loc":{"start":{"line":158,"column":18},"end":{"line":158,"column":null}},"type":"binary-expr","locations":[{"start":{"line":158,"column":18},"end":{"line":158,"column":29}},{"start":{"line":158,"column":29},"end":{"line":158,"column":null}}],"line":158},"60":{"loc":{"start":{"line":159,"column":13},"end":{"line":159,"column":null}},"type":"binary-expr","locations":[{"start":{"line":159,"column":13},"end":{"line":159,"column":49}},{"start":{"line":159,"column":49},"end":{"line":159,"column":null}}],"line":159},"61":{"loc":{"start":{"line":167,"column":6},"end":{"line":169,"column":null}},"type":"if","locations":[{"start":{"line":167,"column":6},"end":{"line":169,"column":null}},{"start":{},"end":{}}],"line":167}},"s":{"0":1,"1":9,"2":14,"3":5,"4":9,"5":1,"6":8,"7":1,"8":5,"9":8,"10":1,"11":7,"12":7,"13":1,"14":2,"15":6,"16":0,"17":6,"18":6,"19":1,"20":5,"21":6,"22":0,"23":6,"24":6,"25":1,"26":3,"27":3,"28":0,"29":3,"30":3,"31":1,"32":4,"33":5,"34":0,"35":5,"36":5,"37":1,"38":2,"39":3,"40":0,"41":3,"42":3,"43":1,"44":0,"45":0,"46":0,"47":0,"48":1,"49":2,"50":4,"51":0,"52":4,"53":1,"54":2,"55":4,"56":0,"57":4,"58":1,"59":2,"60":4,"61":0,"62":4,"63":1,"64":2,"65":3,"66":0,"67":3,"68":1,"69":2,"70":3,"71":0,"72":3,"73":3,"74":3,"75":1,"76":1,"77":2,"78":3,"79":0,"80":3,"81":3,"82":1,"83":0,"84":0,"85":0,"86":0,"87":0,"88":0,"89":0,"90":1,"91":0,"92":0,"93":0,"94":0,"95":0,"96":0,"97":0,"98":1,"99":0,"100":0,"101":0,"102":0,"103":0,"104":0,"105":1,"106":0,"107":0,"108":0,"109":0,"110":0,"111":1,"112":8,"113":14,"114":14,"115":4,"116":4,"117":1,"118":2,"119":2,"120":6,"121":6,"122":6,"123":2,"124":1,"125":2,"126":5,"127":1},"f":{"0":1,"1":9,"2":14,"3":5,"4":8,"5":2,"6":6,"7":5,"8":6,"9":3,"10":3,"11":4,"12":5,"13":2,"14":3,"15":0,"16":0,"17":2,"18":4,"19":2,"20":4,"21":2,"22":4,"23":2,"24":3,"25":2,"26":3,"27":2,"28":3,"29":0,"30":0,"31":0,"32":0,"33":0,"34":0,"35":0,"36":0,"37":8,"38":2,"39":2,"40":5},"b":{"0":[9],"1":[5,9],"2":[14,13,12],"3":[1,8],"4":[9,2],"5":[5],"6":[1,7],"7":[7,4],"8":[2],"9":[0,6],"10":[6,2],"11":[0,6],"12":[6,6],"13":[6,2],"14":[0,3],"15":[3,3],"16":[3,1],"17":[0,5],"18":[5,5],"19":[5,5],"20":[5,2],"21":[0,3],"22":[3,3],"23":[3,3],"24":[3,1],"25":[0],"26":[0,0],"27":[0,0],"28":[2],"29":[0,4],"30":[4,4,4],"31":[4,1],"32":[2],"33":[0,4],"34":[4,4,4],"35":[4,2],"36":[2],"37":[0,4],"38":[4,4],"39":[4,2],"40":[2],"41":[0,3],"42":[3,3],"43":[3,1],"44":[2],"45":[0,3],"46":[2],"47":[0,3],"48":[3,1],"49":[0,0],"50":[0,0],"51":[0,0],"52":[0,0],"53":[0,0],"54":[0,0],"55":[0,0],"56":[0,0],"57":[0,0],"58":[0,0],"59":[0,0],"60":[0,0],"61":[4,10]},"meta":{"lastBranch":62,"lastFunction":41,"lastStatement":128,"seen":{"f:8:16:8:32":0,"s:10:19:20:Infinity":0,"f:10:19:10:20":1,"b:10:30:10:72":0,"s:11:4:19:Infinity":1,"f:11:11:11:12":2,"b:12:6:14:Infinity:undefined:undefined:undefined:undefined":1,"s:12:6:14:Infinity":2,"b:12:10:12:28:12:28:12:51:12:51:12:65":2,"s:13:8:13:Infinity":3,"b:15:6:17:Infinity:undefined:undefined:undefined:undefined":3,"s:15:6:17:Infinity":4,"b:15:10:15:34:15:34:15:54":4,"s:16:8:16:Infinity":5,"s:18:6:18:Infinity":6,"s:22:16:28:Infinity":7,"f:22:16:22:17":3,"b:22:27:22:64":5,"s:23:4:27:Infinity":8,"f:23:11:23:12":4,"b:24:6:24:Infinity:undefined:undefined:undefined:undefined":6,"s:24:6:24:Infinity":9,"s:24:18:24:Infinity":10,"s:25:25:25:Infinity":11,"s:26:6:26:Infinity":12,"b:26:13:26:39:26:39:26:Infinity":7,"s:30:16:37:Infinity":13,"f:30:16:30:17":5,"b:30:27:30:78":8,"s:31:4:36:Infinity":14,"f:31:11:31:12":6,"b:32:6:32:Infinity:undefined:undefined:undefined:undefined":9,"s:32:6:32:Infinity":15,"s:32:18:32:Infinity":16,"s:34:25:34:Infinity":17,"s:35:6:35:Infinity":18,"b:35:13:35:39:35:39:35:Infinity":10,"s:39:20:45:Infinity":19,"f:39:20:39:21":7,"s:40:4:44:Infinity":20,"f:40:11:40:12":8,"b:41:6:41:Infinity:undefined:undefined:undefined:undefined":11,"s:41:6:41:Infinity":21,"s:41:18:41:Infinity":22,"s:42:18:42:Infinity":23,"b:42:18:42:29:42:29:42:Infinity":12,"s:43:6:43:Infinity":24,"b:43:13:43:36:43:36:43:Infinity":13,"s:47:20:53:Infinity":25,"f:47:20:47:21":9,"s:48:4:52:Infinity":26,"f:48:11:48:12":10,"b:49:6:49:Infinity:undefined:undefined:undefined:undefined":14,"s:49:6:49:Infinity":27,"s:49:18:49:Infinity":28,"s:50:18:50:Infinity":29,"b:50:18:50:29:50:29:50:Infinity":15,"s:51:6:51:Infinity":30,"b:51:13:51:36:51:36:51:Infinity":16,"s:55:14:61:Infinity":31,"f:55:14:55:15":11,"s:56:4:60:Infinity":32,"f:56:11:56:12":12,"b:57:6:57:Infinity:undefined:undefined:undefined:undefined":17,"s:57:6:57:Infinity":33,"b:57:10:57:28:57:28:57:49":18,"s:57:49:57:Infinity":34,"s:58:18:58:Infinity":35,"b:58:18:58:29:58:29:58:Infinity":19,"s:59:6:59:Infinity":36,"b:59:13:59:42:59:42:59:Infinity":20,"s:63:14:69:Infinity":37,"f:63:14:63:15":13,"s:64:4:68:Infinity":38,"f:64:11:64:12":14,"b:65:6:65:Infinity:undefined:undefined:undefined:undefined":21,"s:65:6:65:Infinity":39,"b:65:10:65:28:65:28:65:49":22,"s:65:49:65:Infinity":40,"s:66:18:66:Infinity":41,"b:66:18:66:29:66:29:66:Infinity":23,"s:67:6:67:Infinity":42,"b:67:13:67:42:67:42:67:Infinity":24,"s:71:18:76:Infinity":43,"f:71:18:71:19":15,"b:71:44:71:82":25,"s:72:4:75:Infinity":44,"f:72:11:72:12":16,"b:73:6:73:Infinity:undefined:undefined:undefined:undefined":26,"s:73:6:73:Infinity":45,"s:73:18:73:Infinity":46,"s:74:6:74:Infinity":47,"b:74:13:74:34:74:34:74:Infinity":27,"s:78:18:83:Infinity":48,"f:78:18:78:19":17,"b:78:29:78:71":28,"s:79:4:82:Infinity":49,"f:79:11:79:12":18,"b:80:6:80:Infinity:undefined:undefined:undefined:undefined":29,"s:80:6:80:Infinity":50,"b:80:10:80:28:80:28:80:51:80:51:80:65":30,"s:80:65:80:Infinity":51,"s:81:6:81:Infinity":52,"b:81:13:81:38:81:38:81:Infinity":31,"s:85:18:90:Infinity":53,"f:85:18:85:19":19,"b:85:29:85:78":32,"s:86:4:89:Infinity":54,"f:86:11:86:12":20,"b:87:6:87:Infinity:undefined:undefined:undefined:undefined":33,"s:87:6:87:Infinity":55,"b:87:10:87:28:87:28:87:51:87:51:87:65":34,"s:87:65:87:Infinity":56,"s:88:6:88:Infinity":57,"b:88:13:88:48:88:48:88:Infinity":35,"s:92:19:97:Infinity":58,"f:92:19:92:20":21,"b:92:30:92:70":36,"s:93:4:96:Infinity":59,"f:93:11:93:12":22,"b:94:6:94:Infinity:undefined:undefined:undefined:undefined":37,"s:94:6:94:Infinity":60,"b:94:10:94:28:94:28:94:49":38,"s:94:49:94:Infinity":61,"s:95:6:95:Infinity":62,"b:95:13:95:34:95:34:95:Infinity":39,"s:99:25:104:Infinity":63,"f:99:25:99:26":23,"b:99:36:99:84":40,"s:100:4:103:Infinity":64,"f:100:11:100:12":24,"b:101:6:101:Infinity:undefined:undefined:undefined:undefined":41,"s:101:6:101:Infinity":65,"b:101:10:101:28:101:28:101:49":42,"s:101:49:101:Infinity":66,"s:102:6:102:Infinity":67,"b:102:13:102:35:102:35:102:Infinity":43,"s:106:14:116:Infinity":68,"f:106:14:106:15":25,"b:106:25:106:60":44,"s:107:4:115:Infinity":69,"f:107:11:107:12":26,"b:108:6:108:Infinity:undefined:undefined:undefined:undefined":45,"s:108:6:108:Infinity":70,"s:108:18:108:Infinity":71,"s:109:6:114:Infinity":72,"s:110:8:110:Infinity":73,"s:111:8:111:Infinity":74,"s:113:8:113:Infinity":75,"s:118:15:124:Infinity":76,"f:118:15:118:16":27,"b:118:26:118:62":46,"s:119:4:123:Infinity":77,"f:119:11:119:12":28,"b:120:6:120:Infinity:undefined:undefined:undefined:undefined":47,"s:120:6:120:Infinity":78,"s:120:18:120:Infinity":79,"s:121:24:121:Infinity":80,"s:122:6:122:Infinity":81,"b:122:13:122:34:122:34:122:Infinity":48,"s:126:21:134:Infinity":82,"f:126:21:126:22":29,"s:127:4:133:Infinity":83,"f:127:11:127:12":30,"b:128:6:128:Infinity:undefined:undefined:undefined:undefined":49,"s:128:6:128:Infinity":84,"s:128:18:128:Infinity":85,"s:129:24:129:Infinity":86,"s:130:26:130:Infinity":87,"s:131:18:131:Infinity":88,"b:131:18:131:29:131:29:131:Infinity":50,"s:132:6:132:Infinity":89,"b:132:13:132:40:132:40:132:Infinity":51,"s:136:20:144:Infinity":90,"f:136:20:136:21":31,"s:137:4:143:Infinity":91,"f:137:11:137:12":32,"b:138:6:138:Infinity:undefined:undefined:undefined:undefined":52,"s:138:6:138:Infinity":92,"s:138:18:138:Infinity":93,"s:139:24:139:Infinity":94,"s:140:26:140:Infinity":95,"s:141:18:141:Infinity":96,"b:141:18:141:29:141:29:141:Infinity":53,"s:142:6:142:Infinity":97,"b:142:13:142:40:142:40:142:Infinity":54,"s:146:19:153:Infinity":98,"f:146:19:146:20":33,"s:147:4:152:Infinity":99,"f:147:11:147:12":34,"b:148:6:148:Infinity:undefined:undefined:undefined:undefined":55,"s:148:6:148:Infinity":100,"s:148:17:148:Infinity":101,"s:149:18:149:Infinity":102,"b:149:18:149:29:149:29:149:Infinity":56,"s:150:29:150:Infinity":103,"s:151:6:151:Infinity":104,"b:151:13:151:44:151:44:151:Infinity":57,"s:155:19:161:Infinity":105,"f:155:19:155:20":35,"s:156:4:160:Infinity":106,"f:156:11:156:12":36,"b:157:6:157:Infinity:undefined:undefined:undefined:undefined":58,"s:157:6:157:Infinity":107,"s:157:17:157:Infinity":108,"s:158:18:158:Infinity":109,"b:158:18:158:29:158:29:158:Infinity":59,"s:159:6:159:Infinity":110,"b:159:13:159:49:159:49:159:Infinity":60,"s:164:19:172:Infinity":111,"f:164:19:164:20":37,"s:165:4:170:Infinity":112,"s:166:21:166:Infinity":113,"b:167:6:169:Infinity:undefined:undefined:undefined:undefined":61,"s:167:6:169:Infinity":114,"s:168:8:168:Infinity":115,"s:171:4:171:Infinity":116,"s:175:23:188:Infinity":117,"f:175:23:175:Infinity":38,"s:179:50:179:Infinity":118,"s:181:4:185:Infinity":119,"s:182:25:182:Infinity":120,"s:183:20:183:Infinity":121,"s:184:6:184:Infinity":122,"s:187:4:187:Infinity":123,"s:191:22:193:Infinity":124,"f:191:22:191:23":39,"s:192:4:192:Infinity":125,"f:192:39:192:48":40,"s:192:48:192:62":126,"s:195:2:220:Infinity":127}}}
}
